mode: set
github.com/al-Zamakhshari/maknoon/pkg/maknooncrypto/maknooncrypto.go:24.26,26.2 1 1
github.com/al-Zamakhshari/maknoon/pkg/maknooncrypto/maknooncrypto.go:29.62,33.16 3 1
github.com/al-Zamakhshari/maknoon/pkg/maknooncrypto/maknooncrypto.go:33.16,35.3 1 0
github.com/al-Zamakhshari/maknoon/pkg/maknooncrypto/maknooncrypto.go:37.2,37.36 1 1
github.com/al-Zamakhshari/maknoon/pkg/maknooncrypto/maknooncrypto.go:41.141,43.16 2 1
github.com/al-Zamakhshari/maknoon/pkg/maknooncrypto/maknooncrypto.go:43.16,45.3 1 0
github.com/al-Zamakhshari/maknoon/pkg/maknooncrypto/maknooncrypto.go:46.2,48.30 2 1
github.com/al-Zamakhshari/maknoon/pkg/maknooncrypto/maknooncrypto.go:48.30,50.3 1 0
github.com/al-Zamakhshari/maknoon/pkg/maknooncrypto/maknooncrypto.go:52.2,56.16 3 1
github.com/al-Zamakhshari/maknoon/pkg/maknooncrypto/maknooncrypto.go:56.16,58.3 1 0
github.com/al-Zamakhshari/maknoon/pkg/maknooncrypto/maknooncrypto.go:59.2,60.16 2 1
github.com/al-Zamakhshari/maknoon/pkg/maknooncrypto/maknooncrypto.go:60.16,62.3 1 0
github.com/al-Zamakhshari/maknoon/pkg/maknooncrypto/maknooncrypto.go:65.2,69.20 4 1
github.com/al-Zamakhshari/maknoon/pkg/maknooncrypto/maknooncrypto.go:73.136,79.54 3 1
github.com/al-Zamakhshari/maknoon/pkg/maknooncrypto/maknooncrypto.go:79.54,81.3 1 0
github.com/al-Zamakhshari/maknoon/pkg/maknooncrypto/maknooncrypto.go:83.2,89.16 5 1
github.com/al-Zamakhshari/maknoon/pkg/maknooncrypto/maknooncrypto.go:89.16,91.3 1 0
github.com/al-Zamakhshari/maknoon/pkg/maknooncrypto/maknooncrypto.go:92.2,93.16 2 1
github.com/al-Zamakhshari/maknoon/pkg/maknooncrypto/maknooncrypto.go:93.16,95.3 1 1
github.com/al-Zamakhshari/maknoon/pkg/maknooncrypto/maknooncrypto.go:96.2,98.58 2 1
github.com/al-Zamakhshari/maknoon/pkg/tunnel/adapters.go:19.55,19.85 1 1
github.com/al-Zamakhshari/maknoon/pkg/tunnel/adapters.go:20.55,20.86 1 1
github.com/al-Zamakhshari/maknoon/pkg/tunnel/adapters.go:21.55,21.85 1 1
github.com/al-Zamakhshari/maknoon/pkg/tunnel/adapters.go:22.55,22.87 1 0
github.com/al-Zamakhshari/maknoon/pkg/tunnel/adapters.go:23.55,23.88 1 0
github.com/al-Zamakhshari/maknoon/pkg/tunnel/adapters.go:24.51,28.2 3 0
github.com/al-Zamakhshari/maknoon/pkg/tunnel/adapters.go:29.56,29.97 1 0
github.com/al-Zamakhshari/maknoon/pkg/tunnel/adapters.go:30.56,30.98 1 0
github.com/al-Zamakhshari/maknoon/pkg/tunnel/adapters.go:37.43,39.2 1 0
github.com/al-Zamakhshari/maknoon/pkg/tunnel/adapters.go:40.44,42.2 1 0
github.com/al-Zamakhshari/maknoon/pkg/tunnel/adapters.go:48.42,48.61 1 0
github.com/al-Zamakhshari/maknoon/pkg/tunnel/adapters.go:49.42,49.66 1 0
github.com/al-Zamakhshari/maknoon/pkg/tunnel/adapters.go:56.59,56.99 1 0
github.com/al-Zamakhshari/maknoon/pkg/tunnel/adapters.go:57.59,57.99 1 0
github.com/al-Zamakhshari/maknoon/pkg/tunnel/adapters.go:58.59,58.73 1 0
github.com/al-Zamakhshari/maknoon/pkg/tunnel/adapters.go:59.59,59.73 1 0
github.com/al-Zamakhshari/maknoon/pkg/tunnel/adapters.go:60.59,60.73 1 0
github.com/al-Zamakhshari/maknoon/pkg/tunnel/factory.go:19.137,20.18 1 0
github.com/al-Zamakhshari/maknoon/pkg/tunnel/factory.go:20.18,22.17 2 0
github.com/al-Zamakhshari/maknoon/pkg/tunnel/factory.go:22.17,24.4 1 0
github.com/al-Zamakhshari/maknoon/pkg/tunnel/factory.go:25.3,25.42 1 0
github.com/al-Zamakhshari/maknoon/pkg/tunnel/factory.go:28.2,28.19 1 0
github.com/al-Zamakhshari/maknoon/pkg/tunnel/factory.go:28.19,32.17 4 0
github.com/al-Zamakhshari/maknoon/pkg/tunnel/factory.go:32.17,34.4 1 0
github.com/al-Zamakhshari/maknoon/pkg/tunnel/factory.go:35.3,35.32 1 0
github.com/al-Zamakhshari/maknoon/pkg/tunnel/factory.go:39.2,41.58 3 0
github.com/al-Zamakhshari/maknoon/pkg/tunnel/factory.go:45.111,46.14 1 0
github.com/al-Zamakhshari/maknoon/pkg/tunnel/factory.go:47.13,49.33 2 0
github.com/al-Zamakhshari/maknoon/pkg/tunnel/factory.go:49.33,51.18 2 0
github.com/al-Zamakhshari/maknoon/pkg/tunnel/factory.go:51.18,53.5 1 0
github.com/al-Zamakhshari/maknoon/pkg/tunnel/factory.go:55.3,56.17 2 0
github.com/al-Zamakhshari/maknoon/pkg/tunnel/factory.go:56.17,58.4 1 0
github.com/al-Zamakhshari/maknoon/pkg/tunnel/factory.go:59.3,59.37 1 0
github.com/al-Zamakhshari/maknoon/pkg/tunnel/factory.go:61.15,64.17 3 0
github.com/al-Zamakhshari/maknoon/pkg/tunnel/factory.go:64.17,66.4 1 0
github.com/al-Zamakhshari/maknoon/pkg/tunnel/factory.go:67.3,69.17 3 0
github.com/al-Zamakhshari/maknoon/pkg/tunnel/factory.go:69.17,71.4 1 0
github.com/al-Zamakhshari/maknoon/pkg/tunnel/factory.go:72.3,72.40 1 0
github.com/al-Zamakhshari/maknoon/pkg/tunnel/factory.go:74.10,77.17 3 0
github.com/al-Zamakhshari/maknoon/pkg/tunnel/factory.go:77.17,79.4 1 0
github.com/al-Zamakhshari/maknoon/pkg/tunnel/factory.go:80.3,81.41 2 0
github.com/al-Zamakhshari/maknoon/pkg/tunnel/libp2p.go:32.75,33.27 1 0
github.com/al-Zamakhshari/maknoon/pkg/tunnel/libp2p.go:33.27,37.3 3 0
github.com/al-Zamakhshari/maknoon/pkg/tunnel/libp2p.go:39.2,40.16 2 0
github.com/al-Zamakhshari/maknoon/pkg/tunnel/libp2p.go:40.16,42.3 1 0
github.com/al-Zamakhshari/maknoon/pkg/tunnel/libp2p.go:43.2,43.41 1 0
github.com/al-Zamakhshari/maknoon/pkg/tunnel/libp2p.go:47.39,48.27 1 0
github.com/al-Zamakhshari/maknoon/pkg/tunnel/libp2p.go:48.27,50.3 1 0
github.com/al-Zamakhshari/maknoon/pkg/tunnel/libp2p.go:51.2,51.23 1 0
github.com/al-Zamakhshari/maknoon/pkg/tunnel/libp2p.go:60.55,62.9 2 0
github.com/al-Zamakhshari/maknoon/pkg/tunnel/libp2p.go:62.9,64.3 1 0
github.com/al-Zamakhshari/maknoon/pkg/tunnel/libp2p.go:65.2,65.64 1 0
github.com/al-Zamakhshari/maknoon/pkg/tunnel/libp2p.go:68.42,69.29 1 0
github.com/al-Zamakhshari/maknoon/pkg/tunnel/libp2p.go:69.29,71.3 1 0
github.com/al-Zamakhshari/maknoon/pkg/tunnel/libp2p.go:72.2,72.12 1 0
github.com/al-Zamakhshari/maknoon/pkg/tunnel/libp2p.go:75.40,79.2 3 0
github.com/al-Zamakhshari/maknoon/pkg/tunnel/libp2p.go:82.55,87.61 2 0
github.com/al-Zamakhshari/maknoon/pkg/tunnel/libp2p.go:87.61,89.3 1 0
github.com/al-Zamakhshari/maknoon/pkg/tunnel/libp2p.go:90.2,90.10 1 0
github.com/al-Zamakhshari/maknoon/pkg/tunnel/libp2p.go:94.67,96.16 2 0
github.com/al-Zamakhshari/maknoon/pkg/tunnel/libp2p.go:96.16,98.3 1 0
github.com/al-Zamakhshari/maknoon/pkg/tunnel/libp2p.go:100.2,101.16 2 0
github.com/al-Zamakhshari/maknoon/pkg/tunnel/libp2p.go:101.16,103.3 1 0
github.com/al-Zamakhshari/maknoon/pkg/tunnel/libp2p.go:105.2,121.16 3 0
github.com/al-Zamakhshari/maknoon/pkg/tunnel/libp2p.go:121.16,122.28 1 0
github.com/al-Zamakhshari/maknoon/pkg/tunnel/libp2p.go:122.28,124.18 2 0
github.com/al-Zamakhshari/maknoon/pkg/tunnel/libp2p.go:124.18,125.13 1 0
github.com/al-Zamakhshari/maknoon/pkg/tunnel/libp2p.go:127.4,127.31 1 0
github.com/al-Zamakhshari/maknoon/pkg/tunnel/libp2p.go:127.31,129.29 2 0
github.com/al-Zamakhshari/maknoon/pkg/tunnel/libp2p.go:130.21,131.15 1 0
github.com/al-Zamakhshari/maknoon/pkg/tunnel/libp2p.go:132.22,133.15 1 0
github.com/al-Zamakhshari/maknoon/pkg/tunnel/libp2p.go:135.5,135.37 1 0
github.com/al-Zamakhshari/maknoon/pkg/tunnel/libp2p.go:135.37,136.14 1 0
github.com/al-Zamakhshari/maknoon/pkg/tunnel/libp2p.go:138.5,138.24 1 0
github.com/al-Zamakhshari/maknoon/pkg/tunnel/libp2p.go:138.24,143.6 1 0
github.com/al-Zamakhshari/maknoon/pkg/tunnel/libp2p.go:148.2,150.28 2 0
github.com/al-Zamakhshari/maknoon/pkg/tunnel/libp2p.go:154.94,156.16 2 0
github.com/al-Zamakhshari/maknoon/pkg/tunnel/libp2p.go:156.16,158.3 1 0
github.com/al-Zamakhshari/maknoon/pkg/tunnel/libp2p.go:160.2,161.16 2 0
github.com/al-Zamakhshari/maknoon/pkg/tunnel/libp2p.go:161.16,163.3 1 0
github.com/al-Zamakhshari/maknoon/pkg/tunnel/libp2p.go:165.2,165.46 1 0
github.com/al-Zamakhshari/maknoon/pkg/tunnel/libp2p.go:165.46,167.3 1 0
github.com/al-Zamakhshari/maknoon/pkg/tunnel/libp2p.go:169.2,172.8 1 0
github.com/al-Zamakhshari/maknoon/pkg/tunnel/memory.go:20.36,23.28 1 1
github.com/al-Zamakhshari/maknoon/pkg/tunnel/memory.go:23.28,26.5 1 1
github.com/al-Zamakhshari/maknoon/pkg/tunnel/memory.go:32.52,34.2 1 1
github.com/al-Zamakhshari/maknoon/pkg/tunnel/memory.go:37.53,38.14 1 1
github.com/al-Zamakhshari/maknoon/pkg/tunnel/memory.go:38.14,40.3 1 0
github.com/al-Zamakhshari/maknoon/pkg/tunnel/memory.go:42.2,43.15 2 1
github.com/al-Zamakhshari/maknoon/pkg/tunnel/mux.go:18.74,20.2 1 0
github.com/al-Zamakhshari/maknoon/pkg/tunnel/mux.go:22.38,24.18 2 0
github.com/al-Zamakhshari/maknoon/pkg/tunnel/mux.go:24.18,26.3 1 0
github.com/al-Zamakhshari/maknoon/pkg/tunnel/mux.go:27.2,27.12 1 0
github.com/al-Zamakhshari/maknoon/pkg/tunnel/mux.go:35.52,37.16 2 0
github.com/al-Zamakhshari/maknoon/pkg/tunnel/mux.go:37.16,39.3 1 0
github.com/al-Zamakhshari/maknoon/pkg/tunnel/mux.go:40.2,40.30 1 0
github.com/al-Zamakhshari/maknoon/pkg/tunnel/mux.go:43.39,45.2 1 0
github.com/al-Zamakhshari/maknoon/pkg/tunnel/mux.go:47.37,49.2 1 0
github.com/al-Zamakhshari/maknoon/pkg/tunnel/mux.go:52.81,60.14 6 0
github.com/al-Zamakhshari/maknoon/pkg/tunnel/mux.go:60.14,62.3 1 0
github.com/al-Zamakhshari/maknoon/pkg/tunnel/mux.go:62.8,64.3 1 0
github.com/al-Zamakhshari/maknoon/pkg/tunnel/mux.go:66.2,66.16 1 0
github.com/al-Zamakhshari/maknoon/pkg/tunnel/mux.go:66.16,68.3 1 0
github.com/al-Zamakhshari/maknoon/pkg/tunnel/mux.go:70.2,70.58 1 0
github.com/al-Zamakhshari/maknoon/pkg/tunnel/proxy.go:21.39,23.16 2 1
github.com/al-Zamakhshari/maknoon/pkg/tunnel/proxy.go:23.16,25.3 1 1
github.com/al-Zamakhshari/maknoon/pkg/tunnel/proxy.go:26.2,27.16 2 1
github.com/al-Zamakhshari/maknoon/pkg/tunnel/proxy.go:27.16,29.3 1 0
github.com/al-Zamakhshari/maknoon/pkg/tunnel/proxy.go:30.2,34.17 3 1
github.com/al-Zamakhshari/maknoon/pkg/tunnel/proxy.go:34.17,37.3 2 1
github.com/al-Zamakhshari/maknoon/pkg/tunnel/proxy.go:39.2,39.12 1 1
github.com/al-Zamakhshari/maknoon/pkg/tunnel/proxy.go:39.12,40.7 1 1
github.com/al-Zamakhshari/maknoon/pkg/tunnel/proxy.go:40.7,42.18 2 1
github.com/al-Zamakhshari/maknoon/pkg/tunnel/proxy.go:42.18,45.5 2 1
github.com/al-Zamakhshari/maknoon/pkg/tunnel/proxy.go:46.4,47.31 2 1
github.com/al-Zamakhshari/maknoon/pkg/tunnel/proxy.go:51.2,51.12 1 1
github.com/al-Zamakhshari/maknoon/pkg/tunnel/proxy.go:54.57,61.72 4 1
github.com/al-Zamakhshari/maknoon/pkg/tunnel/proxy.go:61.72,64.3 2 0
github.com/al-Zamakhshari/maknoon/pkg/tunnel/proxy.go:65.2,66.61 2 1
github.com/al-Zamakhshari/maknoon/pkg/tunnel/proxy.go:66.61,69.3 2 0
github.com/al-Zamakhshari/maknoon/pkg/tunnel/proxy.go:70.2,75.25 3 1
github.com/al-Zamakhshari/maknoon/pkg/tunnel/proxy.go:75.25,77.3 1 1
github.com/al-Zamakhshari/maknoon/pkg/tunnel/proxy.go:79.2,80.16 2 1
github.com/al-Zamakhshari/maknoon/pkg/tunnel/proxy.go:80.16,83.3 2 0
github.com/al-Zamakhshari/maknoon/pkg/tunnel/proxy.go:84.2,84.20 1 1
github.com/al-Zamakhshari/maknoon/pkg/tunnel/proxy.go:84.20,87.3 2 0
github.com/al-Zamakhshari/maknoon/pkg/tunnel/proxy.go:88.2,88.20 1 1
github.com/al-Zamakhshari/maknoon/pkg/tunnel/proxy.go:88.20,91.3 2 0
github.com/al-Zamakhshari/maknoon/pkg/tunnel/proxy.go:93.2,94.16 2 1
github.com/al-Zamakhshari/maknoon/pkg/tunnel/proxy.go:95.12,97.37 2 0
github.com/al-Zamakhshari/maknoon/pkg/tunnel/proxy.go:98.12,102.31 4 1
github.com/al-Zamakhshari/maknoon/pkg/tunnel/proxy.go:103.12,105.38 2 0
github.com/al-Zamakhshari/maknoon/pkg/tunnel/proxy.go:106.10,108.9 2 0
github.com/al-Zamakhshari/maknoon/pkg/tunnel/proxy.go:110.2,117.16 6 1
github.com/al-Zamakhshari/maknoon/pkg/tunnel/proxy.go:117.16,121.3 3 0
github.com/al-Zamakhshari/maknoon/pkg/tunnel/proxy.go:122.2,124.65 2 1
github.com/al-Zamakhshari/maknoon/pkg/tunnel/proxy.go:124.65,127.3 2 0
github.com/al-Zamakhshari/maknoon/pkg/tunnel/proxy.go:128.2,128.54 1 1
github.com/al-Zamakhshari/maknoon/pkg/tunnel/proxy.go:128.54,131.3 2 0
github.com/al-Zamakhshari/maknoon/pkg/tunnel/proxy.go:133.2,136.65 2 1
github.com/al-Zamakhshari/maknoon/pkg/tunnel/proxy.go:136.65,141.7 3 1
github.com/al-Zamakhshari/maknoon/pkg/tunnel/proxy.go:141.7,143.13 2 1
github.com/al-Zamakhshari/maknoon/pkg/tunnel/proxy.go:143.13,144.58 1 1
github.com/al-Zamakhshari/maknoon/pkg/tunnel/proxy.go:144.58,145.11 1 0
github.com/al-Zamakhshari/maknoon/pkg/tunnel/proxy.go:148.4,148.18 1 1
github.com/al-Zamakhshari/maknoon/pkg/tunnel/proxy.go:148.18,149.10 1 1
github.com/al-Zamakhshari/maknoon/pkg/tunnel/proxy.go:152.3,152.21 1 1
github.com/al-Zamakhshari/maknoon/pkg/tunnel/proxy.go:155.2,158.8 4 1
github.com/al-Zamakhshari/maknoon/pkg/tunnel/proxy.go:162.38,163.17 1 1
github.com/al-Zamakhshari/maknoon/pkg/tunnel/proxy.go:163.17,165.3 1 1
github.com/al-Zamakhshari/maknoon/pkg/tunnel/proxy.go:166.2,166.12 1 0
github.com/al-Zamakhshari/maknoon/pkg/tunnel/server.go:19.52,23.2 1 0
github.com/al-Zamakhshari/maknoon/pkg/tunnel/server.go:26.38,29.2 2 0
github.com/al-Zamakhshari/maknoon/pkg/tunnel/server.go:32.73,35.6 2 0
github.com/al-Zamakhshari/maknoon/pkg/tunnel/server.go:35.6,37.17 2 0
github.com/al-Zamakhshari/maknoon/pkg/tunnel/server.go:37.17,39.4 1 0
github.com/al-Zamakhshari/maknoon/pkg/tunnel/server.go:40.3,40.32 1 0
github.com/al-Zamakhshari/maknoon/pkg/tunnel/server.go:44.76,49.67 2 0
github.com/al-Zamakhshari/maknoon/pkg/tunnel/server.go:49.67,53.3 3 0
github.com/al-Zamakhshari/maknoon/pkg/tunnel/server.go:55.2,55.6 1 0
github.com/al-Zamakhshari/maknoon/pkg/tunnel/server.go:55.6,57.17 2 0
github.com/al-Zamakhshari/maknoon/pkg/tunnel/server.go:57.17,59.4 1 0
github.com/al-Zamakhshari/maknoon/pkg/tunnel/server.go:60.3,60.28 1 0
github.com/al-Zamakhshari/maknoon/pkg/tunnel/server.go:64.54,71.63 4 0
github.com/al-Zamakhshari/maknoon/pkg/tunnel/server.go:71.63,74.3 2 0
github.com/al-Zamakhshari/maknoon/pkg/tunnel/server.go:75.2,77.69 2 0
github.com/al-Zamakhshari/maknoon/pkg/tunnel/server.go:77.69,80.3 2 0
github.com/al-Zamakhshari/maknoon/pkg/tunnel/server.go:81.2,87.16 4 0
github.com/al-Zamakhshari/maknoon/pkg/tunnel/server.go:87.16,90.3 2 0
github.com/al-Zamakhshari/maknoon/pkg/tunnel/server.go:91.2,96.12 3 0
github.com/al-Zamakhshari/maknoon/pkg/tunnel/server.go:96.12,101.3 4 0
github.com/al-Zamakhshari/maknoon/pkg/tunnel/server.go:103.2,103.12 1 0
github.com/al-Zamakhshari/maknoon/pkg/tunnel/server.go:103.12,108.3 4 0
github.com/al-Zamakhshari/maknoon/pkg/tunnel/server.go:110.2,110.8 1 0
github.com/al-Zamakhshari/maknoon/pkg/tunnel/transport.go:28.53,30.16 2 0
github.com/al-Zamakhshari/maknoon/pkg/tunnel/transport.go:30.16,32.3 1 0
github.com/al-Zamakhshari/maknoon/pkg/tunnel/transport.go:33.2,33.40 1 0
github.com/al-Zamakhshari/maknoon/pkg/tunnel/transport.go:36.40,38.2 1 0
github.com/al-Zamakhshari/maknoon/pkg/tunnel/transport.go:40.38,42.2 1 0
github.com/al-Zamakhshari/maknoon/pkg/tunnel/transport.go:45.92,47.2 1 1
github.com/al-Zamakhshari/maknoon/pkg/tunnel/transport.go:50.122,52.28 1 1
github.com/al-Zamakhshari/maknoon/pkg/tunnel/transport.go:52.28,54.3 1 0
github.com/al-Zamakhshari/maknoon/pkg/tunnel/transport.go:56.2,67.18 4 1
github.com/al-Zamakhshari/maknoon/pkg/tunnel/transport.go:67.18,69.3 1 0
github.com/al-Zamakhshari/maknoon/pkg/tunnel/transport.go:69.8,71.3 1 1
github.com/al-Zamakhshari/maknoon/pkg/tunnel/transport.go:73.2,73.16 1 1
github.com/al-Zamakhshari/maknoon/pkg/tunnel/transport.go:73.16,75.3 1 0
github.com/al-Zamakhshari/maknoon/pkg/tunnel/transport.go:77.2,77.41 1 1
github.com/al-Zamakhshari/maknoon/pkg/tunnel/transport.go:81.57,84.16 2 0
github.com/al-Zamakhshari/maknoon/pkg/tunnel/transport.go:84.16,86.3 1 0
github.com/al-Zamakhshari/maknoon/pkg/tunnel/transport.go:88.2,103.16 3 0
github.com/al-Zamakhshari/maknoon/pkg/tunnel/transport.go:103.16,105.3 1 0
github.com/al-Zamakhshari/maknoon/pkg/tunnel/transport.go:107.2,110.8 1 0
github.com/al-Zamakhshari/maknoon/pkg/tunnel/transport.go:114.33,124.2 1 1
github.com/al-Zamakhshari/maknoon/pkg/tunnel/transport.go:127.109,129.2 1 1
github.com/al-Zamakhshari/maknoon/pkg/tunnel/transport.go:132.139,134.28 1 1
github.com/al-Zamakhshari/maknoon/pkg/tunnel/transport.go:134.28,136.3 1 0
github.com/al-Zamakhshari/maknoon/pkg/tunnel/transport.go:138.2,149.18 4 1
github.com/al-Zamakhshari/maknoon/pkg/tunnel/transport.go:149.18,152.18 2 0
github.com/al-Zamakhshari/maknoon/pkg/tunnel/transport.go:152.18,156.4 1 0
github.com/al-Zamakhshari/maknoon/pkg/tunnel/transport.go:157.3,157.61 1 0
github.com/al-Zamakhshari/maknoon/pkg/tunnel/transport.go:158.8,161.3 1 1
github.com/al-Zamakhshari/maknoon/pkg/tunnel/transport.go:163.2,163.16 1 1
github.com/al-Zamakhshari/maknoon/pkg/tunnel/transport.go:163.16,165.3 1 0
github.com/al-Zamakhshari/maknoon/pkg/tunnel/transport.go:167.2,167.40 1 1
github.com/al-Zamakhshari/maknoon/pkg/tunnel/transport.go:171.72,173.16 2 1
github.com/al-Zamakhshari/maknoon/pkg/tunnel/transport.go:173.16,175.3 1 0
github.com/al-Zamakhshari/maknoon/pkg/tunnel/transport.go:176.2,176.62 1 1
github.com/al-Zamakhshari/maknoon/pkg/tunnel/transport.go:180.36,182.2 1 1
github.com/al-Zamakhshari/maknoon/cmd/maknoon/main.go:14.13,15.47 1 0
github.com/al-Zamakhshari/maknoon/cmd/maknoon/main.go:15.47,17.3 1 0
github.com/al-Zamakhshari/maknoon/cmd/maknoon/main.go:20.34,28.65 1 0
github.com/al-Zamakhshari/maknoon/cmd/maknoon/main.go:28.65,36.48 4 0
github.com/al-Zamakhshari/maknoon/cmd/maknoon/main.go:36.48,38.5 1 0
github.com/al-Zamakhshari/maknoon/cmd/maknoon/main.go:41.4,41.69 1 0
github.com/al-Zamakhshari/maknoon/cmd/maknoon/main.go:41.69,44.5 2 0
github.com/al-Zamakhshari/maknoon/cmd/maknoon/main.go:45.4,47.14 2 0
github.com/al-Zamakhshari/maknoon/cmd/maknoon/main.go:51.2,63.55 8 0
github.com/al-Zamakhshari/maknoon/cmd/maknoon/main.go:63.55,66.3 2 0
github.com/al-Zamakhshari/maknoon/cmd/maknoon/main.go:69.2,108.16 32 0
github.com/al-Zamakhshari/maknoon/cmd/maknoon/commands/audit.go:7.32,15.2 3 0
github.com/al-Zamakhshari/maknoon/cmd/maknoon/commands/audit.go:17.38,21.55 1 0
github.com/al-Zamakhshari/maknoon/cmd/maknoon/commands/audit.go:21.55,24.18 3 0
github.com/al-Zamakhshari/maknoon/cmd/maknoon/commands/audit.go:24.18,27.5 2 0
github.com/al-Zamakhshari/maknoon/cmd/maknoon/commands/audit.go:28.4,29.14 2 0
github.com/al-Zamakhshari/maknoon/cmd/maknoon/commands/audit.go:32.2,32.12 1 0
github.com/al-Zamakhshari/maknoon/cmd/maknoon/commands/call.go:19.31,31.55 4 0
github.com/al-Zamakhshari/maknoon/cmd/maknoon/commands/call.go:31.55,36.21 4 0
github.com/al-Zamakhshari/maknoon/cmd/maknoon/commands/call.go:36.21,37.71 1 0
github.com/al-Zamakhshari/maknoon/cmd/maknoon/commands/call.go:37.71,39.6 1 0
github.com/al-Zamakhshari/maknoon/cmd/maknoon/commands/call.go:43.4,44.89 2 0
github.com/al-Zamakhshari/maknoon/cmd/maknoon/commands/call.go:44.89,46.5 1 0
github.com/al-Zamakhshari/maknoon/cmd/maknoon/commands/call.go:47.4,47.43 1 0
github.com/al-Zamakhshari/maknoon/cmd/maknoon/commands/call.go:47.43,49.5 1 0
github.com/al-Zamakhshari/maknoon/cmd/maknoon/commands/call.go:52.4,67.30 3 0
github.com/al-Zamakhshari/maknoon/cmd/maknoon/commands/call.go:67.30,69.5 1 0
github.com/al-Zamakhshari/maknoon/cmd/maknoon/commands/call.go:70.4,71.18 2 0
github.com/al-Zamakhshari/maknoon/cmd/maknoon/commands/call.go:71.18,73.5 1 0
github.com/al-Zamakhshari/maknoon/cmd/maknoon/commands/call.go:74.4,77.30 2 0
github.com/al-Zamakhshari/maknoon/cmd/maknoon/commands/call.go:77.30,79.5 1 0
github.com/al-Zamakhshari/maknoon/cmd/maknoon/commands/call.go:80.4,80.47 1 0
github.com/al-Zamakhshari/maknoon/cmd/maknoon/commands/call.go:80.47,82.5 1 0
github.com/al-Zamakhshari/maknoon/cmd/maknoon/commands/call.go:85.4,94.30 2 0
github.com/al-Zamakhshari/maknoon/cmd/maknoon/commands/call.go:94.30,96.5 1 0
github.com/al-Zamakhshari/maknoon/cmd/maknoon/commands/call.go:97.4,97.64 1 0
github.com/al-Zamakhshari/maknoon/cmd/maknoon/commands/call.go:97.64,99.5 1 0
github.com/al-Zamakhshari/maknoon/cmd/maknoon/commands/call.go:102.4,108.30 2 0
github.com/al-Zamakhshari/maknoon/cmd/maknoon/commands/call.go:108.30,110.5 1 0
github.com/al-Zamakhshari/maknoon/cmd/maknoon/commands/call.go:112.4,113.18 2 0
github.com/al-Zamakhshari/maknoon/cmd/maknoon/commands/call.go:113.18,115.5 1 0
github.com/al-Zamakhshari/maknoon/cmd/maknoon/commands/call.go:118.4,120.29 3 0
github.com/al-Zamakhshari/maknoon/cmd/maknoon/commands/call.go:124.2,127.12 4 0
github.com/al-Zamakhshari/maknoon/cmd/maknoon/commands/chat.go:18.31,24.55 1 0
github.com/al-Zamakhshari/maknoon/cmd/maknoon/commands/chat.go:24.55,26.4 1 0
github.com/al-Zamakhshari/maknoon/cmd/maknoon/commands/chat.go:29.2,31.12 2 0
github.com/al-Zamakhshari/maknoon/cmd/maknoon/commands/chat.go:36.40,42.19 5 0
github.com/al-Zamakhshari/maknoon/cmd/maknoon/commands/chat.go:42.19,44.3 1 0
github.com/al-Zamakhshari/maknoon/cmd/maknoon/commands/chat.go:46.2,47.16 2 0
github.com/al-Zamakhshari/maknoon/cmd/maknoon/commands/chat.go:47.16,50.3 2 0
github.com/al-Zamakhshari/maknoon/cmd/maknoon/commands/chat.go:52.2,60.12 2 0
github.com/al-Zamakhshari/maknoon/cmd/maknoon/commands/chat.go:60.12,62.22 2 0
github.com/al-Zamakhshari/maknoon/cmd/maknoon/commands/chat.go:62.22,64.64 2 0
github.com/al-Zamakhshari/maknoon/cmd/maknoon/commands/chat.go:64.64,65.13 1 0
github.com/al-Zamakhshari/maknoon/cmd/maknoon/commands/chat.go:67.4,67.61 1 0
github.com/al-Zamakhshari/maknoon/cmd/maknoon/commands/chat.go:67.61,68.45 1 0
github.com/al-Zamakhshari/maknoon/cmd/maknoon/commands/chat.go:68.45,70.6 1 0
github.com/al-Zamakhshari/maknoon/cmd/maknoon/commands/chat.go:71.10,71.31 1 0
github.com/al-Zamakhshari/maknoon/cmd/maknoon/commands/chat.go:71.31,74.5 2 0
github.com/al-Zamakhshari/maknoon/cmd/maknoon/commands/chat.go:79.2,79.30 1 0
github.com/al-Zamakhshari/maknoon/cmd/maknoon/commands/chat.go:79.30,81.3 1 0
github.com/al-Zamakhshari/maknoon/cmd/maknoon/commands/chat.go:83.2,83.12 1 0
github.com/al-Zamakhshari/maknoon/cmd/maknoon/commands/config.go:12.33,23.2 5 1
github.com/al-Zamakhshari/maknoon/cmd/maknoon/commands/config.go:25.37,29.55 1 1
github.com/al-Zamakhshari/maknoon/cmd/maknoon/commands/config.go:29.55,32.18 3 0
github.com/al-Zamakhshari/maknoon/cmd/maknoon/commands/config.go:32.18,34.5 1 0
github.com/al-Zamakhshari/maknoon/cmd/maknoon/commands/config.go:36.4,36.18 1 0
github.com/al-Zamakhshari/maknoon/cmd/maknoon/commands/config.go:36.18,38.5 1 0
github.com/al-Zamakhshari/maknoon/cmd/maknoon/commands/config.go:38.10,63.5 24 0
github.com/al-Zamakhshari/maknoon/cmd/maknoon/commands/config.go:64.4,64.14 1 0
github.com/al-Zamakhshari/maknoon/cmd/maknoon/commands/config.go:69.36,91.55 1 1
github.com/al-Zamakhshari/maknoon/cmd/maknoon/commands/config.go:91.55,98.15 5 1
github.com/al-Zamakhshari/maknoon/cmd/maknoon/commands/config.go:99.28,100.31 1 0
github.com/al-Zamakhshari/maknoon/cmd/maknoon/commands/config.go:101.25,103.40 2 0
github.com/al-Zamakhshari/maknoon/cmd/maknoon/commands/config.go:104.27,106.42 2 0
github.com/al-Zamakhshari/maknoon/cmd/maknoon/commands/config.go:107.28,109.42 2 0
github.com/al-Zamakhshari/maknoon/cmd/maknoon/commands/config.go:110.28,112.37 2 1
github.com/al-Zamakhshari/maknoon/cmd/maknoon/commands/config.go:113.24,114.54 1 0
github.com/al-Zamakhshari/maknoon/cmd/maknoon/commands/config.go:115.28,117.45 2 0
github.com/al-Zamakhshari/maknoon/cmd/maknoon/commands/config.go:118.29,120.36 2 0
github.com/al-Zamakhshari/maknoon/cmd/maknoon/commands/config.go:121.30,123.49 2 0
github.com/al-Zamakhshari/maknoon/cmd/maknoon/commands/config.go:123.49,125.6 1 0
github.com/al-Zamakhshari/maknoon/cmd/maknoon/commands/config.go:126.24,128.38 2 0
github.com/al-Zamakhshari/maknoon/cmd/maknoon/commands/config.go:128.38,130.6 1 0
github.com/al-Zamakhshari/maknoon/cmd/maknoon/commands/config.go:131.26,132.49 1 0
github.com/al-Zamakhshari/maknoon/cmd/maknoon/commands/config.go:133.25,134.41 1 0
github.com/al-Zamakhshari/maknoon/cmd/maknoon/commands/config.go:135.25,136.29 1 0
github.com/al-Zamakhshari/maknoon/cmd/maknoon/commands/config.go:137.22,138.29 1 0
github.com/al-Zamakhshari/maknoon/cmd/maknoon/commands/config.go:139.24,140.31 1 0
github.com/al-Zamakhshari/maknoon/cmd/maknoon/commands/config.go:141.12,142.60 1 0
github.com/al-Zamakhshari/maknoon/cmd/maknoon/commands/config.go:145.4,145.71 1 1
github.com/al-Zamakhshari/maknoon/cmd/maknoon/commands/config.go:145.71,147.5 1 0
github.com/al-Zamakhshari/maknoon/cmd/maknoon/commands/config.go:149.4,149.18 1 1
github.com/al-Zamakhshari/maknoon/cmd/maknoon/commands/config.go:149.18,151.5 1 1
github.com/al-Zamakhshari/maknoon/cmd/maknoon/commands/config.go:151.10,153.5 1 0
github.com/al-Zamakhshari/maknoon/cmd/maknoon/commands/config.go:154.4,154.14 1 1
github.com/al-Zamakhshari/maknoon/cmd/maknoon/commands/config.go:159.37,163.55 1 1
github.com/al-Zamakhshari/maknoon/cmd/maknoon/commands/config.go:163.55,166.71 3 0
github.com/al-Zamakhshari/maknoon/cmd/maknoon/commands/config.go:166.71,168.5 1 0
github.com/al-Zamakhshari/maknoon/cmd/maknoon/commands/config.go:170.4,170.18 1 0
github.com/al-Zamakhshari/maknoon/cmd/maknoon/commands/config.go:170.18,172.5 1 0
github.com/al-Zamakhshari/maknoon/cmd/maknoon/commands/config.go:172.10,174.5 1 0
github.com/al-Zamakhshari/maknoon/cmd/maknoon/commands/config.go:175.4,175.14 1 0
github.com/al-Zamakhshari/maknoon/cmd/maknoon/commands/contacts.go:12.34,25.2 6 1
github.com/al-Zamakhshari/maknoon/cmd/maknoon/commands/contacts.go:27.37,33.53 2 1
github.com/al-Zamakhshari/maknoon/cmd/maknoon/commands/contacts.go:33.53,36.40 3 0
github.com/al-Zamakhshari/maknoon/cmd/maknoon/commands/contacts.go:36.40,38.5 1 0
github.com/al-Zamakhshari/maknoon/cmd/maknoon/commands/contacts.go:40.4,40.24 1 0
github.com/al-Zamakhshari/maknoon/cmd/maknoon/commands/contacts.go:40.24,42.5 1 0
github.com/al-Zamakhshari/maknoon/cmd/maknoon/commands/contacts.go:44.4,45.18 2 0
github.com/al-Zamakhshari/maknoon/cmd/maknoon/commands/contacts.go:45.18,47.5 1 0
github.com/al-Zamakhshari/maknoon/cmd/maknoon/commands/contacts.go:49.4,50.24 2 0
github.com/al-Zamakhshari/maknoon/cmd/maknoon/commands/contacts.go:50.24,52.19 2 0
github.com/al-Zamakhshari/maknoon/cmd/maknoon/commands/contacts.go:52.19,54.6 1 0
github.com/al-Zamakhshari/maknoon/cmd/maknoon/commands/contacts.go:57.4,58.18 2 0
github.com/al-Zamakhshari/maknoon/cmd/maknoon/commands/contacts.go:58.18,61.5 2 0
github.com/al-Zamakhshari/maknoon/cmd/maknoon/commands/contacts.go:63.4,63.29 1 0
github.com/al-Zamakhshari/maknoon/cmd/maknoon/commands/contacts.go:63.29,65.5 1 0
github.com/al-Zamakhshari/maknoon/cmd/maknoon/commands/contacts.go:65.10,67.5 1 0
github.com/al-Zamakhshari/maknoon/cmd/maknoon/commands/contacts.go:68.4,68.14 1 0
github.com/al-Zamakhshari/maknoon/cmd/maknoon/commands/contacts.go:72.2,77.12 5 1
github.com/al-Zamakhshari/maknoon/cmd/maknoon/commands/contacts.go:80.38,84.50 1 1
github.com/al-Zamakhshari/maknoon/cmd/maknoon/commands/contacts.go:84.50,87.18 3 0
github.com/al-Zamakhshari/maknoon/cmd/maknoon/commands/contacts.go:87.18,90.5 2 0
github.com/al-Zamakhshari/maknoon/cmd/maknoon/commands/contacts.go:92.4,92.29 1 0
github.com/al-Zamakhshari/maknoon/cmd/maknoon/commands/contacts.go:92.29,94.5 1 0
github.com/al-Zamakhshari/maknoon/cmd/maknoon/commands/contacts.go:94.10,95.27 1 0
github.com/al-Zamakhshari/maknoon/cmd/maknoon/commands/contacts.go:95.27,98.6 2 0
github.com/al-Zamakhshari/maknoon/cmd/maknoon/commands/contacts.go:99.5,101.32 3 0
github.com/al-Zamakhshari/maknoon/cmd/maknoon/commands/contacts.go:101.32,103.6 1 0
github.com/al-Zamakhshari/maknoon/cmd/maknoon/commands/contacts.go:105.4,105.14 1 0
github.com/al-Zamakhshari/maknoon/cmd/maknoon/commands/contacts.go:108.2,108.12 1 1
github.com/al-Zamakhshari/maknoon/cmd/maknoon/commands/contacts.go:111.40,116.53 1 1
github.com/al-Zamakhshari/maknoon/cmd/maknoon/commands/contacts.go:116.53,119.40 3 0
github.com/al-Zamakhshari/maknoon/cmd/maknoon/commands/contacts.go:119.40,121.5 1 0
github.com/al-Zamakhshari/maknoon/cmd/maknoon/commands/contacts.go:123.4,123.75 1 0
github.com/al-Zamakhshari/maknoon/cmd/maknoon/commands/contacts.go:123.75,126.5 2 0
github.com/al-Zamakhshari/maknoon/cmd/maknoon/commands/contacts.go:128.4,128.29 1 0
github.com/al-Zamakhshari/maknoon/cmd/maknoon/commands/contacts.go:128.29,130.5 1 0
github.com/al-Zamakhshari/maknoon/cmd/maknoon/commands/contacts.go:130.10,132.5 1 0
github.com/al-Zamakhshari/maknoon/cmd/maknoon/commands/contacts.go:133.4,133.14 1 0
github.com/al-Zamakhshari/maknoon/cmd/maknoon/commands/contacts.go:136.2,136.12 1 1
github.com/al-Zamakhshari/maknoon/cmd/maknoon/commands/decrypt.go:17.34,35.55 13 1
github.com/al-Zamakhshari/maknoon/cmd/maknoon/commands/decrypt.go:35.55,39.18 4 1
github.com/al-Zamakhshari/maknoon/cmd/maknoon/commands/decrypt.go:39.18,42.5 2 1
github.com/al-Zamakhshari/maknoon/cmd/maknoon/commands/decrypt.go:43.4,43.34 1 1
github.com/al-Zamakhshari/maknoon/cmd/maknoon/commands/decrypt.go:43.34,44.18 1 1
github.com/al-Zamakhshari/maknoon/cmd/maknoon/commands/decrypt.go:44.18,44.35 1 1
github.com/al-Zamakhshari/maknoon/cmd/maknoon/commands/decrypt.go:47.4,47.25 1 1
github.com/al-Zamakhshari/maknoon/cmd/maknoon/commands/decrypt.go:47.25,48.87 1 0
github.com/al-Zamakhshari/maknoon/cmd/maknoon/commands/decrypt.go:48.87,51.6 2 0
github.com/al-Zamakhshari/maknoon/cmd/maknoon/commands/decrypt.go:55.4,59.15 4 1
github.com/al-Zamakhshari/maknoon/cmd/maknoon/commands/decrypt.go:59.15,61.54 2 1
github.com/al-Zamakhshari/maknoon/cmd/maknoon/commands/decrypt.go:61.54,65.6 3 0
github.com/al-Zamakhshari/maknoon/cmd/maknoon/commands/decrypt.go:66.5,70.74 3 1
github.com/al-Zamakhshari/maknoon/cmd/maknoon/commands/decrypt.go:70.74,72.6 1 0
github.com/al-Zamakhshari/maknoon/cmd/maknoon/commands/decrypt.go:72.11,74.6 1 1
github.com/al-Zamakhshari/maknoon/cmd/maknoon/commands/decrypt.go:75.10,77.54 2 1
github.com/al-Zamakhshari/maknoon/cmd/maknoon/commands/decrypt.go:77.54,81.6 3 0
github.com/al-Zamakhshari/maknoon/cmd/maknoon/commands/decrypt.go:82.5,85.22 3 1
github.com/al-Zamakhshari/maknoon/cmd/maknoon/commands/decrypt.go:89.4,90.18 2 1
github.com/al-Zamakhshari/maknoon/cmd/maknoon/commands/decrypt.go:90.18,93.5 2 0
github.com/al-Zamakhshari/maknoon/cmd/maknoon/commands/decrypt.go:96.4,97.36 2 1
github.com/al-Zamakhshari/maknoon/cmd/maknoon/commands/decrypt.go:97.36,99.33 2 0
github.com/al-Zamakhshari/maknoon/cmd/maknoon/commands/decrypt.go:99.33,103.6 3 0
github.com/al-Zamakhshari/maknoon/cmd/maknoon/commands/decrypt.go:104.5,105.19 2 0
github.com/al-Zamakhshari/maknoon/cmd/maknoon/commands/decrypt.go:105.19,109.6 3 0
github.com/al-Zamakhshari/maknoon/cmd/maknoon/commands/decrypt.go:110.5,110.19 1 0
github.com/al-Zamakhshari/maknoon/cmd/maknoon/commands/decrypt.go:114.4,114.17 1 1
github.com/al-Zamakhshari/maknoon/cmd/maknoon/commands/decrypt.go:114.17,115.26 1 1
github.com/al-Zamakhshari/maknoon/cmd/maknoon/commands/decrypt.go:115.26,117.6 1 1
github.com/al-Zamakhshari/maknoon/cmd/maknoon/commands/decrypt.go:118.5,118.40 1 1
github.com/al-Zamakhshari/maknoon/cmd/maknoon/commands/decrypt.go:118.40,121.6 2 1
github.com/al-Zamakhshari/maknoon/cmd/maknoon/commands/decrypt.go:125.4,126.18 2 1
github.com/al-Zamakhshari/maknoon/cmd/maknoon/commands/decrypt.go:126.18,129.5 2 0
github.com/al-Zamakhshari/maknoon/cmd/maknoon/commands/decrypt.go:131.4,131.36 1 1
github.com/al-Zamakhshari/maknoon/cmd/maknoon/commands/decrypt.go:131.36,132.47 1 1
github.com/al-Zamakhshari/maknoon/cmd/maknoon/commands/decrypt.go:132.47,136.6 3 1
github.com/al-Zamakhshari/maknoon/cmd/maknoon/commands/decrypt.go:140.4,149.42 3 1
github.com/al-Zamakhshari/maknoon/cmd/maknoon/commands/decrypt.go:149.42,151.5 1 1
github.com/al-Zamakhshari/maknoon/cmd/maknoon/commands/decrypt.go:152.4,152.38 1 1
github.com/al-Zamakhshari/maknoon/cmd/maknoon/commands/decrypt.go:152.38,154.5 1 0
github.com/al-Zamakhshari/maknoon/cmd/maknoon/commands/decrypt.go:155.4,155.38 1 1
github.com/al-Zamakhshari/maknoon/cmd/maknoon/commands/decrypt.go:155.38,157.5 1 1
github.com/al-Zamakhshari/maknoon/cmd/maknoon/commands/decrypt.go:159.4,160.14 2 1
github.com/al-Zamakhshari/maknoon/cmd/maknoon/commands/decrypt.go:160.14,163.5 2 1
github.com/al-Zamakhshari/maknoon/cmd/maknoon/commands/decrypt.go:165.4,165.22 1 1
github.com/al-Zamakhshari/maknoon/cmd/maknoon/commands/decrypt.go:165.22,170.18 3 0
github.com/al-Zamakhshari/maknoon/cmd/maknoon/commands/decrypt.go:170.18,170.58 1 0
github.com/al-Zamakhshari/maknoon/cmd/maknoon/commands/decrypt.go:173.4,177.18 4 1
github.com/al-Zamakhshari/maknoon/cmd/maknoon/commands/decrypt.go:177.18,180.5 2 0
github.com/al-Zamakhshari/maknoon/cmd/maknoon/commands/decrypt.go:183.4,183.24 1 1
github.com/al-Zamakhshari/maknoon/cmd/maknoon/commands/decrypt.go:183.24,189.19 5 0
github.com/al-Zamakhshari/maknoon/cmd/maknoon/commands/decrypt.go:189.19,190.33 1 0
github.com/al-Zamakhshari/maknoon/cmd/maknoon/commands/decrypt.go:190.33,191.85 1 0
github.com/al-Zamakhshari/maknoon/cmd/maknoon/commands/decrypt.go:191.85,194.13 3 0
github.com/al-Zamakhshari/maknoon/cmd/maknoon/commands/decrypt.go:198.6,198.28 1 0
github.com/al-Zamakhshari/maknoon/cmd/maknoon/commands/decrypt.go:198.28,201.21 3 0
github.com/al-Zamakhshari/maknoon/cmd/maknoon/commands/decrypt.go:201.21,205.38 3 0
github.com/al-Zamakhshari/maknoon/cmd/maknoon/commands/decrypt.go:205.38,206.33 1 0
github.com/al-Zamakhshari/maknoon/cmd/maknoon/commands/decrypt.go:206.33,208.15 2 0
github.com/al-Zamakhshari/maknoon/cmd/maknoon/commands/decrypt.go:215.5,215.31 1 0
github.com/al-Zamakhshari/maknoon/cmd/maknoon/commands/decrypt.go:215.31,217.19 2 0
github.com/al-Zamakhshari/maknoon/cmd/maknoon/commands/decrypt.go:217.19,219.7 1 0
github.com/al-Zamakhshari/maknoon/cmd/maknoon/commands/decrypt.go:220.6,220.100 1 0
github.com/al-Zamakhshari/maknoon/cmd/maknoon/commands/decrypt.go:221.11,226.32 2 0
github.com/al-Zamakhshari/maknoon/cmd/maknoon/commands/decrypt.go:226.32,228.7 1 0
github.com/al-Zamakhshari/maknoon/cmd/maknoon/commands/decrypt.go:232.4,233.14 2 1
github.com/al-Zamakhshari/maknoon/cmd/maknoon/commands/decrypt.go:237.2,253.12 15 1
github.com/al-Zamakhshari/maknoon/cmd/maknoon/commands/decrypt.go:256.73,257.17 1 1
github.com/al-Zamakhshari/maknoon/cmd/maknoon/commands/decrypt.go:257.17,259.3 1 0
github.com/al-Zamakhshari/maknoon/cmd/maknoon/commands/decrypt.go:260.2,260.43 1 1
github.com/al-Zamakhshari/maknoon/cmd/maknoon/commands/decrypt.go:260.43,262.3 1 0
github.com/al-Zamakhshari/maknoon/cmd/maknoon/commands/decrypt.go:263.2,264.16 2 1
github.com/al-Zamakhshari/maknoon/cmd/maknoon/commands/decrypt.go:264.16,266.3 1 1
github.com/al-Zamakhshari/maknoon/cmd/maknoon/commands/decrypt.go:267.2,268.16 2 1
github.com/al-Zamakhshari/maknoon/cmd/maknoon/commands/decrypt.go:268.16,271.3 2 0
github.com/al-Zamakhshari/maknoon/cmd/maknoon/commands/decrypt.go:272.2,272.34 1 1
github.com/al-Zamakhshari/maknoon/cmd/maknoon/commands/decrypt.go:275.88,277.19 2 1
github.com/al-Zamakhshari/maknoon/cmd/maknoon/commands/decrypt.go:277.19,279.3 1 0
github.com/al-Zamakhshari/maknoon/cmd/maknoon/commands/decrypt.go:279.8,279.25 1 1
github.com/al-Zamakhshari/maknoon/cmd/maknoon/commands/decrypt.go:279.25,281.3 1 1
github.com/al-Zamakhshari/maknoon/cmd/maknoon/commands/decrypt.go:281.8,281.29 1 0
github.com/al-Zamakhshari/maknoon/cmd/maknoon/commands/decrypt.go:281.29,283.3 1 0
github.com/al-Zamakhshari/maknoon/cmd/maknoon/commands/decrypt.go:283.8,283.42 1 0
github.com/al-Zamakhshari/maknoon/cmd/maknoon/commands/decrypt.go:283.42,285.3 1 0
github.com/al-Zamakhshari/maknoon/cmd/maknoon/commands/decrypt.go:285.8,285.50 1 0
github.com/al-Zamakhshari/maknoon/cmd/maknoon/commands/decrypt.go:285.50,287.3 1 0
github.com/al-Zamakhshari/maknoon/cmd/maknoon/commands/decrypt.go:287.8,289.3 1 0
github.com/al-Zamakhshari/maknoon/cmd/maknoon/commands/decrypt.go:291.2,291.46 1 1
github.com/al-Zamakhshari/maknoon/cmd/maknoon/commands/decrypt.go:291.46,293.3 1 0
github.com/al-Zamakhshari/maknoon/cmd/maknoon/commands/decrypt.go:295.2,295.21 1 1
github.com/al-Zamakhshari/maknoon/cmd/maknoon/commands/decrypt.go:298.123,300.22 2 1
github.com/al-Zamakhshari/maknoon/cmd/maknoon/commands/decrypt.go:300.22,302.3 1 1
github.com/al-Zamakhshari/maknoon/cmd/maknoon/commands/decrypt.go:302.8,302.60 1 1
github.com/al-Zamakhshari/maknoon/cmd/maknoon/commands/decrypt.go:302.60,304.3 1 0
github.com/al-Zamakhshari/maknoon/cmd/maknoon/commands/decrypt.go:306.2,306.33 1 1
github.com/al-Zamakhshari/maknoon/cmd/maknoon/commands/decrypt.go:306.33,307.15 1 1
github.com/al-Zamakhshari/maknoon/cmd/maknoon/commands/decrypt.go:307.15,309.4 1 0
github.com/al-Zamakhshari/maknoon/cmd/maknoon/commands/decrypt.go:310.3,310.25 1 1
github.com/al-Zamakhshari/maknoon/cmd/maknoon/commands/decrypt.go:310.25,313.18 3 0
github.com/al-Zamakhshari/maknoon/cmd/maknoon/commands/decrypt.go:313.18,315.5 1 0
github.com/al-Zamakhshari/maknoon/cmd/maknoon/commands/decrypt.go:317.3,317.38 1 1
github.com/al-Zamakhshari/maknoon/cmd/maknoon/commands/decrypt.go:320.2,320.37 1 1
github.com/al-Zamakhshari/maknoon/cmd/maknoon/commands/decrypt.go:320.37,322.25 2 1
github.com/al-Zamakhshari/maknoon/cmd/maknoon/commands/decrypt.go:322.25,324.4 1 0
github.com/al-Zamakhshari/maknoon/cmd/maknoon/commands/decrypt.go:327.3,328.89 2 1
github.com/al-Zamakhshari/maknoon/cmd/maknoon/commands/decrypt.go:328.89,331.19 3 0
github.com/al-Zamakhshari/maknoon/cmd/maknoon/commands/decrypt.go:331.19,333.5 1 0
github.com/al-Zamakhshari/maknoon/cmd/maknoon/commands/decrypt.go:336.3,337.17 2 1
github.com/al-Zamakhshari/maknoon/cmd/maknoon/commands/decrypt.go:337.17,339.4 1 0
github.com/al-Zamakhshari/maknoon/cmd/maknoon/commands/decrypt.go:340.3,340.34 1 1
github.com/al-Zamakhshari/maknoon/cmd/maknoon/commands/decrypt.go:343.2,343.91 1 0
github.com/al-Zamakhshari/maknoon/cmd/maknoon/commands/diag.go:7.31,12.55 1 0
github.com/al-Zamakhshari/maknoon/cmd/maknoon/commands/diag.go:12.55,21.4 4 0
github.com/al-Zamakhshari/maknoon/cmd/maknoon/commands/diag.go:24.2,24.12 1 0
github.com/al-Zamakhshari/maknoon/cmd/maknoon/commands/encrypt.go:15.34,39.55 17 1
github.com/al-Zamakhshari/maknoon/cmd/maknoon/commands/encrypt.go:39.55,43.18 4 1
github.com/al-Zamakhshari/maknoon/cmd/maknoon/commands/encrypt.go:43.18,46.5 2 0
github.com/al-Zamakhshari/maknoon/cmd/maknoon/commands/encrypt.go:47.4,47.20 1 1
github.com/al-Zamakhshari/maknoon/cmd/maknoon/commands/encrypt.go:47.20,48.55 1 1
github.com/al-Zamakhshari/maknoon/cmd/maknoon/commands/encrypt.go:48.55,50.6 1 1
github.com/al-Zamakhshari/maknoon/cmd/maknoon/commands/encrypt.go:53.4,54.18 2 1
github.com/al-Zamakhshari/maknoon/cmd/maknoon/commands/encrypt.go:54.18,57.5 2 0
github.com/al-Zamakhshari/maknoon/cmd/maknoon/commands/encrypt.go:58.4,58.35 1 1
github.com/al-Zamakhshari/maknoon/cmd/maknoon/commands/encrypt.go:58.35,59.18 1 1
github.com/al-Zamakhshari/maknoon/cmd/maknoon/commands/encrypt.go:59.18,59.35 1 1
github.com/al-Zamakhshari/maknoon/cmd/maknoon/commands/encrypt.go:62.4,62.25 1 1
github.com/al-Zamakhshari/maknoon/cmd/maknoon/commands/encrypt.go:62.25,64.19 2 0
github.com/al-Zamakhshari/maknoon/cmd/maknoon/commands/encrypt.go:64.19,67.6 2 0
github.com/al-Zamakhshari/maknoon/cmd/maknoon/commands/encrypt.go:68.5,68.44 1 0
github.com/al-Zamakhshari/maknoon/cmd/maknoon/commands/encrypt.go:71.4,72.24 2 1
github.com/al-Zamakhshari/maknoon/cmd/maknoon/commands/encrypt.go:72.24,75.19 3 0
github.com/al-Zamakhshari/maknoon/cmd/maknoon/commands/encrypt.go:75.19,78.6 2 0
github.com/al-Zamakhshari/maknoon/cmd/maknoon/commands/encrypt.go:81.4,86.39 2 1
github.com/al-Zamakhshari/maknoon/cmd/maknoon/commands/encrypt.go:86.39,88.5 1 0
github.com/al-Zamakhshari/maknoon/cmd/maknoon/commands/encrypt.go:89.4,89.42 1 1
github.com/al-Zamakhshari/maknoon/cmd/maknoon/commands/encrypt.go:89.42,91.5 1 1
github.com/al-Zamakhshari/maknoon/cmd/maknoon/commands/encrypt.go:92.4,92.38 1 1
github.com/al-Zamakhshari/maknoon/cmd/maknoon/commands/encrypt.go:92.38,94.5 1 0
github.com/al-Zamakhshari/maknoon/cmd/maknoon/commands/encrypt.go:95.4,95.38 1 1
github.com/al-Zamakhshari/maknoon/cmd/maknoon/commands/encrypt.go:95.38,97.5 1 1
github.com/al-Zamakhshari/maknoon/cmd/maknoon/commands/encrypt.go:98.4,98.77 1 1
github.com/al-Zamakhshari/maknoon/cmd/maknoon/commands/encrypt.go:98.77,100.5 1 0
github.com/al-Zamakhshari/maknoon/cmd/maknoon/commands/encrypt.go:102.4,102.102 1 1
github.com/al-Zamakhshari/maknoon/cmd/maknoon/commands/encrypt.go:102.102,105.5 2 0
github.com/al-Zamakhshari/maknoon/cmd/maknoon/commands/encrypt.go:107.4,107.65 1 1
github.com/al-Zamakhshari/maknoon/cmd/maknoon/commands/encrypt.go:107.65,109.19 2 0
github.com/al-Zamakhshari/maknoon/cmd/maknoon/commands/encrypt.go:109.19,111.6 1 0
github.com/al-Zamakhshari/maknoon/cmd/maknoon/commands/encrypt.go:114.4,114.17 1 1
github.com/al-Zamakhshari/maknoon/cmd/maknoon/commands/encrypt.go:114.17,115.33 1 1
github.com/al-Zamakhshari/maknoon/cmd/maknoon/commands/encrypt.go:115.33,117.6 1 1
github.com/al-Zamakhshari/maknoon/cmd/maknoon/commands/encrypt.go:118.5,118.33 1 1
github.com/al-Zamakhshari/maknoon/cmd/maknoon/commands/encrypt.go:118.33,120.6 1 0
github.com/al-Zamakhshari/maknoon/cmd/maknoon/commands/encrypt.go:123.4,123.29 1 1
github.com/al-Zamakhshari/maknoon/cmd/maknoon/commands/encrypt.go:123.29,125.5 1 1
github.com/al-Zamakhshari/maknoon/cmd/maknoon/commands/encrypt.go:127.4,130.14 4 1
github.com/al-Zamakhshari/maknoon/cmd/maknoon/commands/encrypt.go:130.14,133.5 2 1
github.com/al-Zamakhshari/maknoon/cmd/maknoon/commands/encrypt.go:135.4,139.18 4 1
github.com/al-Zamakhshari/maknoon/cmd/maknoon/commands/encrypt.go:139.18,142.5 2 0
github.com/al-Zamakhshari/maknoon/cmd/maknoon/commands/encrypt.go:144.4,144.33 1 1
github.com/al-Zamakhshari/maknoon/cmd/maknoon/commands/encrypt.go:144.33,145.72 1 0
github.com/al-Zamakhshari/maknoon/cmd/maknoon/commands/encrypt.go:145.72,146.16 1 0
github.com/al-Zamakhshari/maknoon/cmd/maknoon/commands/encrypt.go:146.16,148.7 1 0
github.com/al-Zamakhshari/maknoon/cmd/maknoon/commands/encrypt.go:152.4,153.14 2 1
github.com/al-Zamakhshari/maknoon/cmd/maknoon/commands/encrypt.go:157.2,180.12 20 1
github.com/al-Zamakhshari/maknoon/cmd/maknoon/commands/encrypt.go:183.79,184.17 1 1
github.com/al-Zamakhshari/maknoon/cmd/maknoon/commands/encrypt.go:184.17,186.3 1 0
github.com/al-Zamakhshari/maknoon/cmd/maknoon/commands/encrypt.go:188.2,188.43 1 1
github.com/al-Zamakhshari/maknoon/cmd/maknoon/commands/encrypt.go:188.43,190.3 1 0
github.com/al-Zamakhshari/maknoon/cmd/maknoon/commands/encrypt.go:192.2,193.16 2 1
github.com/al-Zamakhshari/maknoon/cmd/maknoon/commands/encrypt.go:193.16,195.3 1 0
github.com/al-Zamakhshari/maknoon/cmd/maknoon/commands/encrypt.go:197.2,197.18 1 1
github.com/al-Zamakhshari/maknoon/cmd/maknoon/commands/encrypt.go:197.18,199.3 1 0
github.com/al-Zamakhshari/maknoon/cmd/maknoon/commands/encrypt.go:201.2,202.16 2 1
github.com/al-Zamakhshari/maknoon/cmd/maknoon/commands/encrypt.go:202.16,204.3 1 0
github.com/al-Zamakhshari/maknoon/cmd/maknoon/commands/encrypt.go:205.2,205.48 1 1
github.com/al-Zamakhshari/maknoon/cmd/maknoon/commands/encrypt.go:208.78,209.20 1 1
github.com/al-Zamakhshari/maknoon/cmd/maknoon/commands/encrypt.go:209.20,211.3 1 0
github.com/al-Zamakhshari/maknoon/cmd/maknoon/commands/encrypt.go:213.2,213.19 1 1
github.com/al-Zamakhshari/maknoon/cmd/maknoon/commands/encrypt.go:213.19,214.20 1 0
github.com/al-Zamakhshari/maknoon/cmd/maknoon/commands/encrypt.go:214.20,216.4 1 0
github.com/al-Zamakhshari/maknoon/cmd/maknoon/commands/encrypt.go:217.3,217.29 1 0
github.com/al-Zamakhshari/maknoon/cmd/maknoon/commands/encrypt.go:220.2,220.46 1 1
github.com/al-Zamakhshari/maknoon/cmd/maknoon/commands/encrypt.go:220.46,222.3 1 0
github.com/al-Zamakhshari/maknoon/cmd/maknoon/commands/encrypt.go:224.2,225.16 2 1
github.com/al-Zamakhshari/maknoon/cmd/maknoon/commands/encrypt.go:225.16,227.3 1 0
github.com/al-Zamakhshari/maknoon/cmd/maknoon/commands/encrypt.go:228.2,228.24 1 1
github.com/al-Zamakhshari/maknoon/cmd/maknoon/commands/encrypt.go:231.124,232.27 1 1
github.com/al-Zamakhshari/maknoon/cmd/maknoon/commands/encrypt.go:232.27,233.54 1 1
github.com/al-Zamakhshari/maknoon/cmd/maknoon/commands/encrypt.go:233.54,235.4 1 0
github.com/al-Zamakhshari/maknoon/cmd/maknoon/commands/encrypt.go:238.2,238.35 1 1
github.com/al-Zamakhshari/maknoon/cmd/maknoon/commands/encrypt.go:238.35,240.17 2 1
github.com/al-Zamakhshari/maknoon/cmd/maknoon/commands/encrypt.go:240.17,242.4 1 0
github.com/al-Zamakhshari/maknoon/cmd/maknoon/commands/encrypt.go:243.3,243.48 1 1
github.com/al-Zamakhshari/maknoon/cmd/maknoon/commands/encrypt.go:246.2,246.30 1 1
github.com/al-Zamakhshari/maknoon/cmd/maknoon/commands/encrypt.go:246.30,248.3 1 1
github.com/al-Zamakhshari/maknoon/cmd/maknoon/commands/encrypt.go:250.2,250.22 1 1
github.com/al-Zamakhshari/maknoon/cmd/maknoon/commands/encrypt.go:250.22,253.3 2 1
github.com/al-Zamakhshari/maknoon/cmd/maknoon/commands/encrypt.go:255.2,258.16 4 0
github.com/al-Zamakhshari/maknoon/cmd/maknoon/commands/encrypt.go:258.16,260.3 1 0
github.com/al-Zamakhshari/maknoon/cmd/maknoon/commands/encrypt.go:262.2,262.17 1 0
github.com/al-Zamakhshari/maknoon/cmd/maknoon/commands/encrypt.go:262.17,266.17 4 0
github.com/al-Zamakhshari/maknoon/cmd/maknoon/commands/encrypt.go:266.17,269.4 2 0
github.com/al-Zamakhshari/maknoon/cmd/maknoon/commands/encrypt.go:270.3,272.49 2 0
github.com/al-Zamakhshari/maknoon/cmd/maknoon/commands/encrypt.go:272.49,275.4 2 0
github.com/al-Zamakhshari/maknoon/cmd/maknoon/commands/encrypt.go:277.2,277.12 1 0
github.com/al-Zamakhshari/maknoon/cmd/maknoon/commands/gen.go:20.30,30.2 4 1
github.com/al-Zamakhshari/maknoon/cmd/maknoon/commands/gen.go:32.38,39.50 3 1
github.com/al-Zamakhshari/maknoon/cmd/maknoon/commands/gen.go:39.50,41.18 2 1
github.com/al-Zamakhshari/maknoon/cmd/maknoon/commands/gen.go:41.18,43.5 1 1
github.com/al-Zamakhshari/maknoon/cmd/maknoon/commands/gen.go:45.4,46.32 2 1
github.com/al-Zamakhshari/maknoon/cmd/maknoon/commands/gen.go:46.32,48.19 2 1
github.com/al-Zamakhshari/maknoon/cmd/maknoon/commands/gen.go:48.19,50.6 1 0
github.com/al-Zamakhshari/maknoon/cmd/maknoon/commands/gen.go:51.5,51.39 1 1
github.com/al-Zamakhshari/maknoon/cmd/maknoon/commands/gen.go:54.4,54.18 1 1
github.com/al-Zamakhshari/maknoon/cmd/maknoon/commands/gen.go:54.18,56.5 1 0
github.com/al-Zamakhshari/maknoon/cmd/maknoon/commands/gen.go:56.10,58.5 1 1
github.com/al-Zamakhshari/maknoon/cmd/maknoon/commands/gen.go:61.4,61.28 1 1
github.com/al-Zamakhshari/maknoon/cmd/maknoon/commands/gen.go:61.28,63.5 1 1
github.com/al-Zamakhshari/maknoon/cmd/maknoon/commands/gen.go:65.4,65.14 1 1
github.com/al-Zamakhshari/maknoon/cmd/maknoon/commands/gen.go:69.2,71.12 3 1
github.com/al-Zamakhshari/maknoon/cmd/maknoon/commands/gen.go:74.40,81.50 3 1
github.com/al-Zamakhshari/maknoon/cmd/maknoon/commands/gen.go:81.50,83.18 2 1
github.com/al-Zamakhshari/maknoon/cmd/maknoon/commands/gen.go:83.18,85.5 1 0
github.com/al-Zamakhshari/maknoon/cmd/maknoon/commands/gen.go:87.4,87.18 1 1
github.com/al-Zamakhshari/maknoon/cmd/maknoon/commands/gen.go:87.18,89.5 1 0
github.com/al-Zamakhshari/maknoon/cmd/maknoon/commands/gen.go:89.10,91.5 1 1
github.com/al-Zamakhshari/maknoon/cmd/maknoon/commands/gen.go:92.4,92.14 1 1
github.com/al-Zamakhshari/maknoon/cmd/maknoon/commands/gen.go:96.2,98.12 3 1
github.com/al-Zamakhshari/maknoon/cmd/maknoon/commands/helpers.go:47.51,48.21 1 1
github.com/al-Zamakhshari/maknoon/cmd/maknoon/commands/helpers.go:48.21,50.3 1 0
github.com/al-Zamakhshari/maknoon/cmd/maknoon/commands/helpers.go:51.2,53.24 3 1
github.com/al-Zamakhshari/maknoon/cmd/maknoon/commands/helpers.go:56.48,59.32 3 1
github.com/al-Zamakhshari/maknoon/cmd/maknoon/commands/helpers.go:59.32,61.3 1 0
github.com/al-Zamakhshari/maknoon/cmd/maknoon/commands/helpers.go:62.2,62.23 1 1
github.com/al-Zamakhshari/maknoon/cmd/maknoon/commands/helpers.go:65.52,67.2 0 0
github.com/al-Zamakhshari/maknoon/cmd/maknoon/commands/helpers.go:75.50,77.36 1 1
github.com/al-Zamakhshari/maknoon/cmd/maknoon/commands/helpers.go:77.36,79.3 1 0
github.com/al-Zamakhshari/maknoon/cmd/maknoon/commands/helpers.go:82.47,84.2 1 1
github.com/al-Zamakhshari/maknoon/cmd/maknoon/commands/helpers.go:86.50,88.2 1 1
github.com/al-Zamakhshari/maknoon/cmd/maknoon/commands/helpers.go:91.46,92.12 1 1
github.com/al-Zamakhshari/maknoon/cmd/maknoon/commands/helpers.go:92.12,94.15 2 1
github.com/al-Zamakhshari/maknoon/cmd/maknoon/commands/helpers.go:94.15,96.4 1 0
github.com/al-Zamakhshari/maknoon/cmd/maknoon/commands/helpers.go:97.3,97.15 1 1
github.com/al-Zamakhshari/maknoon/cmd/maknoon/commands/helpers.go:97.15,99.4 1 0
github.com/al-Zamakhshari/maknoon/cmd/maknoon/commands/helpers.go:100.3,100.35 1 1
github.com/al-Zamakhshari/maknoon/cmd/maknoon/commands/helpers.go:102.2,102.58 1 1
github.com/al-Zamakhshari/maknoon/cmd/maknoon/commands/helpers.go:105.32,112.2 1 1
github.com/al-Zamakhshari/maknoon/cmd/maknoon/commands/helpers.go:115.48,116.12 1 1
github.com/al-Zamakhshari/maknoon/cmd/maknoon/commands/helpers.go:116.12,118.3 1 1
github.com/al-Zamakhshari/maknoon/cmd/maknoon/commands/helpers.go:120.2,120.19 1 1
github.com/al-Zamakhshari/maknoon/cmd/maknoon/commands/helpers.go:120.19,122.3 1 1
github.com/al-Zamakhshari/maknoon/cmd/maknoon/commands/helpers.go:122.8,125.3 2 1
github.com/al-Zamakhshari/maknoon/cmd/maknoon/commands/helpers.go:129.62,130.12 1 0
github.com/al-Zamakhshari/maknoon/cmd/maknoon/commands/helpers.go:130.12,132.3 1 0
github.com/al-Zamakhshari/maknoon/cmd/maknoon/commands/helpers.go:134.2,134.19 1 0
github.com/al-Zamakhshari/maknoon/cmd/maknoon/commands/helpers.go:134.19,136.3 1 0
github.com/al-Zamakhshari/maknoon/cmd/maknoon/commands/helpers.go:136.8,138.3 1 0
github.com/al-Zamakhshari/maknoon/cmd/maknoon/commands/helpers.go:146.34,149.29 3 1
github.com/al-Zamakhshari/maknoon/cmd/maknoon/commands/helpers.go:149.29,151.3 1 1
github.com/al-Zamakhshari/maknoon/cmd/maknoon/commands/helpers.go:155.19,162.2 4 1
github.com/al-Zamakhshari/maknoon/cmd/maknoon/commands/helpers.go:165.33,167.2 1 1
github.com/al-Zamakhshari/maknoon/cmd/maknoon/commands/helpers.go:169.47,171.2 1 0
github.com/al-Zamakhshari/maknoon/cmd/maknoon/commands/helpers.go:174.31,175.52 1 0
github.com/al-Zamakhshari/maknoon/cmd/maknoon/commands/helpers.go:175.52,177.3 1 0
github.com/al-Zamakhshari/maknoon/cmd/maknoon/commands/helpers.go:178.2,178.79 1 0
github.com/al-Zamakhshari/maknoon/cmd/maknoon/commands/helpers.go:178.79,180.3 1 0
github.com/al-Zamakhshari/maknoon/cmd/maknoon/commands/helpers.go:182.2,185.16 4 0
github.com/al-Zamakhshari/maknoon/cmd/maknoon/commands/helpers.go:185.16,187.3 1 0
github.com/al-Zamakhshari/maknoon/cmd/maknoon/commands/helpers.go:188.2,188.23 1 0
github.com/al-Zamakhshari/maknoon/cmd/maknoon/commands/helpers.go:192.57,193.53 1 1
github.com/al-Zamakhshari/maknoon/cmd/maknoon/commands/helpers.go:193.53,195.3 1 1
github.com/al-Zamakhshari/maknoon/cmd/maknoon/commands/helpers.go:196.2,196.79 1 0
github.com/al-Zamakhshari/maknoon/cmd/maknoon/commands/helpers.go:196.79,198.3 1 0
github.com/al-Zamakhshari/maknoon/cmd/maknoon/commands/helpers.go:200.2,200.60 1 0
github.com/al-Zamakhshari/maknoon/cmd/maknoon/commands/helpers.go:200.60,202.3 1 0
github.com/al-Zamakhshari/maknoon/cmd/maknoon/commands/helpers.go:204.2,207.16 4 0
github.com/al-Zamakhshari/maknoon/cmd/maknoon/commands/helpers.go:207.16,209.3 1 0
github.com/al-Zamakhshari/maknoon/cmd/maknoon/commands/helpers.go:210.2,210.21 1 0
github.com/al-Zamakhshari/maknoon/cmd/maknoon/commands/helpers.go:214.71,216.76 1 1
github.com/al-Zamakhshari/maknoon/cmd/maknoon/commands/helpers.go:216.76,217.20 1 1
github.com/al-Zamakhshari/maknoon/cmd/maknoon/commands/helpers.go:217.21,219.4 0 1
github.com/al-Zamakhshari/maknoon/cmd/maknoon/commands/helpers.go:220.3,220.9 1 1
github.com/al-Zamakhshari/maknoon/cmd/maknoon/commands/helpers.go:223.2,223.25 1 0
github.com/al-Zamakhshari/maknoon/cmd/maknoon/commands/helpers.go:223.25,224.25 1 0
github.com/al-Zamakhshari/maknoon/cmd/maknoon/commands/helpers.go:225.38,226.24 1 0
github.com/al-Zamakhshari/maknoon/cmd/maknoon/commands/helpers.go:226.24,228.5 1 0
github.com/al-Zamakhshari/maknoon/cmd/maknoon/commands/helpers.go:228.10,230.5 1 0
github.com/al-Zamakhshari/maknoon/cmd/maknoon/commands/helpers.go:231.38,232.24 1 0
github.com/al-Zamakhshari/maknoon/cmd/maknoon/commands/helpers.go:232.24,234.5 1 0
github.com/al-Zamakhshari/maknoon/cmd/maknoon/commands/helpers.go:234.10,236.5 1 0
github.com/al-Zamakhshari/maknoon/cmd/maknoon/commands/helpers.go:237.35,237.35 0 0
github.com/al-Zamakhshari/maknoon/cmd/maknoon/commands/helpers.go:244.34,246.14 2 0
github.com/al-Zamakhshari/maknoon/cmd/maknoon/commands/helpers.go:246.14,248.3 1 0
github.com/al-Zamakhshari/maknoon/cmd/maknoon/commands/helpers.go:249.2,250.42 2 0
github.com/al-Zamakhshari/maknoon/cmd/maknoon/commands/helpers.go:250.42,253.3 2 0
github.com/al-Zamakhshari/maknoon/cmd/maknoon/commands/helpers.go:254.2,254.72 1 0
github.com/al-Zamakhshari/maknoon/cmd/maknoon/commands/helpers.go:258.33,267.2 1 0
github.com/al-Zamakhshari/maknoon/cmd/maknoon/commands/helpers.go:269.34,271.14 2 1
github.com/al-Zamakhshari/maknoon/cmd/maknoon/commands/helpers.go:271.14,273.3 1 1
github.com/al-Zamakhshari/maknoon/cmd/maknoon/commands/helpers.go:274.2,274.37 1 1
github.com/al-Zamakhshari/maknoon/cmd/maknoon/commands/helpers.go:277.32,287.32 6 0
github.com/al-Zamakhshari/maknoon/cmd/maknoon/commands/helpers.go:287.32,292.3 4 0
github.com/al-Zamakhshari/maknoon/cmd/maknoon/commands/helpers.go:292.8,292.37 1 0
github.com/al-Zamakhshari/maknoon/cmd/maknoon/commands/helpers.go:292.37,295.3 2 0
github.com/al-Zamakhshari/maknoon/cmd/maknoon/commands/helpers.go:295.8,295.39 1 0
github.com/al-Zamakhshari/maknoon/cmd/maknoon/commands/helpers.go:295.39,298.3 2 0
github.com/al-Zamakhshari/maknoon/cmd/maknoon/commands/helpers.go:298.8,298.38 1 0
github.com/al-Zamakhshari/maknoon/cmd/maknoon/commands/helpers.go:298.38,301.3 2 0
github.com/al-Zamakhshari/maknoon/cmd/maknoon/commands/helpers.go:303.2,304.14 2 0
github.com/al-Zamakhshari/maknoon/cmd/maknoon/commands/helpers.go:304.14,306.3 1 0
github.com/al-Zamakhshari/maknoon/cmd/maknoon/commands/helpers.go:307.2,307.37 1 0
github.com/al-Zamakhshari/maknoon/cmd/maknoon/commands/helpers.go:311.38,312.33 1 1
github.com/al-Zamakhshari/maknoon/cmd/maknoon/commands/helpers.go:312.33,314.3 1 0
github.com/al-Zamakhshari/maknoon/cmd/maknoon/commands/helpers.go:315.2,315.60 1 1
github.com/al-Zamakhshari/maknoon/cmd/maknoon/commands/helpers.go:318.48,319.31 1 1
github.com/al-Zamakhshari/maknoon/cmd/maknoon/commands/helpers.go:320.20,321.16 1 1
github.com/al-Zamakhshari/maknoon/cmd/maknoon/commands/helpers.go:322.13,323.16 1 0
github.com/al-Zamakhshari/maknoon/cmd/maknoon/commands/helpers.go:324.32,325.16 1 0
github.com/al-Zamakhshari/maknoon/cmd/maknoon/commands/helpers.go:326.18,327.16 1 0
github.com/al-Zamakhshari/maknoon/cmd/maknoon/commands/helpers.go:331.2,331.69 1 0
github.com/al-Zamakhshari/maknoon/cmd/maknoon/commands/helpers.go:331.69,333.3 1 0
github.com/al-Zamakhshari/maknoon/cmd/maknoon/commands/helpers.go:336.2,337.38 2 0
github.com/al-Zamakhshari/maknoon/cmd/maknoon/commands/helpers.go:337.38,339.3 1 0
github.com/al-Zamakhshari/maknoon/cmd/maknoon/commands/helpers.go:341.2,341.51 1 0
github.com/al-Zamakhshari/maknoon/cmd/maknoon/commands/helpers.go:344.40,345.75 1 1
github.com/al-Zamakhshari/maknoon/cmd/maknoon/commands/helpers.go:345.75,347.17 2 1
github.com/al-Zamakhshari/maknoon/cmd/maknoon/commands/helpers.go:347.17,350.4 2 1
github.com/al-Zamakhshari/maknoon/cmd/maknoon/commands/helpers.go:356.116,359.16 3 1
github.com/al-Zamakhshari/maknoon/cmd/maknoon/commands/helpers.go:359.16,361.3 1 0
github.com/al-Zamakhshari/maknoon/cmd/maknoon/commands/helpers.go:362.2,363.25 2 1
github.com/al-Zamakhshari/maknoon/cmd/maknoon/commands/helpers.go:363.25,364.40 1 1
github.com/al-Zamakhshari/maknoon/cmd/maknoon/commands/helpers.go:364.40,366.4 1 1
github.com/al-Zamakhshari/maknoon/cmd/maknoon/commands/helpers.go:368.2,368.52 1 1
github.com/al-Zamakhshari/maknoon/cmd/maknoon/commands/helpers.go:371.112,374.16 3 1
github.com/al-Zamakhshari/maknoon/cmd/maknoon/commands/helpers.go:374.16,376.3 1 0
github.com/al-Zamakhshari/maknoon/cmd/maknoon/commands/helpers.go:377.2,378.26 2 1
github.com/al-Zamakhshari/maknoon/cmd/maknoon/commands/helpers.go:378.26,379.58 1 1
github.com/al-Zamakhshari/maknoon/cmd/maknoon/commands/helpers.go:379.58,381.43 2 1
github.com/al-Zamakhshari/maknoon/cmd/maknoon/commands/helpers.go:381.43,383.5 1 1
github.com/al-Zamakhshari/maknoon/cmd/maknoon/commands/helpers.go:386.2,386.52 1 1
github.com/al-Zamakhshari/maknoon/cmd/maknoon/commands/helpers.go:389.114,393.2 1 0
github.com/al-Zamakhshari/maknoon/cmd/maknoon/commands/helpers.go:395.114,400.28 4 1
github.com/al-Zamakhshari/maknoon/cmd/maknoon/commands/helpers.go:400.28,401.39 1 1
github.com/al-Zamakhshari/maknoon/cmd/maknoon/commands/helpers.go:401.39,403.4 1 1
github.com/al-Zamakhshari/maknoon/cmd/maknoon/commands/helpers.go:405.2,405.34 1 1
github.com/al-Zamakhshari/maknoon/cmd/maknoon/commands/helpers.go:405.34,406.42 1 0
github.com/al-Zamakhshari/maknoon/cmd/maknoon/commands/helpers.go:406.42,408.4 1 0
github.com/al-Zamakhshari/maknoon/cmd/maknoon/commands/helpers.go:410.2,410.52 1 1
github.com/al-Zamakhshari/maknoon/cmd/maknoon/commands/helpers.go:414.77,416.24 2 1
github.com/al-Zamakhshari/maknoon/cmd/maknoon/commands/helpers.go:416.24,418.3 1 0
github.com/al-Zamakhshari/maknoon/cmd/maknoon/commands/helpers.go:420.2,421.88 2 1
github.com/al-Zamakhshari/maknoon/cmd/maknoon/commands/helpers.go:421.88,424.18 3 0
github.com/al-Zamakhshari/maknoon/cmd/maknoon/commands/helpers.go:424.18,426.4 1 0
github.com/al-Zamakhshari/maknoon/cmd/maknoon/commands/helpers.go:429.2,429.87 1 1
github.com/al-Zamakhshari/maknoon/cmd/maknoon/commands/helpers.go:433.27,436.2 2 1
github.com/al-Zamakhshari/maknoon/cmd/maknoon/commands/helpers.go:439.25,440.33 1 1
github.com/al-Zamakhshari/maknoon/cmd/maknoon/commands/helpers.go:440.33,442.3 1 1
github.com/al-Zamakhshari/maknoon/cmd/maknoon/commands/helpers.go:444.2,446.51 3 1
github.com/al-Zamakhshari/maknoon/cmd/maknoon/commands/helpers.go:446.51,448.3 1 0
github.com/al-Zamakhshari/maknoon/cmd/maknoon/commands/helpers.go:449.2,452.29 2 1
github.com/al-Zamakhshari/maknoon/cmd/maknoon/commands/helpers.go:452.29,454.3 1 1
github.com/al-Zamakhshari/maknoon/cmd/maknoon/commands/helpers.go:457.2,459.38 2 1
github.com/al-Zamakhshari/maknoon/cmd/maknoon/commands/helpers.go:459.38,461.3 1 1
github.com/al-Zamakhshari/maknoon/cmd/maknoon/commands/helpers.go:463.2,463.13 1 1
github.com/al-Zamakhshari/maknoon/cmd/maknoon/commands/helpers.go:463.13,465.3 1 1
github.com/al-Zamakhshari/maknoon/cmd/maknoon/commands/helpers.go:465.8,467.3 1 1
github.com/al-Zamakhshari/maknoon/cmd/maknoon/commands/helpers.go:470.2,473.28 3 1
github.com/al-Zamakhshari/maknoon/cmd/maknoon/commands/helpers.go:473.28,476.62 1 0
github.com/al-Zamakhshari/maknoon/cmd/maknoon/commands/helpers.go:476.62,479.139 2 0
github.com/al-Zamakhshari/maknoon/cmd/maknoon/commands/helpers.go:479.139,481.6 1 0
github.com/al-Zamakhshari/maknoon/cmd/maknoon/commands/helpers.go:482.5,482.13 1 0
github.com/al-Zamakhshari/maknoon/cmd/maknoon/commands/helpers.go:485.3,491.32 5 0
github.com/al-Zamakhshari/maknoon/cmd/maknoon/commands/helpers.go:491.32,492.13 1 0
github.com/al-Zamakhshari/maknoon/cmd/maknoon/commands/helpers.go:492.13,494.108 2 0
github.com/al-Zamakhshari/maknoon/cmd/maknoon/commands/helpers.go:494.108,496.6 1 0
github.com/al-Zamakhshari/maknoon/cmd/maknoon/commands/helpers.go:499.4,499.34 1 0
github.com/al-Zamakhshari/maknoon/cmd/maknoon/commands/helpers.go:499.34,502.105 3 0
github.com/al-Zamakhshari/maknoon/cmd/maknoon/commands/helpers.go:502.105,504.6 1 0
github.com/al-Zamakhshari/maknoon/cmd/maknoon/commands/helpers.go:508.3,509.124 2 0
github.com/al-Zamakhshari/maknoon/cmd/maknoon/commands/helpers.go:512.2,514.16 3 1
github.com/al-Zamakhshari/maknoon/cmd/maknoon/commands/helpers.go:514.16,516.3 1 0
github.com/al-Zamakhshari/maknoon/cmd/maknoon/commands/helpers.go:519.2,520.60 2 1
github.com/al-Zamakhshari/maknoon/cmd/maknoon/commands/helpers.go:520.60,523.17 2 1
github.com/al-Zamakhshari/maknoon/cmd/maknoon/commands/helpers.go:523.17,525.4 1 1
github.com/al-Zamakhshari/maknoon/cmd/maknoon/commands/helpers.go:528.2,533.12 2 1
github.com/al-Zamakhshari/maknoon/cmd/maknoon/commands/identity.go:16.35,35.2 12 1
github.com/al-Zamakhshari/maknoon/cmd/maknoon/commands/identity.go:38.40,44.55 2 1
github.com/al-Zamakhshari/maknoon/cmd/maknoon/commands/identity.go:44.55,49.18 4 0
github.com/al-Zamakhshari/maknoon/cmd/maknoon/commands/identity.go:49.18,52.5 2 0
github.com/al-Zamakhshari/maknoon/cmd/maknoon/commands/identity.go:54.4,54.29 1 0
github.com/al-Zamakhshari/maknoon/cmd/maknoon/commands/identity.go:54.29,56.30 2 0
github.com/al-Zamakhshari/maknoon/cmd/maknoon/commands/identity.go:56.30,58.6 1 0
github.com/al-Zamakhshari/maknoon/cmd/maknoon/commands/identity.go:59.5,63.7 1 0
github.com/al-Zamakhshari/maknoon/cmd/maknoon/commands/identity.go:64.10,66.30 2 0
github.com/al-Zamakhshari/maknoon/cmd/maknoon/commands/identity.go:66.30,68.6 1 0
github.com/al-Zamakhshari/maknoon/cmd/maknoon/commands/identity.go:70.4,70.14 1 0
github.com/al-Zamakhshari/maknoon/cmd/maknoon/commands/identity.go:73.2,75.12 3 1
github.com/al-Zamakhshari/maknoon/cmd/maknoon/commands/identity.go:79.46,84.55 1 1
github.com/al-Zamakhshari/maknoon/cmd/maknoon/commands/identity.go:84.55,87.27 3 0
github.com/al-Zamakhshari/maknoon/cmd/maknoon/commands/identity.go:87.27,89.19 2 0
github.com/al-Zamakhshari/maknoon/cmd/maknoon/commands/identity.go:89.19,93.6 3 0
github.com/al-Zamakhshari/maknoon/cmd/maknoon/commands/identity.go:94.5,94.32 1 0
github.com/al-Zamakhshari/maknoon/cmd/maknoon/commands/identity.go:97.4,98.18 2 0
github.com/al-Zamakhshari/maknoon/cmd/maknoon/commands/identity.go:98.18,101.5 2 0
github.com/al-Zamakhshari/maknoon/cmd/maknoon/commands/identity.go:103.4,103.29 1 0
github.com/al-Zamakhshari/maknoon/cmd/maknoon/commands/identity.go:103.29,108.5 1 0
github.com/al-Zamakhshari/maknoon/cmd/maknoon/commands/identity.go:108.10,110.5 1 0
github.com/al-Zamakhshari/maknoon/cmd/maknoon/commands/identity.go:111.4,111.14 1 0
github.com/al-Zamakhshari/maknoon/cmd/maknoon/commands/identity.go:114.2,114.12 1 1
github.com/al-Zamakhshari/maknoon/cmd/maknoon/commands/identity.go:117.42,129.55 7 1
github.com/al-Zamakhshari/maknoon/cmd/maknoon/commands/identity.go:129.55,132.39 3 1
github.com/al-Zamakhshari/maknoon/cmd/maknoon/commands/identity.go:132.39,134.5 1 0
github.com/al-Zamakhshari/maknoon/cmd/maknoon/commands/identity.go:136.4,147.82 2 1
github.com/al-Zamakhshari/maknoon/cmd/maknoon/commands/identity.go:147.82,150.5 2 0
github.com/al-Zamakhshari/maknoon/cmd/maknoon/commands/identity.go:152.4,152.29 1 1
github.com/al-Zamakhshari/maknoon/cmd/maknoon/commands/identity.go:152.29,157.5 1 1
github.com/al-Zamakhshari/maknoon/cmd/maknoon/commands/identity.go:157.10,159.5 1 0
github.com/al-Zamakhshari/maknoon/cmd/maknoon/commands/identity.go:160.4,160.14 1 1
github.com/al-Zamakhshari/maknoon/cmd/maknoon/commands/identity.go:164.2,171.12 7 1
github.com/al-Zamakhshari/maknoon/cmd/maknoon/commands/identity.go:174.40,184.55 4 1
github.com/al-Zamakhshari/maknoon/cmd/maknoon/commands/identity.go:184.55,189.18 4 1
github.com/al-Zamakhshari/maknoon/cmd/maknoon/commands/identity.go:189.18,192.5 2 0
github.com/al-Zamakhshari/maknoon/cmd/maknoon/commands/identity.go:194.4,194.29 1 1
github.com/al-Zamakhshari/maknoon/cmd/maknoon/commands/identity.go:194.29,199.5 1 1
github.com/al-Zamakhshari/maknoon/cmd/maknoon/commands/identity.go:199.10,202.30 3 0
github.com/al-Zamakhshari/maknoon/cmd/maknoon/commands/identity.go:202.30,204.6 1 0
github.com/al-Zamakhshari/maknoon/cmd/maknoon/commands/identity.go:206.4,206.14 1 1
github.com/al-Zamakhshari/maknoon/cmd/maknoon/commands/identity.go:210.2,213.12 3 1
github.com/al-Zamakhshari/maknoon/cmd/maknoon/commands/identity.go:216.42,225.55 4 1
github.com/al-Zamakhshari/maknoon/cmd/maknoon/commands/identity.go:225.55,228.18 3 1
github.com/al-Zamakhshari/maknoon/cmd/maknoon/commands/identity.go:228.18,231.5 2 0
github.com/al-Zamakhshari/maknoon/cmd/maknoon/commands/identity.go:233.4,233.29 1 1
github.com/al-Zamakhshari/maknoon/cmd/maknoon/commands/identity.go:233.29,238.5 1 1
github.com/al-Zamakhshari/maknoon/cmd/maknoon/commands/identity.go:238.10,240.5 1 0
github.com/al-Zamakhshari/maknoon/cmd/maknoon/commands/identity.go:241.4,241.14 1 1
github.com/al-Zamakhshari/maknoon/cmd/maknoon/commands/identity.go:245.2,249.12 4 1
github.com/al-Zamakhshari/maknoon/cmd/maknoon/commands/identity.go:252.39,258.55 1 1
github.com/al-Zamakhshari/maknoon/cmd/maknoon/commands/identity.go:258.55,262.18 4 0
github.com/al-Zamakhshari/maknoon/cmd/maknoon/commands/identity.go:262.18,265.5 2 0
github.com/al-Zamakhshari/maknoon/cmd/maknoon/commands/identity.go:267.4,267.29 1 0
github.com/al-Zamakhshari/maknoon/cmd/maknoon/commands/identity.go:267.29,269.5 1 0
github.com/al-Zamakhshari/maknoon/cmd/maknoon/commands/identity.go:269.10,271.25 2 0
github.com/al-Zamakhshari/maknoon/cmd/maknoon/commands/identity.go:271.25,273.6 1 0
github.com/al-Zamakhshari/maknoon/cmd/maknoon/commands/identity.go:274.5,274.25 1 0
github.com/al-Zamakhshari/maknoon/cmd/maknoon/commands/identity.go:274.25,276.6 1 0
github.com/al-Zamakhshari/maknoon/cmd/maknoon/commands/identity.go:277.5,277.27 1 0
github.com/al-Zamakhshari/maknoon/cmd/maknoon/commands/identity.go:277.27,279.6 1 0
github.com/al-Zamakhshari/maknoon/cmd/maknoon/commands/identity.go:280.5,280.25 1 0
github.com/al-Zamakhshari/maknoon/cmd/maknoon/commands/identity.go:280.25,282.6 1 0
github.com/al-Zamakhshari/maknoon/cmd/maknoon/commands/identity.go:283.5,283.25 1 0
github.com/al-Zamakhshari/maknoon/cmd/maknoon/commands/identity.go:285.4,285.14 1 0
github.com/al-Zamakhshari/maknoon/cmd/maknoon/commands/identity.go:290.41,294.55 1 1
github.com/al-Zamakhshari/maknoon/cmd/maknoon/commands/identity.go:294.55,297.18 3 0
github.com/al-Zamakhshari/maknoon/cmd/maknoon/commands/identity.go:297.18,300.5 2 0
github.com/al-Zamakhshari/maknoon/cmd/maknoon/commands/identity.go:302.4,302.29 1 0
github.com/al-Zamakhshari/maknoon/cmd/maknoon/commands/identity.go:302.29,306.5 1 0
github.com/al-Zamakhshari/maknoon/cmd/maknoon/commands/identity.go:306.10,308.28 2 0
github.com/al-Zamakhshari/maknoon/cmd/maknoon/commands/identity.go:308.28,310.6 1 0
github.com/al-Zamakhshari/maknoon/cmd/maknoon/commands/identity.go:312.4,312.14 1 0
github.com/al-Zamakhshari/maknoon/cmd/maknoon/commands/identity.go:317.41,323.55 1 1
github.com/al-Zamakhshari/maknoon/cmd/maknoon/commands/identity.go:323.55,328.85 4 0
github.com/al-Zamakhshari/maknoon/cmd/maknoon/commands/identity.go:328.85,331.5 2 0
github.com/al-Zamakhshari/maknoon/cmd/maknoon/commands/identity.go:333.4,333.29 1 0
github.com/al-Zamakhshari/maknoon/cmd/maknoon/commands/identity.go:333.29,339.5 1 0
github.com/al-Zamakhshari/maknoon/cmd/maknoon/commands/identity.go:339.10,341.5 1 0
github.com/al-Zamakhshari/maknoon/cmd/maknoon/commands/identity.go:342.4,342.14 1 0
github.com/al-Zamakhshari/maknoon/cmd/maknoon/commands/identity.go:345.2,345.12 1 1
github.com/al-Zamakhshari/maknoon/cmd/maknoon/commands/info.go:13.31,19.53 2 1
github.com/al-Zamakhshari/maknoon/cmd/maknoon/commands/info.go:19.53,22.49 3 1
github.com/al-Zamakhshari/maknoon/cmd/maknoon/commands/info.go:22.49,25.5 2 0
github.com/al-Zamakhshari/maknoon/cmd/maknoon/commands/info.go:26.4,27.18 2 1
github.com/al-Zamakhshari/maknoon/cmd/maknoon/commands/info.go:27.18,30.5 2 0
github.com/al-Zamakhshari/maknoon/cmd/maknoon/commands/info.go:31.4,39.18 4 1
github.com/al-Zamakhshari/maknoon/cmd/maknoon/commands/info.go:39.18,42.5 2 0
github.com/al-Zamakhshari/maknoon/cmd/maknoon/commands/info.go:44.4,44.29 1 1
github.com/al-Zamakhshari/maknoon/cmd/maknoon/commands/info.go:44.29,47.5 2 1
github.com/al-Zamakhshari/maknoon/cmd/maknoon/commands/info.go:49.4,52.21 3 0
github.com/al-Zamakhshari/maknoon/cmd/maknoon/commands/info.go:53.21,54.68 1 0
github.com/al-Zamakhshari/maknoon/cmd/maknoon/commands/info.go:55.22,56.69 1 0
github.com/al-Zamakhshari/maknoon/cmd/maknoon/commands/info.go:57.19,58.67 1 0
github.com/al-Zamakhshari/maknoon/cmd/maknoon/commands/info.go:59.12,60.50 1 0
github.com/al-Zamakhshari/maknoon/cmd/maknoon/commands/info.go:63.4,68.31 5 0
github.com/al-Zamakhshari/maknoon/cmd/maknoon/commands/info.go:68.31,70.5 1 0
github.com/al-Zamakhshari/maknoon/cmd/maknoon/commands/info.go:71.4,71.31 1 0
github.com/al-Zamakhshari/maknoon/cmd/maknoon/commands/info.go:71.31,73.5 1 0
github.com/al-Zamakhshari/maknoon/cmd/maknoon/commands/info.go:74.4,74.29 1 0
github.com/al-Zamakhshari/maknoon/cmd/maknoon/commands/info.go:74.29,76.5 1 0
github.com/al-Zamakhshari/maknoon/cmd/maknoon/commands/info.go:78.4,78.14 1 0
github.com/al-Zamakhshari/maknoon/cmd/maknoon/commands/info.go:81.2,83.12 3 1
github.com/al-Zamakhshari/maknoon/cmd/maknoon/commands/keygen.go:15.33,32.50 11 1
github.com/al-Zamakhshari/maknoon/cmd/maknoon/commands/keygen.go:32.50,37.25 4 1
github.com/al-Zamakhshari/maknoon/cmd/maknoon/commands/keygen.go:37.25,39.19 2 0
github.com/al-Zamakhshari/maknoon/cmd/maknoon/commands/keygen.go:39.19,40.20 1 0
github.com/al-Zamakhshari/maknoon/cmd/maknoon/commands/keygen.go:40.20,43.7 2 0
github.com/al-Zamakhshari/maknoon/cmd/maknoon/commands/keygen.go:44.6,44.16 1 0
github.com/al-Zamakhshari/maknoon/cmd/maknoon/commands/keygen.go:46.5,46.44 1 0
github.com/al-Zamakhshari/maknoon/cmd/maknoon/commands/keygen.go:49.4,50.24 2 1
github.com/al-Zamakhshari/maknoon/cmd/maknoon/commands/keygen.go:50.24,53.19 3 1
github.com/al-Zamakhshari/maknoon/cmd/maknoon/commands/keygen.go:53.19,54.20 1 0
github.com/al-Zamakhshari/maknoon/cmd/maknoon/commands/keygen.go:54.20,57.7 2 0
github.com/al-Zamakhshari/maknoon/cmd/maknoon/commands/keygen.go:58.6,58.16 1 0
github.com/al-Zamakhshari/maknoon/cmd/maknoon/commands/keygen.go:63.4,63.63 1 1
github.com/al-Zamakhshari/maknoon/cmd/maknoon/commands/keygen.go:63.63,64.57 1 0
github.com/al-Zamakhshari/maknoon/cmd/maknoon/commands/keygen.go:64.57,65.46 1 0
github.com/al-Zamakhshari/maknoon/cmd/maknoon/commands/keygen.go:65.46,69.7 3 0
github.com/al-Zamakhshari/maknoon/cmd/maknoon/commands/keygen.go:73.4,73.16 1 1
github.com/al-Zamakhshari/maknoon/cmd/maknoon/commands/keygen.go:73.16,75.19 2 0
github.com/al-Zamakhshari/maknoon/cmd/maknoon/commands/keygen.go:75.19,77.6 1 0
github.com/al-Zamakhshari/maknoon/cmd/maknoon/commands/keygen.go:78.5,79.19 2 0
github.com/al-Zamakhshari/maknoon/cmd/maknoon/commands/keygen.go:79.19,80.20 1 0
github.com/al-Zamakhshari/maknoon/cmd/maknoon/commands/keygen.go:80.20,83.7 2 0
github.com/al-Zamakhshari/maknoon/cmd/maknoon/commands/keygen.go:84.6,84.16 1 0
github.com/al-Zamakhshari/maknoon/cmd/maknoon/commands/keygen.go:86.5,87.22 2 0
github.com/al-Zamakhshari/maknoon/cmd/maknoon/commands/keygen.go:88.10,90.19 2 1
github.com/al-Zamakhshari/maknoon/cmd/maknoon/commands/keygen.go:90.19,91.20 1 0
github.com/al-Zamakhshari/maknoon/cmd/maknoon/commands/keygen.go:91.20,94.7 2 0
github.com/al-Zamakhshari/maknoon/cmd/maknoon/commands/keygen.go:95.6,95.16 1 0
github.com/al-Zamakhshari/maknoon/cmd/maknoon/commands/keygen.go:99.4,99.25 1 1
github.com/al-Zamakhshari/maknoon/cmd/maknoon/commands/keygen.go:99.25,101.5 1 1
github.com/al-Zamakhshari/maknoon/cmd/maknoon/commands/keygen.go:103.4,103.53 1 1
github.com/al-Zamakhshari/maknoon/cmd/maknoon/commands/keygen.go:103.53,105.5 1 0
github.com/al-Zamakhshari/maknoon/cmd/maknoon/commands/keygen.go:107.4,107.29 1 1
github.com/al-Zamakhshari/maknoon/cmd/maknoon/commands/keygen.go:107.29,109.23 2 1
github.com/al-Zamakhshari/maknoon/cmd/maknoon/commands/keygen.go:109.23,111.6 1 0
github.com/al-Zamakhshari/maknoon/cmd/maknoon/commands/keygen.go:112.5,112.67 1 1
github.com/al-Zamakhshari/maknoon/cmd/maknoon/commands/keygen.go:115.4,116.18 2 1
github.com/al-Zamakhshari/maknoon/cmd/maknoon/commands/keygen.go:116.18,117.19 1 0
github.com/al-Zamakhshari/maknoon/cmd/maknoon/commands/keygen.go:117.19,120.6 2 0
github.com/al-Zamakhshari/maknoon/cmd/maknoon/commands/keygen.go:121.5,121.15 1 0
github.com/al-Zamakhshari/maknoon/cmd/maknoon/commands/keygen.go:124.4,124.24 1 1
github.com/al-Zamakhshari/maknoon/cmd/maknoon/commands/keygen.go:124.24,126.19 2 0
github.com/al-Zamakhshari/maknoon/cmd/maknoon/commands/keygen.go:126.19,128.20 2 0
github.com/al-Zamakhshari/maknoon/cmd/maknoon/commands/keygen.go:128.20,131.7 2 0
github.com/al-Zamakhshari/maknoon/cmd/maknoon/commands/keygen.go:132.6,132.16 1 0
github.com/al-Zamakhshari/maknoon/cmd/maknoon/commands/keygen.go:134.5,134.74 1 0
github.com/al-Zamakhshari/maknoon/cmd/maknoon/commands/keygen.go:134.74,136.20 2 0
github.com/al-Zamakhshari/maknoon/cmd/maknoon/commands/keygen.go:136.20,139.7 2 0
github.com/al-Zamakhshari/maknoon/cmd/maknoon/commands/keygen.go:140.6,140.16 1 0
github.com/al-Zamakhshari/maknoon/cmd/maknoon/commands/keygen.go:144.4,144.29 1 1
github.com/al-Zamakhshari/maknoon/cmd/maknoon/commands/keygen.go:144.29,149.5 4 1
github.com/al-Zamakhshari/maknoon/cmd/maknoon/commands/keygen.go:151.4,151.18 1 1
github.com/al-Zamakhshari/maknoon/cmd/maknoon/commands/keygen.go:151.18,153.5 1 1
github.com/al-Zamakhshari/maknoon/cmd/maknoon/commands/keygen.go:155.4,155.14 1 1
github.com/al-Zamakhshari/maknoon/cmd/maknoon/commands/keygen.go:159.2,174.12 12 1
github.com/al-Zamakhshari/maknoon/cmd/maknoon/commands/keygen.go:177.75,178.16 1 1
github.com/al-Zamakhshari/maknoon/cmd/maknoon/commands/keygen.go:178.16,180.3 1 1
github.com/al-Zamakhshari/maknoon/cmd/maknoon/commands/keygen.go:181.2,181.18 1 1
github.com/al-Zamakhshari/maknoon/cmd/maknoon/commands/keygen.go:181.18,183.3 1 0
github.com/al-Zamakhshari/maknoon/cmd/maknoon/commands/keygen.go:185.2,186.16 2 1
github.com/al-Zamakhshari/maknoon/cmd/maknoon/commands/keygen.go:186.16,188.3 1 0
github.com/al-Zamakhshari/maknoon/cmd/maknoon/commands/keygen.go:190.2,190.31 1 1
github.com/al-Zamakhshari/maknoon/cmd/maknoon/commands/keygen.go:190.31,194.17 4 0
github.com/al-Zamakhshari/maknoon/cmd/maknoon/commands/keygen.go:194.17,197.4 2 0
github.com/al-Zamakhshari/maknoon/cmd/maknoon/commands/keygen.go:198.3,200.35 2 0
github.com/al-Zamakhshari/maknoon/cmd/maknoon/commands/keygen.go:200.35,203.4 2 0
github.com/al-Zamakhshari/maknoon/cmd/maknoon/commands/keygen.go:205.2,205.15 1 1
github.com/al-Zamakhshari/maknoon/cmd/maknoon/commands/man.go:13.30,21.55 3 0
github.com/al-Zamakhshari/maknoon/cmd/maknoon/commands/man.go:21.55,22.14 1 0
github.com/al-Zamakhshari/maknoon/cmd/maknoon/commands/man.go:22.14,24.5 1 0
github.com/al-Zamakhshari/maknoon/cmd/maknoon/commands/man.go:25.4,25.16 1 0
github.com/al-Zamakhshari/maknoon/cmd/maknoon/commands/man.go:25.16,33.19 3 0
github.com/al-Zamakhshari/maknoon/cmd/maknoon/commands/man.go:33.19,35.6 1 0
github.com/al-Zamakhshari/maknoon/cmd/maknoon/commands/man.go:36.5,36.15 1 0
github.com/al-Zamakhshari/maknoon/cmd/maknoon/commands/man.go:38.4,38.14 1 0
github.com/al-Zamakhshari/maknoon/cmd/maknoon/commands/man.go:42.2,44.12 3 0
github.com/al-Zamakhshari/maknoon/cmd/maknoon/commands/man.go:47.47,50.16 3 0
github.com/al-Zamakhshari/maknoon/cmd/maknoon/commands/man.go:50.16,52.3 1 0
github.com/al-Zamakhshari/maknoon/cmd/maknoon/commands/man.go:54.2,58.48 3 0
github.com/al-Zamakhshari/maknoon/cmd/maknoon/commands/man.go:58.48,59.65 1 0
github.com/al-Zamakhshari/maknoon/cmd/maknoon/commands/man.go:59.65,61.4 1 0
github.com/al-Zamakhshari/maknoon/cmd/maknoon/commands/man.go:64.3,64.17 1 0
github.com/al-Zamakhshari/maknoon/cmd/maknoon/commands/man.go:64.17,66.48 2 0
github.com/al-Zamakhshari/maknoon/cmd/maknoon/commands/man.go:66.48,68.5 1 0
github.com/al-Zamakhshari/maknoon/cmd/maknoon/commands/man.go:75.2,75.38 1 0
github.com/al-Zamakhshari/maknoon/cmd/maknoon/commands/man.go:75.38,77.3 1 0
github.com/al-Zamakhshari/maknoon/cmd/maknoon/commands/man.go:79.2,79.22 1 0
github.com/al-Zamakhshari/maknoon/cmd/maknoon/commands/man.go:79.22,81.29 2 0
github.com/al-Zamakhshari/maknoon/cmd/maknoon/commands/man.go:81.29,83.4 1 0
github.com/al-Zamakhshari/maknoon/cmd/maknoon/commands/man.go:84.3,84.52 1 0
github.com/al-Zamakhshari/maknoon/cmd/maknoon/commands/man.go:87.2,88.12 2 0
github.com/al-Zamakhshari/maknoon/cmd/maknoon/commands/mcp.go:14.36,27.55 4 0
github.com/al-Zamakhshari/maknoon/cmd/maknoon/commands/mcp.go:27.55,36.39 6 0
github.com/al-Zamakhshari/maknoon/cmd/maknoon/commands/mcp.go:36.39,38.5 1 0
github.com/al-Zamakhshari/maknoon/cmd/maknoon/commands/mcp.go:40.4,43.33 3 0
github.com/al-Zamakhshari/maknoon/cmd/maknoon/commands/mcp.go:44.17,45.48 1 0
github.com/al-Zamakhshari/maknoon/cmd/maknoon/commands/mcp.go:45.48,47.6 1 0
github.com/al-Zamakhshari/maknoon/cmd/maknoon/commands/mcp.go:48.15,49.27 1 0
github.com/al-Zamakhshari/maknoon/cmd/maknoon/commands/mcp.go:50.12,51.81 1 0
github.com/al-Zamakhshari/maknoon/cmd/maknoon/commands/mcp.go:53.4,53.14 1 0
github.com/al-Zamakhshari/maknoon/cmd/maknoon/commands/mcp.go:57.2,62.12 5 0
github.com/al-Zamakhshari/maknoon/cmd/maknoon/commands/mcp.go:65.46,80.37 7 0
github.com/al-Zamakhshari/maknoon/cmd/maknoon/commands/mcp.go:80.37,82.3 1 0
github.com/al-Zamakhshari/maknoon/cmd/maknoon/commands/mcp.go:84.2,85.56 2 0
github.com/al-Zamakhshari/maknoon/cmd/maknoon/commands/mcp.go:88.42,101.2 9 0
github.com/al-Zamakhshari/maknoon/cmd/maknoon/commands/mcp_config.go:12.76,14.87 1 0
github.com/al-Zamakhshari/maknoon/cmd/maknoon/commands/mcp_config.go:14.87,18.4 3 0
github.com/al-Zamakhshari/maknoon/cmd/maknoon/commands/mcp_config.go:20.2,21.87 1 0
github.com/al-Zamakhshari/maknoon/cmd/maknoon/commands/mcp_config.go:21.87,25.56 3 0
github.com/al-Zamakhshari/maknoon/cmd/maknoon/commands/mcp_config.go:25.56,27.5 1 0
github.com/al-Zamakhshari/maknoon/cmd/maknoon/commands/mcp_config.go:28.4,28.52 1 0
github.com/al-Zamakhshari/maknoon/cmd/maknoon/commands/mcp_config.go:28.52,30.5 1 0
github.com/al-Zamakhshari/maknoon/cmd/maknoon/commands/mcp_config.go:31.4,31.50 1 0
github.com/al-Zamakhshari/maknoon/cmd/maknoon/commands/mcp_config.go:31.50,33.5 1 0
github.com/al-Zamakhshari/maknoon/cmd/maknoon/commands/mcp_config.go:34.4,34.51 1 0
github.com/al-Zamakhshari/maknoon/cmd/maknoon/commands/mcp_config.go:34.51,36.27 2 0
github.com/al-Zamakhshari/maknoon/cmd/maknoon/commands/mcp_config.go:36.27,37.33 1 0
github.com/al-Zamakhshari/maknoon/cmd/maknoon/commands/mcp_config.go:37.33,39.7 1 0
github.com/al-Zamakhshari/maknoon/cmd/maknoon/commands/mcp_config.go:41.5,41.31 1 0
github.com/al-Zamakhshari/maknoon/cmd/maknoon/commands/mcp_config.go:44.4,45.18 2 0
github.com/al-Zamakhshari/maknoon/cmd/maknoon/commands/mcp_config.go:45.18,47.5 1 0
github.com/al-Zamakhshari/maknoon/cmd/maknoon/commands/mcp_config.go:48.4,50.54 3 0
github.com/al-Zamakhshari/maknoon/cmd/maknoon/commands/mcp_config.go:53.2,54.87 1 0
github.com/al-Zamakhshari/maknoon/cmd/maknoon/commands/mcp_config.go:54.87,58.4 3 0
github.com/al-Zamakhshari/maknoon/cmd/maknoon/commands/mcp_config.go:60.2,61.87 1 0
github.com/al-Zamakhshari/maknoon/cmd/maknoon/commands/mcp_config.go:61.87,63.18 2 0
github.com/al-Zamakhshari/maknoon/cmd/maknoon/commands/mcp_config.go:63.18,65.5 1 0
github.com/al-Zamakhshari/maknoon/cmd/maknoon/commands/mcp_config.go:66.4,67.50 2 0
github.com/al-Zamakhshari/maknoon/cmd/maknoon/commands/mcp_config.go:70.2,71.87 1 0
github.com/al-Zamakhshari/maknoon/cmd/maknoon/commands/mcp_config.go:71.87,74.18 3 0
github.com/al-Zamakhshari/maknoon/cmd/maknoon/commands/mcp_config.go:74.18,76.5 1 0
github.com/al-Zamakhshari/maknoon/cmd/maknoon/commands/mcp_config.go:77.4,79.54 3 0
github.com/al-Zamakhshari/maknoon/cmd/maknoon/commands/mcp_crypto.go:14.76,16.87 1 1
github.com/al-Zamakhshari/maknoon/cmd/maknoon/commands/mcp_crypto.go:16.87,21.21 4 0
github.com/al-Zamakhshari/maknoon/cmd/maknoon/commands/mcp_crypto.go:21.21,23.5 1 0
github.com/al-Zamakhshari/maknoon/cmd/maknoon/commands/mcp_crypto.go:25.4,25.57 1 0
github.com/al-Zamakhshari/maknoon/cmd/maknoon/commands/mcp_crypto.go:25.57,27.19 2 0
github.com/al-Zamakhshari/maknoon/cmd/maknoon/commands/mcp_crypto.go:27.19,29.6 1 0
github.com/al-Zamakhshari/maknoon/cmd/maknoon/commands/mcp_crypto.go:32.4,36.18 4 0
github.com/al-Zamakhshari/maknoon/cmd/maknoon/commands/mcp_crypto.go:36.18,38.5 1 0
github.com/al-Zamakhshari/maknoon/cmd/maknoon/commands/mcp_crypto.go:39.4,42.18 3 0
github.com/al-Zamakhshari/maknoon/cmd/maknoon/commands/mcp_crypto.go:42.18,44.5 1 0
github.com/al-Zamakhshari/maknoon/cmd/maknoon/commands/mcp_crypto.go:45.4,48.18 3 0
[...]
github.com/al-Zamakhshari/maknoon/pkg/crypto/shred.go:61.33,64.3 2 0
github.com/al-Zamakhshari/maknoon/pkg/crypto/shred.go:65.2,65.34 1 1
github.com/al-Zamakhshari/maknoon/pkg/crypto/shred.go:65.34,67.3 1 0
github.com/al-Zamakhshari/maknoon/pkg/crypto/shred.go:70.2,72.64 3 1
github.com/al-Zamakhshari/maknoon/pkg/crypto/shred.go:72.64,74.50 2 1
github.com/al-Zamakhshari/maknoon/pkg/crypto/shred.go:74.50,76.4 1 1
github.com/al-Zamakhshari/maknoon/pkg/crypto/shred.go:80.2,80.29 1 1
github.com/al-Zamakhshari/maknoon/pkg/crypto/shred.go:83.52,86.16 3 1
github.com/al-Zamakhshari/maknoon/pkg/crypto/shred.go:86.16,88.3 1 0
github.com/al-Zamakhshari/maknoon/pkg/crypto/shred.go:90.2,90.32 1 1
github.com/al-Zamakhshari/maknoon/pkg/crypto/shred.go:90.32,92.20 2 1
github.com/al-Zamakhshari/maknoon/pkg/crypto/shred.go:92.20,93.53 1 1
github.com/al-Zamakhshari/maknoon/pkg/crypto/shred.go:93.53,95.5 1 0
github.com/al-Zamakhshari/maknoon/pkg/crypto/shred.go:96.9,97.48 1 1
github.com/al-Zamakhshari/maknoon/pkg/crypto/shred.go:97.48,99.5 1 0
github.com/al-Zamakhshari/maknoon/pkg/crypto/shred.go:104.2,104.24 1 1
github.com/al-Zamakhshari/maknoon/pkg/crypto/storage.go:59.67,61.2 1 1
github.com/al-Zamakhshari/maknoon/pkg/crypto/storage.go:63.84,65.2 1 1
github.com/al-Zamakhshari/maknoon/pkg/crypto/storage.go:67.55,70.2 2 1
github.com/al-Zamakhshari/maknoon/pkg/crypto/storage.go:72.69,74.16 2 1
github.com/al-Zamakhshari/maknoon/pkg/crypto/storage.go:74.16,75.25 1 0
github.com/al-Zamakhshari/maknoon/pkg/crypto/storage.go:75.25,77.4 1 0
github.com/al-Zamakhshari/maknoon/pkg/crypto/storage.go:78.3,78.18 1 0
github.com/al-Zamakhshari/maknoon/pkg/crypto/storage.go:80.2,81.28 2 1
github.com/al-Zamakhshari/maknoon/pkg/crypto/storage.go:81.28,83.3 1 1
github.com/al-Zamakhshari/maknoon/pkg/crypto/storage.go:84.2,84.18 1 1
github.com/al-Zamakhshari/maknoon/pkg/crypto/storage.go:87.58,89.2 1 0
github.com/al-Zamakhshari/maknoon/pkg/crypto/storage.go:91.71,92.78 1 1
github.com/al-Zamakhshari/maknoon/pkg/crypto/storage.go:92.78,94.3 1 0
github.com/al-Zamakhshari/maknoon/pkg/crypto/storage.go:95.2,95.44 1 1
github.com/al-Zamakhshari/maknoon/pkg/crypto/storage.go:98.50,100.2 1 1
github.com/al-Zamakhshari/maknoon/pkg/crypto/storage.go:107.57,109.2 1 0
github.com/al-Zamakhshari/maknoon/pkg/crypto/storage.go:111.58,113.2 1 0
github.com/al-Zamakhshari/maknoon/pkg/crypto/storage.go:121.65,123.47 2 1
github.com/al-Zamakhshari/maknoon/pkg/crypto/storage.go:123.47,125.3 1 0
github.com/al-Zamakhshari/maknoon/pkg/crypto/storage.go:127.2,128.19 2 1
github.com/al-Zamakhshari/maknoon/pkg/crypto/storage.go:128.19,130.3 1 1
github.com/al-Zamakhshari/maknoon/pkg/crypto/storage.go:132.2,132.17 1 1
github.com/al-Zamakhshari/maknoon/pkg/crypto/storage.go:133.16,137.17 4 1
github.com/al-Zamakhshari/maknoon/pkg/crypto/storage.go:137.17,139.4 1 0
github.com/al-Zamakhshari/maknoon/pkg/crypto/storage.go:140.3,140.35 1 1
github.com/al-Zamakhshari/maknoon/pkg/crypto/storage.go:141.10,143.17 2 1
github.com/al-Zamakhshari/maknoon/pkg/crypto/storage.go:143.17,145.4 1 0
github.com/al-Zamakhshari/maknoon/pkg/crypto/storage.go:146.3,146.34 1 1
github.com/al-Zamakhshari/maknoon/pkg/crypto/storage.go:150.63,153.16 2 1
github.com/al-Zamakhshari/maknoon/pkg/crypto/storage.go:153.16,154.25 1 0
github.com/al-Zamakhshari/maknoon/pkg/crypto/storage.go:154.25,156.4 1 0
github.com/al-Zamakhshari/maknoon/pkg/crypto/storage.go:157.3,157.13 1 0
github.com/al-Zamakhshari/maknoon/pkg/crypto/storage.go:159.2,159.18 1 1
github.com/al-Zamakhshari/maknoon/pkg/crypto/storage.go:159.18,161.3 1 0
github.com/al-Zamakhshari/maknoon/pkg/crypto/storage.go:162.2,162.24 1 1
github.com/al-Zamakhshari/maknoon/pkg/crypto/storage.go:165.63,167.16 2 0
github.com/al-Zamakhshari/maknoon/pkg/crypto/storage.go:167.16,168.25 1 0
github.com/al-Zamakhshari/maknoon/pkg/crypto/storage.go:168.25,170.4 1 0
github.com/al-Zamakhshari/maknoon/pkg/crypto/storage.go:171.3,171.18 1 0
github.com/al-Zamakhshari/maknoon/pkg/crypto/storage.go:173.2,174.28 2 0
github.com/al-Zamakhshari/maknoon/pkg/crypto/storage.go:174.28,175.44 1 0
github.com/al-Zamakhshari/maknoon/pkg/crypto/storage.go:175.44,177.4 1 0
github.com/al-Zamakhshari/maknoon/pkg/crypto/storage.go:179.2,179.20 1 0
github.com/al-Zamakhshari/maknoon/pkg/crypto/storage.go:187.66,188.47 1 1
github.com/al-Zamakhshari/maknoon/pkg/crypto/storage.go:188.47,190.3 1 1
github.com/al-Zamakhshari/maknoon/pkg/crypto/storage.go:193.64,194.45 1 1
github.com/al-Zamakhshari/maknoon/pkg/crypto/storage.go:194.45,196.3 1 1
github.com/al-Zamakhshari/maknoon/pkg/crypto/storage.go:199.36,201.2 1 1
github.com/al-Zamakhshari/maknoon/pkg/crypto/storage.go:208.59,210.14 2 1
github.com/al-Zamakhshari/maknoon/pkg/crypto/storage.go:210.14,212.3 1 1
github.com/al-Zamakhshari/maknoon/pkg/crypto/storage.go:213.2,213.27 1 1
github.com/al-Zamakhshari/maknoon/pkg/crypto/storage.go:216.70,218.16 2 1
github.com/al-Zamakhshari/maknoon/pkg/crypto/storage.go:218.16,220.3 1 0
github.com/al-Zamakhshari/maknoon/pkg/crypto/storage.go:221.2,221.32 1 1
github.com/al-Zamakhshari/maknoon/pkg/crypto/storage.go:224.61,226.14 2 1
github.com/al-Zamakhshari/maknoon/pkg/crypto/storage.go:226.14,228.3 1 0
github.com/al-Zamakhshari/maknoon/pkg/crypto/storage.go:229.2,229.30 1 1
github.com/al-Zamakhshari/maknoon/pkg/crypto/storage.go:232.85,234.14 2 1
github.com/al-Zamakhshari/maknoon/pkg/crypto/storage.go:234.14,236.3 1 0
github.com/al-Zamakhshari/maknoon/pkg/crypto/storage.go:237.2,237.22 1 1
github.com/al-Zamakhshari/maknoon/pkg/crypto/storage.go:240.62,243.2 2 0
github.com/al-Zamakhshari/maknoon/pkg/crypto/storage.go:250.67,251.49 1 1
github.com/al-Zamakhshari/maknoon/pkg/crypto/storage.go:251.49,253.3 1 1
github.com/al-Zamakhshari/maknoon/pkg/crypto/storage.go:256.65,257.47 1 1
github.com/al-Zamakhshari/maknoon/pkg/crypto/storage.go:257.47,259.3 1 1
github.com/al-Zamakhshari/maknoon/pkg/crypto/storage.go:262.37,264.2 1 1
github.com/al-Zamakhshari/maknoon/pkg/crypto/storage.go:272.60,275.16 3 1
github.com/al-Zamakhshari/maknoon/pkg/crypto/storage.go:275.16,277.3 1 1
github.com/al-Zamakhshari/maknoon/pkg/crypto/storage.go:278.2,279.38 2 1
github.com/al-Zamakhshari/maknoon/pkg/crypto/storage.go:279.38,283.3 3 1
github.com/al-Zamakhshari/maknoon/pkg/crypto/storage.go:284.2,284.12 1 1
github.com/al-Zamakhshari/maknoon/pkg/crypto/storage.go:287.71,290.2 2 1
github.com/al-Zamakhshari/maknoon/pkg/crypto/storage.go:292.62,295.2 2 0
github.com/al-Zamakhshari/maknoon/pkg/crypto/storage.go:297.86,301.60 4 0
github.com/al-Zamakhshari/maknoon/pkg/crypto/storage.go:301.60,304.42 3 0
github.com/al-Zamakhshari/maknoon/pkg/crypto/storage.go:304.42,307.4 1 0
github.com/al-Zamakhshari/maknoon/pkg/crypto/storage.go:308.3,308.17 1 0
github.com/al-Zamakhshari/maknoon/pkg/crypto/storage.go:308.17,310.4 1 0
github.com/al-Zamakhshari/maknoon/pkg/crypto/storage.go:312.2,312.12 1 0
github.com/al-Zamakhshari/maknoon/pkg/crypto/storage.go:315.63,318.2 1 0
github.com/al-Zamakhshari/maknoon/pkg/crypto/transformer.go:19.46,21.2 1 0
github.com/al-Zamakhshari/maknoon/pkg/crypto/transformer.go:24.60,25.30 1 0
github.com/al-Zamakhshari/maknoon/pkg/crypto/transformer.go:25.30,28.3 2 0
github.com/al-Zamakhshari/maknoon/pkg/crypto/transformer.go:31.2,34.45 3 0
github.com/al-Zamakhshari/maknoon/pkg/crypto/transformer.go:34.45,36.67 2 0
github.com/al-Zamakhshari/maknoon/pkg/crypto/transformer.go:36.67,40.4 3 0
github.com/al-Zamakhshari/maknoon/pkg/crypto/transformer.go:41.3,41.18 1 0
github.com/al-Zamakhshari/maknoon/pkg/crypto/transformer.go:45.2,49.12 2 0
github.com/al-Zamakhshari/maknoon/pkg/crypto/transformer.go:66.69,67.17 1 0
github.com/al-Zamakhshari/maknoon/pkg/crypto/transformer.go:67.17,68.25 1 0
github.com/al-Zamakhshari/maknoon/pkg/crypto/transformer.go:68.25,71.4 2 0
github.com/al-Zamakhshari/maknoon/pkg/crypto/transformer.go:72.3,73.13 2 0
github.com/al-Zamakhshari/maknoon/pkg/crypto/transformer.go:77.2,77.28 1 0
github.com/al-Zamakhshari/maknoon/pkg/crypto/transformer.go:77.28,80.3 1 0
github.com/al-Zamakhshari/maknoon/pkg/crypto/transformer.go:81.2,81.101 1 0
github.com/al-Zamakhshari/maknoon/pkg/crypto/transformer.go:89.69,90.20 1 0
github.com/al-Zamakhshari/maknoon/pkg/crypto/transformer.go:90.20,92.3 1 0
github.com/al-Zamakhshari/maknoon/pkg/crypto/transformer.go:93.2,93.29 1 0
github.com/al-Zamakhshari/maknoon/pkg/crypto/transformer.go:103.68,104.17 1 0
github.com/al-Zamakhshari/maknoon/pkg/crypto/transformer.go:104.17,106.3 1 0
github.com/al-Zamakhshari/maknoon/pkg/crypto/transformer.go:110.2,110.12 1 0
github.com/al-Zamakhshari/maknoon/pkg/crypto/types.go:11.38,13.2 1 0
github.com/al-Zamakhshari/maknoon/pkg/crypto/types.go:16.44,18.2 1 0
github.com/al-Zamakhshari/maknoon/pkg/crypto/types.go:24.39,26.2 1 0
github.com/al-Zamakhshari/maknoon/pkg/crypto/types.go:29.45,31.2 1 0
github.com/al-Zamakhshari/maknoon/pkg/crypto/vault.go:22.138,24.55 2 1
github.com/al-Zamakhshari/maknoon/pkg/crypto/vault.go:24.55,26.3 1 0
github.com/al-Zamakhshari/maknoon/pkg/crypto/vault.go:27.2,27.21 1 1
github.com/al-Zamakhshari/maknoon/pkg/crypto/vault.go:27.21,29.3 1 0
github.com/al-Zamakhshari/maknoon/pkg/crypto/vault.go:30.2,31.16 2 1
github.com/al-Zamakhshari/maknoon/pkg/crypto/vault.go:31.16,33.3 1 0
github.com/al-Zamakhshari/maknoon/pkg/crypto/vault.go:35.2,35.55 1 1
github.com/al-Zamakhshari/maknoon/pkg/crypto/vault.go:35.55,37.3 1 0
github.com/al-Zamakhshari/maknoon/pkg/crypto/vault.go:39.2,40.16 2 1
github.com/al-Zamakhshari/maknoon/pkg/crypto/vault.go:40.16,42.3 1 0
github.com/al-Zamakhshari/maknoon/pkg/crypto/vault.go:43.2,45.49 2 1
github.com/al-Zamakhshari/maknoon/pkg/crypto/vault.go:45.49,48.18 2 1
github.com/al-Zamakhshari/maknoon/pkg/crypto/vault.go:48.18,50.60 2 1
github.com/al-Zamakhshari/maknoon/pkg/crypto/vault.go:50.60,52.5 1 0
github.com/al-Zamakhshari/maknoon/pkg/crypto/vault.go:53.4,53.60 1 1
github.com/al-Zamakhshari/maknoon/pkg/crypto/vault.go:53.60,55.5 1 0
github.com/al-Zamakhshari/maknoon/pkg/crypto/vault.go:58.3,62.17 4 1
github.com/al-Zamakhshari/maknoon/pkg/crypto/vault.go:62.17,64.4 1 0
github.com/al-Zamakhshari/maknoon/pkg/crypto/vault.go:67.3,68.17 2 1
github.com/al-Zamakhshari/maknoon/pkg/crypto/vault.go:68.17,69.46 1 0
github.com/al-Zamakhshari/maknoon/pkg/crypto/vault.go:69.46,71.5 1 0
github.com/al-Zamakhshari/maknoon/pkg/crypto/vault.go:74.3,74.50 1 1
github.com/al-Zamakhshari/maknoon/pkg/crypto/vault.go:79.134,81.54 2 1
github.com/al-Zamakhshari/maknoon/pkg/crypto/vault.go:81.54,83.3 1 0
github.com/al-Zamakhshari/maknoon/pkg/crypto/vault.go:84.2,84.21 1 1
github.com/al-Zamakhshari/maknoon/pkg/crypto/vault.go:84.21,86.3 1 0
github.com/al-Zamakhshari/maknoon/pkg/crypto/vault.go:87.2,88.16 2 1
github.com/al-Zamakhshari/maknoon/pkg/crypto/vault.go:88.16,90.3 1 0
github.com/al-Zamakhshari/maknoon/pkg/crypto/vault.go:92.2,92.55 1 1
github.com/al-Zamakhshari/maknoon/pkg/crypto/vault.go:92.55,94.3 1 0
github.com/al-Zamakhshari/maknoon/pkg/crypto/vault.go:96.2,97.16 2 1
github.com/al-Zamakhshari/maknoon/pkg/crypto/vault.go:97.16,99.3 1 0
github.com/al-Zamakhshari/maknoon/pkg/crypto/vault.go:100.2,103.46 3 1
github.com/al-Zamakhshari/maknoon/pkg/crypto/vault.go:103.46,105.18 2 1
github.com/al-Zamakhshari/maknoon/pkg/crypto/vault.go:105.18,107.4 1 1
github.com/al-Zamakhshari/maknoon/pkg/crypto/vault.go:110.3,112.21 3 1
github.com/al-Zamakhshari/maknoon/pkg/crypto/vault.go:112.21,114.4 1 0
github.com/al-Zamakhshari/maknoon/pkg/crypto/vault.go:116.3,121.13 5 1
github.com/al-Zamakhshari/maknoon/pkg/crypto/vault.go:124.2,124.19 1 1
github.com/al-Zamakhshari/maknoon/pkg/crypto/vault.go:127.70,129.56 2 1
github.com/al-Zamakhshari/maknoon/pkg/crypto/vault.go:129.56,131.3 1 0
github.com/al-Zamakhshari/maknoon/pkg/crypto/vault.go:132.2,133.16 2 1
github.com/al-Zamakhshari/maknoon/pkg/crypto/vault.go:133.16,135.3 1 0
github.com/al-Zamakhshari/maknoon/pkg/crypto/vault.go:136.2,136.55 1 1
github.com/al-Zamakhshari/maknoon/pkg/crypto/vault.go:136.55,138.3 1 0
github.com/al-Zamakhshari/maknoon/pkg/crypto/vault.go:140.2,140.35 1 1
github.com/al-Zamakhshari/maknoon/pkg/crypto/vault.go:143.82,145.55 2 1
github.com/al-Zamakhshari/maknoon/pkg/crypto/vault.go:145.55,147.3 1 0
github.com/al-Zamakhshari/maknoon/pkg/crypto/vault.go:148.2,149.16 2 1
github.com/al-Zamakhshari/maknoon/pkg/crypto/vault.go:149.16,151.3 1 0
github.com/al-Zamakhshari/maknoon/pkg/crypto/vault.go:152.2,153.16 2 1
github.com/al-Zamakhshari/maknoon/pkg/crypto/vault.go:153.16,155.3 1 0
github.com/al-Zamakhshari/maknoon/pkg/crypto/vault.go:157.2,157.58 1 1
github.com/al-Zamakhshari/maknoon/pkg/crypto/vault.go:157.58,159.3 1 0
github.com/al-Zamakhshari/maknoon/pkg/crypto/vault.go:160.2,160.58 1 1
github.com/al-Zamakhshari/maknoon/pkg/crypto/vault.go:160.58,162.3 1 0
github.com/al-Zamakhshari/maknoon/pkg/crypto/vault.go:164.2,164.44 1 1
github.com/al-Zamakhshari/maknoon/pkg/crypto/vault.go:164.44,166.3 1 0
github.com/al-Zamakhshari/maknoon/pkg/crypto/vault.go:167.2,167.44 1 1
github.com/al-Zamakhshari/maknoon/pkg/crypto/vault.go:167.44,169.3 1 0
github.com/al-Zamakhshari/maknoon/pkg/crypto/vault.go:171.2,171.36 1 1
github.com/al-Zamakhshari/maknoon/pkg/crypto/vault.go:174.112,176.54 2 1
github.com/al-Zamakhshari/maknoon/pkg/crypto/vault.go:176.54,178.3 1 0
github.com/al-Zamakhshari/maknoon/pkg/crypto/vault.go:179.2,179.21 1 1
github.com/al-Zamakhshari/maknoon/pkg/crypto/vault.go:179.21,181.3 1 0
github.com/al-Zamakhshari/maknoon/pkg/crypto/vault.go:182.2,183.16 2 1
github.com/al-Zamakhshari/maknoon/pkg/crypto/vault.go:183.16,185.3 1 0
github.com/al-Zamakhshari/maknoon/pkg/crypto/vault.go:186.2,186.55 1 1
github.com/al-Zamakhshari/maknoon/pkg/crypto/vault.go:186.55,188.3 1 0
github.com/al-Zamakhshari/maknoon/pkg/crypto/vault.go:190.2,191.16 2 1
github.com/al-Zamakhshari/maknoon/pkg/crypto/vault.go:191.16,193.3 1 0
github.com/al-Zamakhshari/maknoon/pkg/crypto/vault.go:194.2,197.46 3 1
github.com/al-Zamakhshari/maknoon/pkg/crypto/vault.go:197.46,199.18 2 1
github.com/al-Zamakhshari/maknoon/pkg/crypto/vault.go:199.18,201.4 1 0
github.com/al-Zamakhshari/maknoon/pkg/crypto/vault.go:203.3,206.58 3 1
github.com/al-Zamakhshari/maknoon/pkg/crypto/vault.go:206.58,208.18 2 1
github.com/al-Zamakhshari/maknoon/pkg/crypto/vault.go:208.18,213.5 1 1
github.com/al-Zamakhshari/maknoon/pkg/crypto/vault.go:214.4,214.14 1 1
github.com/al-Zamakhshari/maknoon/pkg/crypto/vault.go:217.2,217.21 1 1
github.com/al-Zamakhshari/maknoon/pkg/crypto/vault.go:220.128,222.54 2 0
github.com/al-Zamakhshari/maknoon/pkg/crypto/vault.go:222.54,224.3 1 0
github.com/al-Zamakhshari/maknoon/pkg/crypto/vault.go:225.2,225.21 1 0
github.com/al-Zamakhshari/maknoon/pkg/crypto/vault.go:225.21,227.3 1 0
github.com/al-Zamakhshari/maknoon/pkg/crypto/vault.go:228.2,229.16 2 0
github.com/al-Zamakhshari/maknoon/pkg/crypto/vault.go:229.16,231.3 1 0
github.com/al-Zamakhshari/maknoon/pkg/crypto/vault.go:232.2,232.56 1 0
github.com/al-Zamakhshari/maknoon/pkg/crypto/vault.go:235.140,237.55 2 0
github.com/al-Zamakhshari/maknoon/pkg/crypto/vault.go:237.55,239.3 1 0
github.com/al-Zamakhshari/maknoon/pkg/crypto/vault.go:240.2,240.21 1 0
github.com/al-Zamakhshari/maknoon/pkg/crypto/vault.go:240.21,242.3 1 0
github.com/al-Zamakhshari/maknoon/pkg/crypto/vault.go:243.2,244.16 2 0
github.com/al-Zamakhshari/maknoon/pkg/crypto/vault.go:244.16,246.3 1 0
github.com/al-Zamakhshari/maknoon/pkg/crypto/vault.go:249.2,250.16 2 0
github.com/al-Zamakhshari/maknoon/pkg/crypto/vault.go:250.16,252.3 1 0
github.com/al-Zamakhshari/maknoon/pkg/crypto/vault.go:255.2,255.18 1 0
github.com/al-Zamakhshari/maknoon/pkg/crypto/vault.go:255.18,258.17 2 0
github.com/al-Zamakhshari/maknoon/pkg/crypto/vault.go:258.17,260.4 1 0
github.com/al-Zamakhshari/maknoon/pkg/crypto/vault.go:263.3,264.17 2 0
github.com/al-Zamakhshari/maknoon/pkg/crypto/vault.go:264.17,266.4 1 0
github.com/al-Zamakhshari/maknoon/pkg/crypto/vault.go:268.3,268.33 1 0
github.com/al-Zamakhshari/maknoon/pkg/crypto/vault.go:268.33,271.18 2 0
github.com/al-Zamakhshari/maknoon/pkg/crypto/vault.go:271.18,273.5 1 0
github.com/al-Zamakhshari/maknoon/pkg/crypto/vault.go:276.4,277.18 2 0
github.com/al-Zamakhshari/maknoon/pkg/crypto/vault.go:277.18,279.5 1 0
github.com/al-Zamakhshari/maknoon/pkg/crypto/vault.go:283.2,283.27 1 0
github.com/al-Zamakhshari/maknoon/pkg/crypto/vault.go:286.64,287.16 1 1
github.com/al-Zamakhshari/maknoon/pkg/crypto/vault.go:287.16,289.3 1 0
github.com/al-Zamakhshari/maknoon/pkg/crypto/vault.go:290.2,290.78 1 1
github.com/al-Zamakhshari/maknoon/pkg/crypto/vault.go:290.78,292.3 1 0
github.com/al-Zamakhshari/maknoon/pkg/crypto/vault.go:293.2,293.68 1 1
github.com/al-Zamakhshari/maknoon/pkg/crypto/vault.go:306.63,310.16 4 1
github.com/al-Zamakhshari/maknoon/pkg/crypto/vault.go:310.16,312.3 1 0
github.com/al-Zamakhshari/maknoon/pkg/crypto/vault.go:313.2,314.59 2 1
github.com/al-Zamakhshari/maknoon/pkg/crypto/vault.go:314.59,316.3 1 0
github.com/al-Zamakhshari/maknoon/pkg/crypto/vault.go:318.2,319.42 2 1
github.com/al-Zamakhshari/maknoon/pkg/crypto/vault.go:323.58,326.16 3 1
github.com/al-Zamakhshari/maknoon/pkg/crypto/vault.go:326.16,328.3 1 0
github.com/al-Zamakhshari/maknoon/pkg/crypto/vault.go:329.2,330.30 2 1
github.com/al-Zamakhshari/maknoon/pkg/crypto/vault.go:330.30,332.3 1 0
github.com/al-Zamakhshari/maknoon/pkg/crypto/vault.go:334.2,338.16 4 1
github.com/al-Zamakhshari/maknoon/pkg/crypto/vault.go:338.16,340.3 1 1
github.com/al-Zamakhshari/maknoon/pkg/crypto/vault.go:342.2,343.58 2 1
github.com/al-Zamakhshari/maknoon/pkg/crypto/vault.go:343.58,345.3 1 0
github.com/al-Zamakhshari/maknoon/pkg/crypto/vault.go:346.2,346.20 1 1
github.com/al-Zamakhshari/maknoon/pkg/crypto/vault.go:350.53,352.2 1 1
github.com/al-Zamakhshari/maknoon/pkg/crypto/vault.go:355.95,357.16 2 0
github.com/al-Zamakhshari/maknoon/pkg/crypto/vault.go:357.16,359.3 1 0
github.com/al-Zamakhshari/maknoon/pkg/crypto/vault.go:361.2,362.27 2 0
github.com/al-Zamakhshari/maknoon/pkg/crypto/vault.go:362.27,364.3 1 0
github.com/al-Zamakhshari/maknoon/pkg/crypto/vault.go:365.2,365.21 1 0
github.com/al-Zamakhshari/maknoon/pkg/crypto/vault.go:369.93,371.30 2 0
github.com/al-Zamakhshari/maknoon/pkg/crypto/vault.go:371.30,373.17 2 0
github.com/al-Zamakhshari/maknoon/pkg/crypto/vault.go:373.17,375.4 1 0
github.com/al-Zamakhshari/maknoon/pkg/crypto/vault.go:376.3,376.30 1 0
github.com/al-Zamakhshari/maknoon/pkg/crypto/vault.go:379.2,380.16 2 0
github.com/al-Zamakhshari/maknoon/pkg/crypto/vault.go:380.16,382.3 1 0
github.com/al-Zamakhshari/maknoon/pkg/crypto/vault.go:383.2,383.30 1 0
github.com/al-Zamakhshari/maknoon/pkg/crypto/vault.go:386.36,390.2 3 1
github.com/al-Zamakhshari/maknoon/pkg/crypto/words.go:18.67,19.17 1 0
github.com/al-Zamakhshari/maknoon/pkg/crypto/words.go:19.17,21.3 1 0
github.com/al-Zamakhshari/maknoon/pkg/crypto/words.go:23.2,24.16 2 0
github.com/al-Zamakhshari/maknoon/pkg/crypto/words.go:24.16,26.3 1 0
github.com/al-Zamakhshari/maknoon/pkg/crypto/words.go:28.2,29.30 2 0
github.com/al-Zamakhshari/maknoon/pkg/crypto/words.go:29.30,31.17 2 0
github.com/al-Zamakhshari/maknoon/pkg/crypto/words.go:31.17,33.4 1 0
github.com/al-Zamakhshari/maknoon/pkg/crypto/words.go:34.3,34.37 1 0
github.com/al-Zamakhshari/maknoon/pkg/crypto/words.go:37.2,40.26 2 0
github.com/al-Zamakhshari/maknoon/pkg/crypto/words.go:40.26,42.3 1 0
github.com/al-Zamakhshari/maknoon/pkg/crypto/words.go:44.2,44.20 1 0
github.com/al-Zamakhshari/maknoon/pkg/crypto/words.go:54.70,55.16 1 0
github.com/al-Zamakhshari/maknoon/pkg/crypto/words.go:55.16,57.3 1 0
github.com/al-Zamakhshari/maknoon/pkg/crypto/words.go:58.2,59.29 2 0
github.com/al-Zamakhshari/maknoon/pkg/crypto/words.go:59.29,61.17 2 0
github.com/al-Zamakhshari/maknoon/pkg/crypto/words.go:61.17,63.4 1 0
github.com/al-Zamakhshari/maknoon/pkg/crypto/words.go:64.3,64.57 1 0
github.com/al-Zamakhshari/maknoon/pkg/crypto/words.go:67.2,70.28 2 0
github.com/al-Zamakhshari/maknoon/pkg/crypto/words.go:70.28,72.3 1 0
github.com/al-Zamakhshari/maknoon/pkg/crypto/words.go:73.2,73.20 1 0
