mode: set
github.com/al-Zamakhshari/maknoon/cmd/maknoon/main.go:14.13,20.58 1 0
github.com/al-Zamakhshari/maknoon/cmd/maknoon/main.go:20.58,23.74 2 0
github.com/al-Zamakhshari/maknoon/cmd/maknoon/main.go:23.74,27.5 3 0
github.com/al-Zamakhshari/maknoon/cmd/maknoon/main.go:28.4,28.59 1 0
github.com/al-Zamakhshari/maknoon/cmd/maknoon/main.go:32.2,97.42 48 0
github.com/al-Zamakhshari/maknoon/cmd/maknoon/main.go:97.42,99.3 1 0
github.com/al-Zamakhshari/maknoon/cmd/maknoon/commands/chat.go:27.31,33.55 1 0
github.com/al-Zamakhshari/maknoon/cmd/maknoon/commands/chat.go:33.55,34.18 1 0
github.com/al-Zamakhshari/maknoon/cmd/maknoon/commands/chat.go:34.18,36.5 1 0
github.com/al-Zamakhshari/maknoon/cmd/maknoon/commands/chat.go:37.4,37.27 1 0
github.com/al-Zamakhshari/maknoon/cmd/maknoon/commands/chat.go:41.2,44.12 3 0
github.com/al-Zamakhshari/maknoon/cmd/maknoon/commands/chat.go:49.40,56.19 6 0
github.com/al-Zamakhshari/maknoon/cmd/maknoon/commands/chat.go:56.19,59.3 2 0
github.com/al-Zamakhshari/maknoon/cmd/maknoon/commands/chat.go:59.8,61.3 1 0
github.com/al-Zamakhshari/maknoon/cmd/maknoon/commands/chat.go:63.2,63.16 1 0
github.com/al-Zamakhshari/maknoon/cmd/maknoon/commands/chat.go:63.16,66.3 2 0
github.com/al-Zamakhshari/maknoon/cmd/maknoon/commands/chat.go:68.2,75.12 2 0
github.com/al-Zamakhshari/maknoon/cmd/maknoon/commands/chat.go:75.12,77.22 2 0
github.com/al-Zamakhshari/maknoon/cmd/maknoon/commands/chat.go:77.22,79.64 2 0
github.com/al-Zamakhshari/maknoon/cmd/maknoon/commands/chat.go:79.64,80.13 1 0
github.com/al-Zamakhshari/maknoon/cmd/maknoon/commands/chat.go:82.4,82.61 1 0
github.com/al-Zamakhshari/maknoon/cmd/maknoon/commands/chat.go:82.61,83.45 1 0
github.com/al-Zamakhshari/maknoon/cmd/maknoon/commands/chat.go:83.45,85.6 1 0
github.com/al-Zamakhshari/maknoon/cmd/maknoon/commands/chat.go:86.10,86.31 1 0
github.com/al-Zamakhshari/maknoon/cmd/maknoon/commands/chat.go:86.31,89.5 2 0
github.com/al-Zamakhshari/maknoon/cmd/maknoon/commands/chat.go:94.2,94.30 1 0
github.com/al-Zamakhshari/maknoon/cmd/maknoon/commands/chat.go:94.30,96.3 1 0
github.com/al-Zamakhshari/maknoon/cmd/maknoon/commands/chat.go:98.2,98.12 1 0
github.com/al-Zamakhshari/maknoon/cmd/maknoon/commands/chat.go:113.35,115.2 1 0
github.com/al-Zamakhshari/maknoon/cmd/maknoon/commands/chat.go:117.61,126.27 4 0
github.com/al-Zamakhshari/maknoon/cmd/maknoon/commands/chat.go:127.24,128.19 1 0
github.com/al-Zamakhshari/maknoon/cmd/maknoon/commands/chat.go:129.17,130.34 1 0
github.com/al-Zamakhshari/maknoon/cmd/maknoon/commands/chat.go:130.34,133.5 2 0
github.com/al-Zamakhshari/maknoon/cmd/maknoon/commands/chat.go:133.10,133.41 1 0
github.com/al-Zamakhshari/maknoon/cmd/maknoon/commands/chat.go:133.41,136.5 2 0
github.com/al-Zamakhshari/maknoon/cmd/maknoon/commands/chat.go:137.18,141.27 4 0
github.com/al-Zamakhshari/maknoon/cmd/maknoon/commands/chat.go:142.16,144.57 2 0
github.com/al-Zamakhshari/maknoon/cmd/maknoon/commands/chat.go:147.18,148.19 1 0
github.com/al-Zamakhshari/maknoon/cmd/maknoon/commands/chat.go:149.33,151.22 2 0
github.com/al-Zamakhshari/maknoon/cmd/maknoon/commands/chat.go:152.21,154.21 2 0
github.com/al-Zamakhshari/maknoon/cmd/maknoon/commands/chat.go:154.21,156.5 1 0
github.com/al-Zamakhshari/maknoon/cmd/maknoon/commands/chat.go:157.4,158.18 2 0
github.com/al-Zamakhshari/maknoon/cmd/maknoon/commands/chat.go:158.18,160.5 1 0
github.com/al-Zamakhshari/maknoon/cmd/maknoon/commands/chat.go:160.10,162.5 1 0
github.com/al-Zamakhshari/maknoon/cmd/maknoon/commands/chat.go:163.4,166.17 4 0
github.com/al-Zamakhshari/maknoon/cmd/maknoon/commands/chat.go:169.25,172.59 3 0
github.com/al-Zamakhshari/maknoon/cmd/maknoon/commands/chat.go:175.2,175.35 1 0
github.com/al-Zamakhshari/maknoon/cmd/maknoon/commands/chat.go:178.34,187.17 3 0
github.com/al-Zamakhshari/maknoon/cmd/maknoon/commands/chat.go:187.17,189.3 1 0
github.com/al-Zamakhshari/maknoon/cmd/maknoon/commands/chat.go:189.8,191.3 1 0
github.com/al-Zamakhshari/maknoon/cmd/maknoon/commands/chat.go:193.2,197.104 1 0
github.com/al-Zamakhshari/maknoon/cmd/maknoon/commands/chat.go:200.38,225.12 12 0
github.com/al-Zamakhshari/maknoon/cmd/maknoon/commands/chat.go:225.12,228.20 3 0
github.com/al-Zamakhshari/maknoon/cmd/maknoon/commands/chat.go:228.20,231.4 2 0
github.com/al-Zamakhshari/maknoon/cmd/maknoon/commands/chat.go:231.9,233.4 1 0
github.com/al-Zamakhshari/maknoon/cmd/maknoon/commands/chat.go:235.3,235.17 1 0
github.com/al-Zamakhshari/maknoon/cmd/maknoon/commands/chat.go:235.17,238.4 2 0
github.com/al-Zamakhshari/maknoon/cmd/maknoon/commands/chat.go:240.3,242.31 2 0
github.com/al-Zamakhshari/maknoon/cmd/maknoon/commands/chat.go:242.31,244.4 1 0
github.com/al-Zamakhshari/maknoon/cmd/maknoon/commands/chat.go:247.2,248.12 2 0
github.com/al-Zamakhshari/maknoon/cmd/maknoon/commands/contacts.go:13.34,26.2 6 0
github.com/al-Zamakhshari/maknoon/cmd/maknoon/commands/contacts.go:28.37,34.53 2 0
github.com/al-Zamakhshari/maknoon/cmd/maknoon/commands/contacts.go:34.53,36.40 2 0
github.com/al-Zamakhshari/maknoon/cmd/maknoon/commands/contacts.go:36.40,38.5 1 0
github.com/al-Zamakhshari/maknoon/cmd/maknoon/commands/contacts.go:40.4,40.24 1 0
github.com/al-Zamakhshari/maknoon/cmd/maknoon/commands/contacts.go:40.24,42.5 1 0
github.com/al-Zamakhshari/maknoon/cmd/maknoon/commands/contacts.go:44.4,45.18 2 0
github.com/al-Zamakhshari/maknoon/cmd/maknoon/commands/contacts.go:45.18,47.5 1 0
github.com/al-Zamakhshari/maknoon/cmd/maknoon/commands/contacts.go:49.4,50.24 2 0
github.com/al-Zamakhshari/maknoon/cmd/maknoon/commands/contacts.go:50.24,52.19 2 0
github.com/al-Zamakhshari/maknoon/cmd/maknoon/commands/contacts.go:52.19,54.6 1 0
github.com/al-Zamakhshari/maknoon/cmd/maknoon/commands/contacts.go:57.4,58.18 2 0
github.com/al-Zamakhshari/maknoon/cmd/maknoon/commands/contacts.go:58.18,60.5 1 0
github.com/al-Zamakhshari/maknoon/cmd/maknoon/commands/contacts.go:61.4,71.42 3 0
github.com/al-Zamakhshari/maknoon/cmd/maknoon/commands/contacts.go:71.42,73.5 1 0
github.com/al-Zamakhshari/maknoon/cmd/maknoon/commands/contacts.go:75.4,75.18 1 0
github.com/al-Zamakhshari/maknoon/cmd/maknoon/commands/contacts.go:75.18,77.5 1 0
github.com/al-Zamakhshari/maknoon/cmd/maknoon/commands/contacts.go:77.10,79.5 1 0
github.com/al-Zamakhshari/maknoon/cmd/maknoon/commands/contacts.go:80.4,80.14 1 0
github.com/al-Zamakhshari/maknoon/cmd/maknoon/commands/contacts.go:84.2,88.12 4 0
github.com/al-Zamakhshari/maknoon/cmd/maknoon/commands/contacts.go:91.38,95.50 1 0
github.com/al-Zamakhshari/maknoon/cmd/maknoon/commands/contacts.go:95.50,97.18 2 0
github.com/al-Zamakhshari/maknoon/cmd/maknoon/commands/contacts.go:97.18,99.5 1 0
github.com/al-Zamakhshari/maknoon/cmd/maknoon/commands/contacts.go:100.4,103.18 3 0
github.com/al-Zamakhshari/maknoon/cmd/maknoon/commands/contacts.go:103.18,105.5 1 0
github.com/al-Zamakhshari/maknoon/cmd/maknoon/commands/contacts.go:107.4,107.18 1 0
github.com/al-Zamakhshari/maknoon/cmd/maknoon/commands/contacts.go:107.18,109.5 1 0
github.com/al-Zamakhshari/maknoon/cmd/maknoon/commands/contacts.go:109.10,110.27 1 0
github.com/al-Zamakhshari/maknoon/cmd/maknoon/commands/contacts.go:110.27,113.6 2 0
github.com/al-Zamakhshari/maknoon/cmd/maknoon/commands/contacts.go:114.5,116.32 3 0
github.com/al-Zamakhshari/maknoon/cmd/maknoon/commands/contacts.go:116.32,118.6 1 0
github.com/al-Zamakhshari/maknoon/cmd/maknoon/commands/contacts.go:120.4,120.14 1 0
github.com/al-Zamakhshari/maknoon/cmd/maknoon/commands/contacts.go:123.2,123.12 1 0
github.com/al-Zamakhshari/maknoon/cmd/maknoon/commands/contacts.go:126.40,131.53 1 0
github.com/al-Zamakhshari/maknoon/cmd/maknoon/commands/contacts.go:131.53,133.40 2 0
github.com/al-Zamakhshari/maknoon/cmd/maknoon/commands/contacts.go:133.40,135.5 1 0
github.com/al-Zamakhshari/maknoon/cmd/maknoon/commands/contacts.go:137.4,138.18 2 0
github.com/al-Zamakhshari/maknoon/cmd/maknoon/commands/contacts.go:138.18,140.5 1 0
github.com/al-Zamakhshari/maknoon/cmd/maknoon/commands/contacts.go:141.4,143.45 2 0
github.com/al-Zamakhshari/maknoon/cmd/maknoon/commands/contacts.go:143.45,145.5 1 0
github.com/al-Zamakhshari/maknoon/cmd/maknoon/commands/contacts.go:147.4,147.18 1 0
github.com/al-Zamakhshari/maknoon/cmd/maknoon/commands/contacts.go:147.18,149.5 1 0
github.com/al-Zamakhshari/maknoon/cmd/maknoon/commands/contacts.go:149.10,151.5 1 0
github.com/al-Zamakhshari/maknoon/cmd/maknoon/commands/contacts.go:152.4,152.14 1 0
github.com/al-Zamakhshari/maknoon/cmd/maknoon/commands/contacts.go:155.2,155.12 1 0
github.com/al-Zamakhshari/maknoon/cmd/maknoon/commands/decrypt.go:19.34,37.53 13 0
github.com/al-Zamakhshari/maknoon/cmd/maknoon/commands/decrypt.go:37.53,40.18 3 0
github.com/al-Zamakhshari/maknoon/cmd/maknoon/commands/decrypt.go:40.18,41.19 1 0
github.com/al-Zamakhshari/maknoon/cmd/maknoon/commands/decrypt.go:41.19,44.6 2 0
github.com/al-Zamakhshari/maknoon/cmd/maknoon/commands/decrypt.go:45.5,45.15 1 0
github.com/al-Zamakhshari/maknoon/cmd/maknoon/commands/decrypt.go:47.4,47.34 1 0
github.com/al-Zamakhshari/maknoon/cmd/maknoon/commands/decrypt.go:47.34,48.18 1 0
github.com/al-Zamakhshari/maknoon/cmd/maknoon/commands/decrypt.go:48.18,48.35 1 0
github.com/al-Zamakhshari/maknoon/cmd/maknoon/commands/decrypt.go:51.4,51.25 1 0
github.com/al-Zamakhshari/maknoon/cmd/maknoon/commands/decrypt.go:51.25,52.63 1 0
github.com/al-Zamakhshari/maknoon/cmd/maknoon/commands/decrypt.go:52.63,53.20 1 0
github.com/al-Zamakhshari/maknoon/cmd/maknoon/commands/decrypt.go:53.20,56.7 2 0
github.com/al-Zamakhshari/maknoon/cmd/maknoon/commands/decrypt.go:57.6,57.16 1 0
github.com/al-Zamakhshari/maknoon/cmd/maknoon/commands/decrypt.go:62.4,66.15 4 0
github.com/al-Zamakhshari/maknoon/cmd/maknoon/commands/decrypt.go:66.15,68.54 2 0
github.com/al-Zamakhshari/maknoon/cmd/maknoon/commands/decrypt.go:68.54,70.20 2 0
github.com/al-Zamakhshari/maknoon/cmd/maknoon/commands/decrypt.go:70.20,73.7 2 0
github.com/al-Zamakhshari/maknoon/cmd/maknoon/commands/decrypt.go:74.6,74.16 1 0
github.com/al-Zamakhshari/maknoon/cmd/maknoon/commands/decrypt.go:76.5,80.76 3 0
github.com/al-Zamakhshari/maknoon/cmd/maknoon/commands/decrypt.go:80.76,82.6 1 0
github.com/al-Zamakhshari/maknoon/cmd/maknoon/commands/decrypt.go:82.11,84.6 1 0
github.com/al-Zamakhshari/maknoon/cmd/maknoon/commands/decrypt.go:85.5,85.16 1 0
github.com/al-Zamakhshari/maknoon/cmd/maknoon/commands/decrypt.go:85.16,87.6 1 0
github.com/al-Zamakhshari/maknoon/cmd/maknoon/commands/decrypt.go:88.10,90.54 2 0
github.com/al-Zamakhshari/maknoon/cmd/maknoon/commands/decrypt.go:90.54,92.20 2 0
github.com/al-Zamakhshari/maknoon/cmd/maknoon/commands/decrypt.go:92.20,95.7 2 0
github.com/al-Zamakhshari/maknoon/cmd/maknoon/commands/decrypt.go:96.6,96.16 1 0
github.com/al-Zamakhshari/maknoon/cmd/maknoon/commands/decrypt.go:98.5,102.16 4 0
github.com/al-Zamakhshari/maknoon/cmd/maknoon/commands/decrypt.go:102.16,104.6 1 0
github.com/al-Zamakhshari/maknoon/cmd/maknoon/commands/decrypt.go:108.4,109.18 2 0
github.com/al-Zamakhshari/maknoon/cmd/maknoon/commands/decrypt.go:109.18,110.19 1 0
github.com/al-Zamakhshari/maknoon/cmd/maknoon/commands/decrypt.go:110.19,113.6 2 0
github.com/al-Zamakhshari/maknoon/cmd/maknoon/commands/decrypt.go:114.5,114.15 1 0
github.com/al-Zamakhshari/maknoon/cmd/maknoon/commands/decrypt.go:118.4,119.36 2 0
github.com/al-Zamakhshari/maknoon/cmd/maknoon/commands/decrypt.go:119.36,121.33 2 0
github.com/al-Zamakhshari/maknoon/cmd/maknoon/commands/decrypt.go:121.33,123.20 2 0
github.com/al-Zamakhshari/maknoon/cmd/maknoon/commands/decrypt.go:123.20,126.7 2 0
github.com/al-Zamakhshari/maknoon/cmd/maknoon/commands/decrypt.go:127.6,127.16 1 0
github.com/al-Zamakhshari/maknoon/cmd/maknoon/commands/decrypt.go:129.5,130.19 2 0
github.com/al-Zamakhshari/maknoon/cmd/maknoon/commands/decrypt.go:130.19,132.20 2 0
github.com/al-Zamakhshari/maknoon/cmd/maknoon/commands/decrypt.go:132.20,135.7 2 0
github.com/al-Zamakhshari/maknoon/cmd/maknoon/commands/decrypt.go:136.6,136.16 1 0
github.com/al-Zamakhshari/maknoon/cmd/maknoon/commands/decrypt.go:138.5,138.19 1 0
github.com/al-Zamakhshari/maknoon/cmd/maknoon/commands/decrypt.go:142.4,142.17 1 0
github.com/al-Zamakhshari/maknoon/cmd/maknoon/commands/decrypt.go:142.17,143.26 1 0
github.com/al-Zamakhshari/maknoon/cmd/maknoon/commands/decrypt.go:143.26,145.6 1 0
github.com/al-Zamakhshari/maknoon/cmd/maknoon/commands/decrypt.go:146.5,146.40 1 0
github.com/al-Zamakhshari/maknoon/cmd/maknoon/commands/decrypt.go:146.40,148.6 1 0
github.com/al-Zamakhshari/maknoon/cmd/maknoon/commands/decrypt.go:152.4,153.18 2 0
github.com/al-Zamakhshari/maknoon/cmd/maknoon/commands/decrypt.go:153.18,154.19 1 0
github.com/al-Zamakhshari/maknoon/cmd/maknoon/commands/decrypt.go:154.19,157.6 2 0
github.com/al-Zamakhshari/maknoon/cmd/maknoon/commands/decrypt.go:158.5,158.15 1 0
github.com/al-Zamakhshari/maknoon/cmd/maknoon/commands/decrypt.go:161.4,161.36 1 0
github.com/al-Zamakhshari/maknoon/cmd/maknoon/commands/decrypt.go:161.36,162.47 1 0
github.com/al-Zamakhshari/maknoon/cmd/maknoon/commands/decrypt.go:162.47,164.20 2 0
github.com/al-Zamakhshari/maknoon/cmd/maknoon/commands/decrypt.go:164.20,167.7 2 0
github.com/al-Zamakhshari/maknoon/cmd/maknoon/commands/decrypt.go:168.6,168.16 1 0
github.com/al-Zamakhshari/maknoon/cmd/maknoon/commands/decrypt.go:173.4,173.32 1 0
github.com/al-Zamakhshari/maknoon/cmd/maknoon/commands/decrypt.go:173.32,175.5 1 0
github.com/al-Zamakhshari/maknoon/cmd/maknoon/commands/decrypt.go:177.4,179.49 3 0
github.com/al-Zamakhshari/maknoon/cmd/maknoon/commands/decrypt.go:179.49,182.5 2 0
github.com/al-Zamakhshari/maknoon/cmd/maknoon/commands/decrypt.go:184.4,184.14 1 0
github.com/al-Zamakhshari/maknoon/cmd/maknoon/commands/decrypt.go:184.14,188.36 4 0
github.com/al-Zamakhshari/maknoon/cmd/maknoon/commands/decrypt.go:188.36,190.6 1 0
github.com/al-Zamakhshari/maknoon/cmd/maknoon/commands/decrypt.go:190.11,192.6 1 0
github.com/al-Zamakhshari/maknoon/cmd/maknoon/commands/decrypt.go:193.5,195.32 3 0
github.com/al-Zamakhshari/maknoon/cmd/maknoon/commands/decrypt.go:198.4,198.22 1 0
github.com/al-Zamakhshari/maknoon/cmd/maknoon/commands/decrypt.go:198.22,203.18 3 0
github.com/al-Zamakhshari/maknoon/cmd/maknoon/commands/decrypt.go:203.18,203.58 1 0
github.com/al-Zamakhshari/maknoon/cmd/maknoon/commands/decrypt.go:206.4,206.121 1 0
github.com/al-Zamakhshari/maknoon/cmd/maknoon/commands/decrypt.go:206.121,207.19 1 0
github.com/al-Zamakhshari/maknoon/cmd/maknoon/commands/decrypt.go:207.19,210.6 2 0
github.com/al-Zamakhshari/maknoon/cmd/maknoon/commands/decrypt.go:211.5,211.15 1 0
github.com/al-Zamakhshari/maknoon/cmd/maknoon/commands/decrypt.go:215.4,216.24 2 0
github.com/al-Zamakhshari/maknoon/cmd/maknoon/commands/decrypt.go:216.24,222.19 5 0
github.com/al-Zamakhshari/maknoon/cmd/maknoon/commands/decrypt.go:222.19,225.33 2 0
github.com/al-Zamakhshari/maknoon/cmd/maknoon/commands/decrypt.go:225.33,226.85 1 0
github.com/al-Zamakhshari/maknoon/cmd/maknoon/commands/decrypt.go:226.85,229.13 3 0
github.com/al-Zamakhshari/maknoon/cmd/maknoon/commands/decrypt.go:233.6,233.28 1 0
github.com/al-Zamakhshari/maknoon/cmd/maknoon/commands/decrypt.go:233.28,244.7 4 0
github.com/al-Zamakhshari/maknoon/cmd/maknoon/commands/decrypt.go:245.6,245.16 1 0
github.com/al-Zamakhshari/maknoon/cmd/maknoon/commands/decrypt.go:248.5,252.31 2 0
github.com/al-Zamakhshari/maknoon/cmd/maknoon/commands/decrypt.go:252.31,254.6 1 0
github.com/al-Zamakhshari/maknoon/cmd/maknoon/commands/decrypt.go:257.4,257.18 1 0
github.com/al-Zamakhshari/maknoon/cmd/maknoon/commands/decrypt.go:257.18,262.25 2 0
github.com/al-Zamakhshari/maknoon/cmd/maknoon/commands/decrypt.go:262.25,264.6 1 0
github.com/al-Zamakhshari/maknoon/cmd/maknoon/commands/decrypt.go:265.5,265.19 1 0
github.com/al-Zamakhshari/maknoon/cmd/maknoon/commands/decrypt.go:266.10,266.31 1 0
github.com/al-Zamakhshari/maknoon/cmd/maknoon/commands/decrypt.go:266.31,268.39 2 0
github.com/al-Zamakhshari/maknoon/cmd/maknoon/commands/decrypt.go:268.39,270.6 1 0
github.com/al-Zamakhshari/maknoon/cmd/maknoon/commands/decrypt.go:271.5,271.96 1 0
github.com/al-Zamakhshari/maknoon/cmd/maknoon/commands/decrypt.go:274.4,274.14 1 0
github.com/al-Zamakhshari/maknoon/cmd/maknoon/commands/decrypt.go:278.2,290.12 13 0
github.com/al-Zamakhshari/maknoon/cmd/maknoon/commands/decrypt.go:293.73,294.17 1 0
github.com/al-Zamakhshari/maknoon/cmd/maknoon/commands/decrypt.go:294.17,296.3 1 0
github.com/al-Zamakhshari/maknoon/cmd/maknoon/commands/decrypt.go:297.2,297.43 1 0
github.com/al-Zamakhshari/maknoon/cmd/maknoon/commands/decrypt.go:297.43,299.3 1 0
github.com/al-Zamakhshari/maknoon/cmd/maknoon/commands/decrypt.go:300.2,301.16 2 0
github.com/al-Zamakhshari/maknoon/cmd/maknoon/commands/decrypt.go:301.16,303.3 1 0
github.com/al-Zamakhshari/maknoon/cmd/maknoon/commands/decrypt.go:304.2,305.16 2 0
github.com/al-Zamakhshari/maknoon/cmd/maknoon/commands/decrypt.go:305.16,308.3 2 0
github.com/al-Zamakhshari/maknoon/cmd/maknoon/commands/decrypt.go:309.2,309.34 1 0
github.com/al-Zamakhshari/maknoon/cmd/maknoon/commands/decrypt.go:312.88,314.19 2 0
github.com/al-Zamakhshari/maknoon/cmd/maknoon/commands/decrypt.go:314.19,316.3 1 0
github.com/al-Zamakhshari/maknoon/cmd/maknoon/commands/decrypt.go:316.8,316.25 1 0
github.com/al-Zamakhshari/maknoon/cmd/maknoon/commands/decrypt.go:316.25,318.3 1 0
github.com/al-Zamakhshari/maknoon/cmd/maknoon/commands/decrypt.go:318.8,318.29 1 0
github.com/al-Zamakhshari/maknoon/cmd/maknoon/commands/decrypt.go:318.29,320.3 1 0
github.com/al-Zamakhshari/maknoon/cmd/maknoon/commands/decrypt.go:320.8,320.42 1 0
github.com/al-Zamakhshari/maknoon/cmd/maknoon/commands/decrypt.go:320.42,322.3 1 0
github.com/al-Zamakhshari/maknoon/cmd/maknoon/commands/decrypt.go:322.8,322.50 1 0
github.com/al-Zamakhshari/maknoon/cmd/maknoon/commands/decrypt.go:322.50,324.3 1 0
github.com/al-Zamakhshari/maknoon/cmd/maknoon/commands/decrypt.go:324.8,326.3 1 0
github.com/al-Zamakhshari/maknoon/cmd/maknoon/commands/decrypt.go:328.2,328.46 1 0
github.com/al-Zamakhshari/maknoon/cmd/maknoon/commands/decrypt.go:328.46,330.3 1 0
github.com/al-Zamakhshari/maknoon/cmd/maknoon/commands/decrypt.go:332.2,332.21 1 0
github.com/al-Zamakhshari/maknoon/cmd/maknoon/commands/decrypt.go:335.115,337.22 2 0
github.com/al-Zamakhshari/maknoon/cmd/maknoon/commands/decrypt.go:337.22,339.3 1 0
github.com/al-Zamakhshari/maknoon/cmd/maknoon/commands/decrypt.go:339.8,339.62 1 0
github.com/al-Zamakhshari/maknoon/cmd/maknoon/commands/decrypt.go:339.62,341.3 1 0
github.com/al-Zamakhshari/maknoon/cmd/maknoon/commands/decrypt.go:343.2,343.33 1 0
github.com/al-Zamakhshari/maknoon/cmd/maknoon/commands/decrypt.go:343.33,344.15 1 0
github.com/al-Zamakhshari/maknoon/cmd/maknoon/commands/decrypt.go:344.15,346.4 1 0
github.com/al-Zamakhshari/maknoon/cmd/maknoon/commands/decrypt.go:347.3,347.25 1 0
github.com/al-Zamakhshari/maknoon/cmd/maknoon/commands/decrypt.go:347.25,348.15 1 0
github.com/al-Zamakhshari/maknoon/cmd/maknoon/commands/decrypt.go:348.15,350.5 1 0
github.com/al-Zamakhshari/maknoon/cmd/maknoon/commands/decrypt.go:351.4,354.18 4 0
github.com/al-Zamakhshari/maknoon/cmd/maknoon/commands/decrypt.go:354.18,356.5 1 0
github.com/al-Zamakhshari/maknoon/cmd/maknoon/commands/decrypt.go:357.4,357.16 1 0
github.com/al-Zamakhshari/maknoon/cmd/maknoon/commands/decrypt.go:359.3,359.33 1 0
github.com/al-Zamakhshari/maknoon/cmd/maknoon/commands/decrypt.go:362.2,362.37 1 0
github.com/al-Zamakhshari/maknoon/cmd/maknoon/commands/decrypt.go:362.37,365.25 3 0
github.com/al-Zamakhshari/maknoon/cmd/maknoon/commands/decrypt.go:365.25,367.4 1 0
github.com/al-Zamakhshari/maknoon/cmd/maknoon/commands/decrypt.go:369.3,370.17 2 0
github.com/al-Zamakhshari/maknoon/cmd/maknoon/commands/decrypt.go:370.17,372.4 1 0
github.com/al-Zamakhshari/maknoon/cmd/maknoon/commands/decrypt.go:373.3,373.29 1 0
github.com/al-Zamakhshari/maknoon/cmd/maknoon/commands/decrypt.go:376.2,376.86 1 0
github.com/al-Zamakhshari/maknoon/cmd/maknoon/commands/encrypt.go:16.34,38.53 15 0
github.com/al-Zamakhshari/maknoon/cmd/maknoon/commands/encrypt.go:38.53,41.18 3 0
github.com/al-Zamakhshari/maknoon/cmd/maknoon/commands/encrypt.go:41.18,42.19 1 0
github.com/al-Zamakhshari/maknoon/cmd/maknoon/commands/encrypt.go:42.19,45.6 2 0
github.com/al-Zamakhshari/maknoon/cmd/maknoon/commands/encrypt.go:46.5,46.15 1 0
github.com/al-Zamakhshari/maknoon/cmd/maknoon/commands/encrypt.go:48.4,48.20 1 0
github.com/al-Zamakhshari/maknoon/cmd/maknoon/commands/encrypt.go:48.20,49.38 1 0
github.com/al-Zamakhshari/maknoon/cmd/maknoon/commands/encrypt.go:49.38,50.19 1 0
github.com/al-Zamakhshari/maknoon/cmd/maknoon/commands/encrypt.go:50.19,50.36 1 0
github.com/al-Zamakhshari/maknoon/cmd/maknoon/commands/encrypt.go:54.4,55.18 2 0
github.com/al-Zamakhshari/maknoon/cmd/maknoon/commands/encrypt.go:55.18,56.19 1 0
github.com/al-Zamakhshari/maknoon/cmd/maknoon/commands/encrypt.go:56.19,59.6 2 0
github.com/al-Zamakhshari/maknoon/cmd/maknoon/commands/encrypt.go:60.5,60.15 1 0
github.com/al-Zamakhshari/maknoon/cmd/maknoon/commands/encrypt.go:62.4,62.35 1 0
github.com/al-Zamakhshari/maknoon/cmd/maknoon/commands/encrypt.go:62.35,63.18 1 0
github.com/al-Zamakhshari/maknoon/cmd/maknoon/commands/encrypt.go:63.18,63.35 1 0
github.com/al-Zamakhshari/maknoon/cmd/maknoon/commands/encrypt.go:66.4,66.25 1 0
github.com/al-Zamakhshari/maknoon/cmd/maknoon/commands/encrypt.go:66.25,67.68 1 0
github.com/al-Zamakhshari/maknoon/cmd/maknoon/commands/encrypt.go:67.68,68.20 1 0
github.com/al-Zamakhshari/maknoon/cmd/maknoon/commands/encrypt.go:68.20,71.7 2 0
github.com/al-Zamakhshari/maknoon/cmd/maknoon/commands/encrypt.go:72.6,72.16 1 0
github.com/al-Zamakhshari/maknoon/cmd/maknoon/commands/encrypt.go:76.4,90.96 2 0
github.com/al-Zamakhshari/maknoon/cmd/maknoon/commands/encrypt.go:90.96,91.19 1 0
github.com/al-Zamakhshari/maknoon/cmd/maknoon/commands/encrypt.go:91.19,94.6 2 0
github.com/al-Zamakhshari/maknoon/cmd/maknoon/commands/encrypt.go:95.5,95.15 1 0
github.com/al-Zamakhshari/maknoon/cmd/maknoon/commands/encrypt.go:98.4,98.67 1 0
github.com/al-Zamakhshari/maknoon/cmd/maknoon/commands/encrypt.go:98.67,101.31 3 0
github.com/al-Zamakhshari/maknoon/cmd/maknoon/commands/encrypt.go:101.31,103.20 2 0
github.com/al-Zamakhshari/maknoon/cmd/maknoon/commands/encrypt.go:103.20,105.7 1 0
github.com/al-Zamakhshari/maknoon/cmd/maknoon/commands/encrypt.go:109.4,109.17 1 0
github.com/al-Zamakhshari/maknoon/cmd/maknoon/commands/encrypt.go:109.17,110.33 1 0
github.com/al-Zamakhshari/maknoon/cmd/maknoon/commands/encrypt.go:110.33,112.6 1 0
github.com/al-Zamakhshari/maknoon/cmd/maknoon/commands/encrypt.go:113.5,113.33 1 0
github.com/al-Zamakhshari/maknoon/cmd/maknoon/commands/encrypt.go:113.33,115.6 1 0
github.com/al-Zamakhshari/maknoon/cmd/maknoon/commands/encrypt.go:118.4,118.18 1 0
github.com/al-Zamakhshari/maknoon/cmd/maknoon/commands/encrypt.go:118.18,120.5 1 0
github.com/al-Zamakhshari/maknoon/cmd/maknoon/commands/encrypt.go:122.4,122.31 1 0
github.com/al-Zamakhshari/maknoon/cmd/maknoon/commands/encrypt.go:122.31,126.5 3 0
github.com/al-Zamakhshari/maknoon/cmd/maknoon/commands/encrypt.go:126.10,126.21 1 0
github.com/al-Zamakhshari/maknoon/cmd/maknoon/commands/encrypt.go:126.21,128.5 1 0
github.com/al-Zamakhshari/maknoon/cmd/maknoon/commands/encrypt.go:130.4,130.71 1 0
github.com/al-Zamakhshari/maknoon/cmd/maknoon/commands/encrypt.go:130.71,131.19 1 0
github.com/al-Zamakhshari/maknoon/cmd/maknoon/commands/encrypt.go:131.19,134.6 2 0
github.com/al-Zamakhshari/maknoon/cmd/maknoon/commands/encrypt.go:135.5,135.15 1 0
github.com/al-Zamakhshari/maknoon/cmd/maknoon/commands/encrypt.go:138.4,138.18 1 0
github.com/al-Zamakhshari/maknoon/cmd/maknoon/commands/encrypt.go:138.18,143.5 1 0
github.com/al-Zamakhshari/maknoon/cmd/maknoon/commands/encrypt.go:145.4,145.14 1 0
github.com/al-Zamakhshari/maknoon/cmd/maknoon/commands/encrypt.go:149.2,166.12 15 0
github.com/al-Zamakhshari/maknoon/cmd/maknoon/commands/encrypt.go:169.79,170.17 1 0
github.com/al-Zamakhshari/maknoon/cmd/maknoon/commands/encrypt.go:170.17,172.3 1 0
github.com/al-Zamakhshari/maknoon/cmd/maknoon/commands/encrypt.go:173.2,173.43 1 0
github.com/al-Zamakhshari/maknoon/cmd/maknoon/commands/encrypt.go:173.43,175.3 1 0
github.com/al-Zamakhshari/maknoon/cmd/maknoon/commands/encrypt.go:176.2,177.16 2 0
github.com/al-Zamakhshari/maknoon/cmd/maknoon/commands/encrypt.go:177.16,179.3 1 0
github.com/al-Zamakhshari/maknoon/cmd/maknoon/commands/encrypt.go:180.2,182.11 3 0
github.com/al-Zamakhshari/maknoon/cmd/maknoon/commands/encrypt.go:182.11,184.3 1 0
github.com/al-Zamakhshari/maknoon/cmd/maknoon/commands/encrypt.go:184.8,186.3 1 0
github.com/al-Zamakhshari/maknoon/cmd/maknoon/commands/encrypt.go:187.2,187.41 1 0
github.com/al-Zamakhshari/maknoon/cmd/maknoon/commands/encrypt.go:190.80,191.19 1 0
github.com/al-Zamakhshari/maknoon/cmd/maknoon/commands/encrypt.go:191.19,193.3 1 0
github.com/al-Zamakhshari/maknoon/cmd/maknoon/commands/encrypt.go:194.2,195.19 2 0
github.com/al-Zamakhshari/maknoon/cmd/maknoon/commands/encrypt.go:195.19,196.23 1 0
github.com/al-Zamakhshari/maknoon/cmd/maknoon/commands/encrypt.go:196.23,198.4 1 0
github.com/al-Zamakhshari/maknoon/cmd/maknoon/commands/encrypt.go:199.3,199.32 1 0
github.com/al-Zamakhshari/maknoon/cmd/maknoon/commands/encrypt.go:202.2,202.46 1 0
github.com/al-Zamakhshari/maknoon/cmd/maknoon/commands/encrypt.go:202.46,204.3 1 0
github.com/al-Zamakhshari/maknoon/cmd/maknoon/commands/encrypt.go:206.2,207.16 2 0
github.com/al-Zamakhshari/maknoon/cmd/maknoon/commands/encrypt.go:207.16,209.3 1 0
github.com/al-Zamakhshari/maknoon/cmd/maknoon/commands/encrypt.go:210.2,210.24 1 0
github.com/al-Zamakhshari/maknoon/cmd/maknoon/commands/encrypt.go:213.59,215.16 2 0
github.com/al-Zamakhshari/maknoon/cmd/maknoon/commands/encrypt.go:215.16,217.3 1 0
github.com/al-Zamakhshari/maknoon/cmd/maknoon/commands/encrypt.go:218.2,219.49 2 0
github.com/al-Zamakhshari/maknoon/cmd/maknoon/commands/encrypt.go:219.49,221.3 1 0
github.com/al-Zamakhshari/maknoon/cmd/maknoon/commands/encrypt.go:222.2,222.38 1 0
github.com/al-Zamakhshari/maknoon/cmd/maknoon/commands/encrypt.go:222.38,224.3 1 0
github.com/al-Zamakhshari/maknoon/cmd/maknoon/commands/encrypt.go:225.2,226.22 2 0
github.com/al-Zamakhshari/maknoon/cmd/maknoon/commands/encrypt.go:226.22,228.3 1 0
github.com/al-Zamakhshari/maknoon/cmd/maknoon/commands/encrypt.go:229.2,229.12 1 0
github.com/al-Zamakhshari/maknoon/cmd/maknoon/commands/encrypt.go:231.113,233.27 2 0
github.com/al-Zamakhshari/maknoon/cmd/maknoon/commands/encrypt.go:233.27,234.56 1 0
github.com/al-Zamakhshari/maknoon/cmd/maknoon/commands/encrypt.go:234.56,236.4 1 0
github.com/al-Zamakhshari/maknoon/cmd/maknoon/commands/encrypt.go:239.2,239.35 1 0
github.com/al-Zamakhshari/maknoon/cmd/maknoon/commands/encrypt.go:239.35,241.17 2 0
github.com/al-Zamakhshari/maknoon/cmd/maknoon/commands/encrypt.go:241.17,243.4 1 0
github.com/al-Zamakhshari/maknoon/cmd/maknoon/commands/encrypt.go:244.3,244.48 1 0
github.com/al-Zamakhshari/maknoon/cmd/maknoon/commands/encrypt.go:247.2,247.30 1 0
github.com/al-Zamakhshari/maknoon/cmd/maknoon/commands/encrypt.go:247.30,249.3 1 0
github.com/al-Zamakhshari/maknoon/cmd/maknoon/commands/encrypt.go:251.2,251.22 1 0
github.com/al-Zamakhshari/maknoon/cmd/maknoon/commands/encrypt.go:251.22,254.3 2 0
github.com/al-Zamakhshari/maknoon/cmd/maknoon/commands/encrypt.go:255.2,255.55 1 0
github.com/al-Zamakhshari/maknoon/cmd/maknoon/commands/encrypt.go:255.55,258.3 2 0
github.com/al-Zamakhshari/maknoon/cmd/maknoon/commands/encrypt.go:260.2,260.36 1 0
github.com/al-Zamakhshari/maknoon/cmd/maknoon/commands/encrypt.go:260.36,262.3 1 0
github.com/al-Zamakhshari/maknoon/cmd/maknoon/commands/encrypt.go:264.2,267.16 4 0
github.com/al-Zamakhshari/maknoon/cmd/maknoon/commands/encrypt.go:267.16,269.3 1 0
github.com/al-Zamakhshari/maknoon/cmd/maknoon/commands/encrypt.go:271.2,274.16 4 0
github.com/al-Zamakhshari/maknoon/cmd/maknoon/commands/encrypt.go:274.16,277.3 2 0
github.com/al-Zamakhshari/maknoon/cmd/maknoon/commands/encrypt.go:278.2,280.34 2 0
github.com/al-Zamakhshari/maknoon/cmd/maknoon/commands/encrypt.go:280.34,283.3 2 0
github.com/al-Zamakhshari/maknoon/cmd/maknoon/commands/encrypt.go:284.2,285.12 2 0
github.com/al-Zamakhshari/maknoon/cmd/maknoon/commands/gen.go:20.30,30.2 4 0
github.com/al-Zamakhshari/maknoon/cmd/maknoon/commands/gen.go:32.38,39.50 3 0
github.com/al-Zamakhshari/maknoon/cmd/maknoon/commands/gen.go:39.50,41.18 2 0
github.com/al-Zamakhshari/maknoon/cmd/maknoon/commands/gen.go:41.18,43.5 1 0
github.com/al-Zamakhshari/maknoon/cmd/maknoon/commands/gen.go:45.4,46.32 2 0
github.com/al-Zamakhshari/maknoon/cmd/maknoon/commands/gen.go:46.32,48.19 2 0
github.com/al-Zamakhshari/maknoon/cmd/maknoon/commands/gen.go:48.19,50.6 1 0
github.com/al-Zamakhshari/maknoon/cmd/maknoon/commands/gen.go:51.5,51.39 1 0
github.com/al-Zamakhshari/maknoon/cmd/maknoon/commands/gen.go:54.4,54.18 1 0
github.com/al-Zamakhshari/maknoon/cmd/maknoon/commands/gen.go:54.18,56.5 1 0
github.com/al-Zamakhshari/maknoon/cmd/maknoon/commands/gen.go:56.10,58.5 1 0
github.com/al-Zamakhshari/maknoon/cmd/maknoon/commands/gen.go:61.4,61.28 1 0
github.com/al-Zamakhshari/maknoon/cmd/maknoon/commands/gen.go:61.28,63.5 1 0
github.com/al-Zamakhshari/maknoon/cmd/maknoon/commands/gen.go:65.4,65.14 1 0
github.com/al-Zamakhshari/maknoon/cmd/maknoon/commands/gen.go:69.2,71.12 3 0
github.com/al-Zamakhshari/maknoon/cmd/maknoon/commands/gen.go:74.40,81.50 3 0
github.com/al-Zamakhshari/maknoon/cmd/maknoon/commands/gen.go:81.50,83.18 2 0
github.com/al-Zamakhshari/maknoon/cmd/maknoon/commands/gen.go:83.18,85.5 1 0
github.com/al-Zamakhshari/maknoon/cmd/maknoon/commands/gen.go:87.4,87.18 1 0
github.com/al-Zamakhshari/maknoon/cmd/maknoon/commands/gen.go:87.18,89.5 1 0
github.com/al-Zamakhshari/maknoon/cmd/maknoon/commands/gen.go:89.10,91.5 1 0
github.com/al-Zamakhshari/maknoon/cmd/maknoon/commands/gen.go:92.4,92.14 1 0
github.com/al-Zamakhshari/maknoon/cmd/maknoon/commands/gen.go:96.2,98.12 3 0
github.com/al-Zamakhshari/maknoon/cmd/maknoon/commands/helpers.go:24.44,27.2 2 0
github.com/al-Zamakhshari/maknoon/cmd/maknoon/commands/helpers.go:30.45,33.2 2 0
github.com/al-Zamakhshari/maknoon/cmd/maknoon/commands/helpers.go:36.31,38.2 1 0
github.com/al-Zamakhshari/maknoon/cmd/maknoon/commands/helpers.go:41.32,43.2 1 0
github.com/al-Zamakhshari/maknoon/cmd/maknoon/commands/helpers.go:52.56,54.2 1 0
github.com/al-Zamakhshari/maknoon/cmd/maknoon/commands/helpers.go:57.34,60.2 2 0
github.com/al-Zamakhshari/maknoon/cmd/maknoon/commands/helpers.go:64.38,66.17 1 0
github.com/al-Zamakhshari/maknoon/cmd/maknoon/commands/helpers.go:66.17,68.3 1 0
github.com/al-Zamakhshari/maknoon/cmd/maknoon/commands/helpers.go:69.2,69.40 1 0
github.com/al-Zamakhshari/maknoon/cmd/maknoon/commands/identity.go:16.35,33.2 10 0
github.com/al-Zamakhshari/maknoon/cmd/maknoon/commands/identity.go:35.42,41.55 2 0
github.com/al-Zamakhshari/maknoon/cmd/maknoon/commands/identity.go:41.55,44.39 3 0
github.com/al-Zamakhshari/maknoon/cmd/maknoon/commands/identity.go:44.39,46.5 1 0
github.com/al-Zamakhshari/maknoon/cmd/maknoon/commands/identity.go:49.4,52.59 3 0
github.com/al-Zamakhshari/maknoon/cmd/maknoon/commands/identity.go:52.59,54.5 1 0
github.com/al-Zamakhshari/maknoon/cmd/maknoon/commands/identity.go:56.4,57.18 2 0
github.com/al-Zamakhshari/maknoon/cmd/maknoon/commands/identity.go:57.18,59.5 1 0
github.com/al-Zamakhshari/maknoon/cmd/maknoon/commands/identity.go:60.4,70.50 3 0
github.com/al-Zamakhshari/maknoon/cmd/maknoon/commands/identity.go:70.50,72.5 1 0
github.com/al-Zamakhshari/maknoon/cmd/maknoon/commands/identity.go:75.4,75.86 1 0
github.com/al-Zamakhshari/maknoon/cmd/maknoon/commands/identity.go:75.86,77.5 1 0
github.com/al-Zamakhshari/maknoon/cmd/maknoon/commands/identity.go:79.4,79.18 1 0
github.com/al-Zamakhshari/maknoon/cmd/maknoon/commands/identity.go:79.18,85.5 1 0
github.com/al-Zamakhshari/maknoon/cmd/maknoon/commands/identity.go:85.10,88.5 2 0
github.com/al-Zamakhshari/maknoon/cmd/maknoon/commands/identity.go:90.4,90.14 1 0
github.com/al-Zamakhshari/maknoon/cmd/maknoon/commands/identity.go:93.2,94.12 2 0
github.com/al-Zamakhshari/maknoon/cmd/maknoon/commands/identity.go:97.40,105.55 3 0
github.com/al-Zamakhshari/maknoon/cmd/maknoon/commands/identity.go:105.55,110.18 5 0
github.com/al-Zamakhshari/maknoon/cmd/maknoon/commands/identity.go:110.18,112.5 1 0
github.com/al-Zamakhshari/maknoon/cmd/maknoon/commands/identity.go:113.4,124.18 9 0
github.com/al-Zamakhshari/maknoon/cmd/maknoon/commands/identity.go:124.18,126.5 1 0
github.com/al-Zamakhshari/maknoon/cmd/maknoon/commands/identity.go:128.4,128.18 1 0
github.com/al-Zamakhshari/maknoon/cmd/maknoon/commands/identity.go:128.18,130.30 2 0
github.com/al-Zamakhshari/maknoon/cmd/maknoon/commands/identity.go:130.30,132.6 1 0
github.com/al-Zamakhshari/maknoon/cmd/maknoon/commands/identity.go:133.5,138.7 1 0
github.com/al-Zamakhshari/maknoon/cmd/maknoon/commands/identity.go:139.10,142.30 3 0
github.com/al-Zamakhshari/maknoon/cmd/maknoon/commands/identity.go:142.30,144.6 1 0
github.com/al-Zamakhshari/maknoon/cmd/maknoon/commands/identity.go:147.4,147.14 1 0
github.com/al-Zamakhshari/maknoon/cmd/maknoon/commands/identity.go:151.2,155.12 4 0
github.com/al-Zamakhshari/maknoon/cmd/maknoon/commands/identity.go:158.42,166.55 4 0
github.com/al-Zamakhshari/maknoon/cmd/maknoon/commands/identity.go:166.55,168.22 2 0
github.com/al-Zamakhshari/maknoon/cmd/maknoon/commands/identity.go:168.22,170.5 1 0
github.com/al-Zamakhshari/maknoon/cmd/maknoon/commands/identity.go:172.4,173.28 2 0
github.com/al-Zamakhshari/maknoon/cmd/maknoon/commands/identity.go:173.28,175.19 2 0
github.com/al-Zamakhshari/maknoon/cmd/maknoon/commands/identity.go:175.19,177.6 1 0
github.com/al-Zamakhshari/maknoon/cmd/maknoon/commands/identity.go:178.5,178.32 1 0
github.com/al-Zamakhshari/maknoon/cmd/maknoon/commands/identity.go:181.4,182.18 2 0
github.com/al-Zamakhshari/maknoon/cmd/maknoon/commands/identity.go:182.18,184.5 1 0
github.com/al-Zamakhshari/maknoon/cmd/maknoon/commands/identity.go:185.4,187.21 2 0
github.com/al-Zamakhshari/maknoon/cmd/maknoon/commands/identity.go:187.21,189.5 1 0
github.com/al-Zamakhshari/maknoon/cmd/maknoon/commands/identity.go:191.4,192.36 2 0
github.com/al-Zamakhshari/maknoon/cmd/maknoon/commands/identity.go:192.36,194.5 1 0
github.com/al-Zamakhshari/maknoon/cmd/maknoon/commands/identity.go:195.4,198.44 3 0
github.com/al-Zamakhshari/maknoon/cmd/maknoon/commands/identity.go:198.44,200.5 1 0
github.com/al-Zamakhshari/maknoon/cmd/maknoon/commands/identity.go:201.4,205.18 3 0
github.com/al-Zamakhshari/maknoon/cmd/maknoon/commands/identity.go:205.18,207.5 1 0
github.com/al-Zamakhshari/maknoon/cmd/maknoon/commands/identity.go:208.4,209.18 2 0
github.com/al-Zamakhshari/maknoon/cmd/maknoon/commands/identity.go:209.18,211.5 1 0
github.com/al-Zamakhshari/maknoon/cmd/maknoon/commands/identity.go:213.4,215.18 3 0
github.com/al-Zamakhshari/maknoon/cmd/maknoon/commands/identity.go:215.18,217.5 1 0
github.com/al-Zamakhshari/maknoon/cmd/maknoon/commands/identity.go:219.4,220.18 2 0
github.com/al-Zamakhshari/maknoon/cmd/maknoon/commands/identity.go:220.18,221.19 1 0
github.com/al-Zamakhshari/maknoon/cmd/maknoon/commands/identity.go:221.19,224.6 2 0
github.com/al-Zamakhshari/maknoon/cmd/maknoon/commands/identity.go:225.5,225.15 1 0
github.com/al-Zamakhshari/maknoon/cmd/maknoon/commands/identity.go:227.4,229.107 2 0
github.com/al-Zamakhshari/maknoon/cmd/maknoon/commands/identity.go:229.107,230.19 1 0
github.com/al-Zamakhshari/maknoon/cmd/maknoon/commands/identity.go:230.19,233.6 2 0
github.com/al-Zamakhshari/maknoon/cmd/maknoon/commands/identity.go:234.5,234.15 1 0
github.com/al-Zamakhshari/maknoon/cmd/maknoon/commands/identity.go:237.4,237.18 1 0
github.com/al-Zamakhshari/maknoon/cmd/maknoon/commands/identity.go:237.18,242.5 1 0
github.com/al-Zamakhshari/maknoon/cmd/maknoon/commands/identity.go:242.10,244.5 1 0
github.com/al-Zamakhshari/maknoon/cmd/maknoon/commands/identity.go:246.4,246.14 1 0
github.com/al-Zamakhshari/maknoon/cmd/maknoon/commands/identity.go:250.2,254.12 4 0
github.com/al-Zamakhshari/maknoon/cmd/maknoon/commands/identity.go:257.41,261.50 1 0
github.com/al-Zamakhshari/maknoon/cmd/maknoon/commands/identity.go:261.50,264.18 3 0
github.com/al-Zamakhshari/maknoon/cmd/maknoon/commands/identity.go:264.18,266.5 1 0
github.com/al-Zamakhshari/maknoon/cmd/maknoon/commands/identity.go:268.4,268.18 1 0
github.com/al-Zamakhshari/maknoon/cmd/maknoon/commands/identity.go:268.18,272.5 1 0
github.com/al-Zamakhshari/maknoon/cmd/maknoon/commands/identity.go:272.10,274.23 2 0
github.com/al-Zamakhshari/maknoon/cmd/maknoon/commands/identity.go:274.23,276.6 1 0
github.com/al-Zamakhshari/maknoon/cmd/maknoon/commands/identity.go:277.5,277.28 1 0
github.com/al-Zamakhshari/maknoon/cmd/maknoon/commands/identity.go:277.28,279.6 1 0
github.com/al-Zamakhshari/maknoon/cmd/maknoon/commands/identity.go:281.4,281.14 1 0
github.com/al-Zamakhshari/maknoon/cmd/maknoon/commands/identity.go:284.2,284.12 1 0
github.com/al-Zamakhshari/maknoon/cmd/maknoon/commands/identity.go:287.39,291.50 1 0
github.com/al-Zamakhshari/maknoon/cmd/maknoon/commands/identity.go:291.50,293.56 2 0
github.com/al-Zamakhshari/maknoon/cmd/maknoon/commands/identity.go:293.56,294.19 1 0
github.com/al-Zamakhshari/maknoon/cmd/maknoon/commands/identity.go:294.19,297.6 2 0
github.com/al-Zamakhshari/maknoon/cmd/maknoon/commands/identity.go:298.5,299.15 2 0
github.com/al-Zamakhshari/maknoon/cmd/maknoon/commands/identity.go:302.4,303.18 2 0
github.com/al-Zamakhshari/maknoon/cmd/maknoon/commands/identity.go:303.18,305.5 1 0
github.com/al-Zamakhshari/maknoon/cmd/maknoon/commands/identity.go:307.4,309.28 3 0
github.com/al-Zamakhshari/maknoon/cmd/maknoon/commands/identity.go:309.28,311.44 2 0
github.com/al-Zamakhshari/maknoon/cmd/maknoon/commands/identity.go:311.44,313.21 2 0
github.com/al-Zamakhshari/maknoon/cmd/maknoon/commands/identity.go:313.21,316.7 2 0
github.com/al-Zamakhshari/maknoon/cmd/maknoon/commands/identity.go:320.4,320.18 1 0
github.com/al-Zamakhshari/maknoon/cmd/maknoon/commands/identity.go:320.18,322.5 1 0
github.com/al-Zamakhshari/maknoon/cmd/maknoon/commands/identity.go:322.10,324.29 2 0
github.com/al-Zamakhshari/maknoon/cmd/maknoon/commands/identity.go:324.29,326.6 1 0
github.com/al-Zamakhshari/maknoon/cmd/maknoon/commands/identity.go:327.5,327.35 1 0
github.com/al-Zamakhshari/maknoon/cmd/maknoon/commands/identity.go:327.35,329.6 1 0
github.com/al-Zamakhshari/maknoon/cmd/maknoon/commands/identity.go:331.4,331.14 1 0
github.com/al-Zamakhshari/maknoon/cmd/maknoon/commands/identity.go:334.2,334.12 1 0
github.com/al-Zamakhshari/maknoon/cmd/maknoon/commands/identity.go:337.39,342.53 1 0
github.com/al-Zamakhshari/maknoon/cmd/maknoon/commands/identity.go:342.53,347.18 4 0
github.com/al-Zamakhshari/maknoon/cmd/maknoon/commands/identity.go:347.18,349.5 1 0
github.com/al-Zamakhshari/maknoon/cmd/maknoon/commands/identity.go:351.4,352.49 2 0
github.com/al-Zamakhshari/maknoon/cmd/maknoon/commands/identity.go:352.49,354.5 1 0
github.com/al-Zamakhshari/maknoon/cmd/maknoon/commands/identity.go:357.4,358.58 2 0
github.com/al-Zamakhshari/maknoon/cmd/maknoon/commands/identity.go:358.58,360.5 1 0
github.com/al-Zamakhshari/maknoon/cmd/maknoon/commands/identity.go:362.4,362.18 1 0
github.com/al-Zamakhshari/maknoon/cmd/maknoon/commands/identity.go:362.18,368.5 1 0
github.com/al-Zamakhshari/maknoon/cmd/maknoon/commands/identity.go:368.10,372.5 3 0
github.com/al-Zamakhshari/maknoon/cmd/maknoon/commands/identity.go:373.4,373.14 1 0
github.com/al-Zamakhshari/maknoon/cmd/maknoon/commands/identity.go:376.2,376.12 1 0
github.com/al-Zamakhshari/maknoon/cmd/maknoon/commands/identity.go:379.41,384.53 1 0
github.com/al-Zamakhshari/maknoon/cmd/maknoon/commands/identity.go:384.53,389.18 4 0
github.com/al-Zamakhshari/maknoon/cmd/maknoon/commands/identity.go:389.18,391.5 1 0
github.com/al-Zamakhshari/maknoon/cmd/maknoon/commands/identity.go:392.4,393.18 2 0
github.com/al-Zamakhshari/maknoon/cmd/maknoon/commands/identity.go:393.18,395.5 1 0
github.com/al-Zamakhshari/maknoon/cmd/maknoon/commands/identity.go:397.4,399.31 3 0
github.com/al-Zamakhshari/maknoon/cmd/maknoon/commands/identity.go:399.31,402.47 3 0
github.com/al-Zamakhshari/maknoon/cmd/maknoon/commands/identity.go:402.47,403.56 1 0
github.com/al-Zamakhshari/maknoon/cmd/maknoon/commands/identity.go:403.56,405.7 1 0
github.com/al-Zamakhshari/maknoon/cmd/maknoon/commands/identity.go:406.6,406.15 1 0
github.com/al-Zamakhshari/maknoon/cmd/maknoon/commands/identity.go:410.4,410.20 1 0
github.com/al-Zamakhshari/maknoon/cmd/maknoon/commands/identity.go:410.20,412.5 1 0
github.com/al-Zamakhshari/maknoon/cmd/maknoon/commands/identity.go:414.4,414.18 1 0
github.com/al-Zamakhshari/maknoon/cmd/maknoon/commands/identity.go:414.18,420.5 1 0
github.com/al-Zamakhshari/maknoon/cmd/maknoon/commands/identity.go:420.10,422.5 1 0
github.com/al-Zamakhshari/maknoon/cmd/maknoon/commands/identity.go:423.4,423.14 1 0
github.com/al-Zamakhshari/maknoon/cmd/maknoon/commands/identity.go:426.2,426.12 1 0
github.com/al-Zamakhshari/maknoon/cmd/maknoon/commands/info.go:13.31,19.53 2 0
github.com/al-Zamakhshari/maknoon/cmd/maknoon/commands/info.go:19.53,21.49 2 0
github.com/al-Zamakhshari/maknoon/cmd/maknoon/commands/info.go:21.49,22.19 1 0
github.com/al-Zamakhshari/maknoon/cmd/maknoon/commands/info.go:22.19,25.6 2 0
github.com/al-Zamakhshari/maknoon/cmd/maknoon/commands/info.go:26.5,26.15 1 0
github.com/al-Zamakhshari/maknoon/cmd/maknoon/commands/info.go:28.4,29.18 2 0
github.com/al-Zamakhshari/maknoon/cmd/maknoon/commands/info.go:29.18,31.5 1 0
github.com/al-Zamakhshari/maknoon/cmd/maknoon/commands/info.go:32.4,38.15 5 0
github.com/al-Zamakhshari/maknoon/cmd/maknoon/commands/info.go:38.15,40.53 2 0
github.com/al-Zamakhshari/maknoon/cmd/maknoon/commands/info.go:40.53,42.6 1 0
github.com/al-Zamakhshari/maknoon/cmd/maknoon/commands/info.go:43.5,45.22 3 0
github.com/al-Zamakhshari/maknoon/cmd/maknoon/commands/info.go:46.10,48.53 2 0
github.com/al-Zamakhshari/maknoon/cmd/maknoon/commands/info.go:48.53,50.6 1 0
github.com/al-Zamakhshari/maknoon/cmd/maknoon/commands/info.go:51.5,53.22 3 0
github.com/al-Zamakhshari/maknoon/cmd/maknoon/commands/info.go:56.4,56.18 1 0
github.com/al-Zamakhshari/maknoon/cmd/maknoon/commands/info.go:56.18,58.5 1 0
github.com/al-Zamakhshari/maknoon/cmd/maknoon/commands/info.go:60.4,63.17 3 0
github.com/al-Zamakhshari/maknoon/cmd/maknoon/commands/info.go:64.28,65.68 1 0
github.com/al-Zamakhshari/maknoon/cmd/maknoon/commands/info.go:66.32,67.69 1 0
github.com/al-Zamakhshari/maknoon/cmd/maknoon/commands/info.go:68.19,69.67 1 0
github.com/al-Zamakhshari/maknoon/cmd/maknoon/commands/info.go:70.12,71.77 1 0
github.com/al-Zamakhshari/maknoon/cmd/maknoon/commands/info.go:74.4,85.18 9 0
github.com/al-Zamakhshari/maknoon/cmd/maknoon/commands/info.go:85.18,89.50 3 0
github.com/al-Zamakhshari/maknoon/cmd/maknoon/commands/info.go:89.50,91.6 1 0
github.com/al-Zamakhshari/maknoon/cmd/maknoon/commands/info.go:94.4,94.14 1 0
github.com/al-Zamakhshari/maknoon/cmd/maknoon/commands/info.go:97.2,99.12 3 0
github.com/al-Zamakhshari/maknoon/cmd/maknoon/commands/info.go:102.94,125.33 3 0
github.com/al-Zamakhshari/maknoon/cmd/maknoon/commands/info.go:125.33,127.3 1 0
github.com/al-Zamakhshari/maknoon/cmd/maknoon/commands/info.go:127.8,127.44 1 0
github.com/al-Zamakhshari/maknoon/cmd/maknoon/commands/info.go:127.44,129.3 1 0
github.com/al-Zamakhshari/maknoon/cmd/maknoon/commands/info.go:129.8,129.31 1 0
github.com/al-Zamakhshari/maknoon/cmd/maknoon/commands/info.go:129.31,131.3 1 0
github.com/al-Zamakhshari/maknoon/cmd/maknoon/commands/info.go:133.2,134.16 2 0
github.com/al-Zamakhshari/maknoon/cmd/maknoon/commands/info.go:134.16,138.48 3 0
github.com/al-Zamakhshari/maknoon/cmd/maknoon/commands/info.go:138.48,140.4 1 0
github.com/al-Zamakhshari/maknoon/cmd/maknoon/commands/info.go:143.2,144.12 2 0
github.com/al-Zamakhshari/maknoon/cmd/maknoon/commands/keygen.go:16.33,33.50 11 0
github.com/al-Zamakhshari/maknoon/cmd/maknoon/commands/keygen.go:33.50,38.25 4 0
github.com/al-Zamakhshari/maknoon/cmd/maknoon/commands/keygen.go:38.25,39.68 1 0
github.com/al-Zamakhshari/maknoon/cmd/maknoon/commands/keygen.go:39.68,40.20 1 0
github.com/al-Zamakhshari/maknoon/cmd/maknoon/commands/keygen.go:40.20,43.7 2 0
github.com/al-Zamakhshari/maknoon/cmd/maknoon/commands/keygen.go:44.6,44.16 1 0
github.com/al-Zamakhshari/maknoon/cmd/maknoon/commands/keygen.go:49.4,49.63 1 0
github.com/al-Zamakhshari/maknoon/cmd/maknoon/commands/keygen.go:49.63,50.57 1 0
github.com/al-Zamakhshari/maknoon/cmd/maknoon/commands/keygen.go:50.57,51.46 1 0
github.com/al-Zamakhshari/maknoon/cmd/maknoon/commands/keygen.go:51.46,55.7 3 0
github.com/al-Zamakhshari/maknoon/cmd/maknoon/commands/keygen.go:59.4,59.16 1 0
github.com/al-Zamakhshari/maknoon/cmd/maknoon/commands/keygen.go:59.16,61.19 2 0
github.com/al-Zamakhshari/maknoon/cmd/maknoon/commands/keygen.go:61.19,62.20 1 0
github.com/al-Zamakhshari/maknoon/cmd/maknoon/commands/keygen.go:62.20,65.7 2 0
github.com/al-Zamakhshari/maknoon/cmd/maknoon/commands/keygen.go:66.6,66.16 1 0
github.com/al-Zamakhshari/maknoon/cmd/maknoon/commands/keygen.go:68.5,69.22 2 0
github.com/al-Zamakhshari/maknoon/cmd/maknoon/commands/keygen.go:70.10,72.19 2 0
github.com/al-Zamakhshari/maknoon/cmd/maknoon/commands/keygen.go:72.19,73.20 1 0
github.com/al-Zamakhshari/maknoon/cmd/maknoon/commands/keygen.go:73.20,76.7 2 0
github.com/al-Zamakhshari/maknoon/cmd/maknoon/commands/keygen.go:77.6,77.16 1 0
github.com/al-Zamakhshari/maknoon/cmd/maknoon/commands/keygen.go:81.4,81.25 1 0
github.com/al-Zamakhshari/maknoon/cmd/maknoon/commands/keygen.go:81.25,83.5 1 0
github.com/al-Zamakhshari/maknoon/cmd/maknoon/commands/keygen.go:85.4,85.29 1 0
github.com/al-Zamakhshari/maknoon/cmd/maknoon/commands/keygen.go:85.29,87.5 1 0
github.com/al-Zamakhshari/maknoon/cmd/maknoon/commands/keygen.go:88.4,89.18 2 0
github.com/al-Zamakhshari/maknoon/cmd/maknoon/commands/keygen.go:89.18,91.19 2 0
github.com/al-Zamakhshari/maknoon/cmd/maknoon/commands/keygen.go:91.19,94.6 2 0
github.com/al-Zamakhshari/maknoon/cmd/maknoon/commands/keygen.go:95.5,95.15 1 0
github.com/al-Zamakhshari/maknoon/cmd/maknoon/commands/keygen.go:98.4,98.17 1 0
github.com/al-Zamakhshari/maknoon/cmd/maknoon/commands/keygen.go:98.17,101.5 2 0
github.com/al-Zamakhshari/maknoon/cmd/maknoon/commands/keygen.go:103.4,105.18 3 0
github.com/al-Zamakhshari/maknoon/cmd/maknoon/commands/keygen.go:105.18,106.19 1 0
github.com/al-Zamakhshari/maknoon/cmd/maknoon/commands/keygen.go:106.19,109.6 2 0
github.com/al-Zamakhshari/maknoon/cmd/maknoon/commands/keygen.go:110.5,110.15 1 0
github.com/al-Zamakhshari/maknoon/cmd/maknoon/commands/keygen.go:112.4,112.123 1 0
github.com/al-Zamakhshari/maknoon/cmd/maknoon/commands/keygen.go:112.123,113.19 1 0
github.com/al-Zamakhshari/maknoon/cmd/maknoon/commands/keygen.go:113.19,116.6 2 0
github.com/al-Zamakhshari/maknoon/cmd/maknoon/commands/keygen.go:117.5,117.15 1 0
github.com/al-Zamakhshari/maknoon/cmd/maknoon/commands/keygen.go:120.4,120.24 1 0
github.com/al-Zamakhshari/maknoon/cmd/maknoon/commands/keygen.go:120.24,122.19 2 0
github.com/al-Zamakhshari/maknoon/cmd/maknoon/commands/keygen.go:122.19,124.20 2 0
github.com/al-Zamakhshari/maknoon/cmd/maknoon/commands/keygen.go:124.20,127.7 2 0
github.com/al-Zamakhshari/maknoon/cmd/maknoon/commands/keygen.go:128.6,128.16 1 0
github.com/al-Zamakhshari/maknoon/cmd/maknoon/commands/keygen.go:130.5,130.70 1 0
github.com/al-Zamakhshari/maknoon/cmd/maknoon/commands/keygen.go:130.70,132.20 2 0
github.com/al-Zamakhshari/maknoon/cmd/maknoon/commands/keygen.go:132.20,135.7 2 0
github.com/al-Zamakhshari/maknoon/cmd/maknoon/commands/keygen.go:136.6,136.16 1 0
github.com/al-Zamakhshari/maknoon/cmd/maknoon/commands/keygen.go:140.4,140.29 1 0
github.com/al-Zamakhshari/maknoon/cmd/maknoon/commands/keygen.go:140.29,144.5 3 0
github.com/al-Zamakhshari/maknoon/cmd/maknoon/commands/keygen.go:146.4,146.18 1 0
github.com/al-Zamakhshari/maknoon/cmd/maknoon/commands/keygen.go:146.18,152.5 1 0
github.com/al-Zamakhshari/maknoon/cmd/maknoon/commands/keygen.go:154.4,154.14 1 0
github.com/al-Zamakhshari/maknoon/cmd/maknoon/commands/keygen.go:158.2,171.12 11 0
github.com/al-Zamakhshari/maknoon/cmd/maknoon/commands/keygen.go:174.75,175.16 1 0
github.com/al-Zamakhshari/maknoon/cmd/maknoon/commands/keygen.go:175.16,176.18 1 0
github.com/al-Zamakhshari/maknoon/cmd/maknoon/commands/keygen.go:176.18,178.4 1 0
github.com/al-Zamakhshari/maknoon/cmd/maknoon/commands/keygen.go:179.3,179.18 1 0
github.com/al-Zamakhshari/maknoon/cmd/maknoon/commands/keygen.go:181.2,181.18 1 0
github.com/al-Zamakhshari/maknoon/cmd/maknoon/commands/keygen.go:181.18,183.3 1 0
github.com/al-Zamakhshari/maknoon/cmd/maknoon/commands/keygen.go:184.2,184.55 1 0
github.com/al-Zamakhshari/maknoon/cmd/maknoon/commands/keygen.go:184.55,186.3 1 0
github.com/al-Zamakhshari/maknoon/cmd/maknoon/commands/keygen.go:188.2,188.16 1 0
github.com/al-Zamakhshari/maknoon/cmd/maknoon/commands/keygen.go:188.16,190.3 1 0
github.com/al-Zamakhshari/maknoon/cmd/maknoon/commands/keygen.go:192.2,195.16 4 0
github.com/al-Zamakhshari/maknoon/cmd/maknoon/commands/keygen.go:195.16,197.3 1 0
github.com/al-Zamakhshari/maknoon/cmd/maknoon/commands/keygen.go:199.2,199.16 1 0
github.com/al-Zamakhshari/maknoon/cmd/maknoon/commands/keygen.go:199.16,203.17 4 0
github.com/al-Zamakhshari/maknoon/cmd/maknoon/commands/keygen.go:203.17,206.4 2 0
github.com/al-Zamakhshari/maknoon/cmd/maknoon/commands/keygen.go:207.3,209.35 2 0
github.com/al-Zamakhshari/maknoon/cmd/maknoon/commands/keygen.go:209.35,212.4 2 0
github.com/al-Zamakhshari/maknoon/cmd/maknoon/commands/keygen.go:214.2,214.15 1 0
github.com/al-Zamakhshari/maknoon/cmd/maknoon/commands/keygen.go:217.124,218.67 1 0
github.com/al-Zamakhshari/maknoon/cmd/maknoon/commands/keygen.go:218.67,220.37 2 0
github.com/al-Zamakhshari/maknoon/cmd/maknoon/commands/keygen.go:220.37,222.115 2 0
github.com/al-Zamakhshari/maknoon/cmd/maknoon/commands/keygen.go:222.115,224.5 1 0
github.com/al-Zamakhshari/maknoon/cmd/maknoon/commands/keygen.go:225.4,225.25 1 0
github.com/al-Zamakhshari/maknoon/cmd/maknoon/commands/keygen.go:227.3,228.16 2 0
github.com/al-Zamakhshari/maknoon/cmd/maknoon/commands/keygen.go:228.16,230.4 1 0
github.com/al-Zamakhshari/maknoon/cmd/maknoon/commands/keygen.go:231.3,231.45 1 0
github.com/al-Zamakhshari/maknoon/cmd/maknoon/commands/keygen.go:234.2,234.69 1 0
github.com/al-Zamakhshari/maknoon/cmd/maknoon/commands/keygen.go:234.69,236.3 1 0
github.com/al-Zamakhshari/maknoon/cmd/maknoon/commands/keygen.go:237.2,237.69 1 0
github.com/al-Zamakhshari/maknoon/cmd/maknoon/commands/keygen.go:237.69,239.3 1 0
github.com/al-Zamakhshari/maknoon/cmd/maknoon/commands/keygen.go:240.2,240.69 1 0
github.com/al-Zamakhshari/maknoon/cmd/maknoon/commands/keygen.go:240.69,242.3 1 0
github.com/al-Zamakhshari/maknoon/cmd/maknoon/commands/keygen.go:243.2,243.69 1 0
github.com/al-Zamakhshari/maknoon/cmd/maknoon/commands/keygen.go:243.69,245.3 1 0
github.com/al-Zamakhshari/maknoon/cmd/maknoon/commands/keygen.go:246.2,246.12 1 0
github.com/al-Zamakhshari/maknoon/cmd/maknoon/commands/profiles.go:15.35,23.50 4 0
github.com/al-Zamakhshari/maknoon/cmd/maknoon/commands/profiles.go:23.50,24.16 1 0
github.com/al-Zamakhshari/maknoon/cmd/maknoon/commands/profiles.go:24.16,26.15 2 0
github.com/al-Zamakhshari/maknoon/cmd/maknoon/commands/profiles.go:26.15,30.6 2 0
github.com/al-Zamakhshari/maknoon/cmd/maknoon/commands/profiles.go:30.11,34.6 2 0
github.com/al-Zamakhshari/maknoon/cmd/maknoon/commands/profiles.go:36.5,39.21 3 0
github.com/al-Zamakhshari/maknoon/cmd/maknoon/commands/profiles.go:39.21,40.49 1 0
github.com/al-Zamakhshari/maknoon/cmd/maknoon/commands/profiles.go:40.49,42.7 1 0
github.com/al-Zamakhshari/maknoon/cmd/maknoon/commands/profiles.go:43.6,43.47 1 0
github.com/al-Zamakhshari/maknoon/cmd/maknoon/commands/profiles.go:43.47,45.21 2 0
github.com/al-Zamakhshari/maknoon/cmd/maknoon/commands/profiles.go:45.21,48.8 2 0
github.com/al-Zamakhshari/maknoon/cmd/maknoon/commands/profiles.go:49.7,49.17 1 0
github.com/al-Zamakhshari/maknoon/cmd/maknoon/commands/profiles.go:51.6,51.44 1 0
github.com/al-Zamakhshari/maknoon/cmd/maknoon/commands/profiles.go:54.5,54.19 1 0
github.com/al-Zamakhshari/maknoon/cmd/maknoon/commands/profiles.go:54.19,56.6 1 0
github.com/al-Zamakhshari/maknoon/cmd/maknoon/commands/profiles.go:56.11,58.6 1 0
github.com/al-Zamakhshari/maknoon/cmd/maknoon/commands/profiles.go:59.5,59.15 1 0
github.com/al-Zamakhshari/maknoon/cmd/maknoon/commands/profiles.go:62.4,62.18 1 0
github.com/al-Zamakhshari/maknoon/cmd/maknoon/commands/profiles.go:62.18,73.5 4 0
github.com/al-Zamakhshari/maknoon/cmd/maknoon/commands/profiles.go:75.4,104.14 27 0
github.com/al-Zamakhshari/maknoon/cmd/maknoon/commands/profiles.go:108.2,111.12 4 0
github.com/al-Zamakhshari/maknoon/cmd/maknoon/commands/receive.go:29.34,35.55 1 0
github.com/al-Zamakhshari/maknoon/cmd/maknoon/commands/receive.go:35.55,41.30 3 0
github.com/al-Zamakhshari/maknoon/cmd/maknoon/commands/receive.go:41.30,43.5 1 0
github.com/al-Zamakhshari/maknoon/cmd/maknoon/commands/receive.go:44.4,46.18 2 0
github.com/al-Zamakhshari/maknoon/cmd/maknoon/commands/receive.go:46.18,48.5 1 0
github.com/al-Zamakhshari/maknoon/cmd/maknoon/commands/receive.go:50.4,50.18 1 0
github.com/al-Zamakhshari/maknoon/cmd/maknoon/commands/receive.go:50.18,52.5 1 0
github.com/al-Zamakhshari/maknoon/cmd/maknoon/commands/receive.go:53.4,54.18 2 0
github.com/al-Zamakhshari/maknoon/cmd/maknoon/commands/receive.go:54.18,56.5 1 0
github.com/al-Zamakhshari/maknoon/cmd/maknoon/commands/receive.go:58.4,58.41 1 0
github.com/al-Zamakhshari/maknoon/cmd/maknoon/commands/receive.go:58.41,60.5 1 0
github.com/al-Zamakhshari/maknoon/cmd/maknoon/commands/receive.go:62.4,62.18 1 0
github.com/al-Zamakhshari/maknoon/cmd/maknoon/commands/receive.go:62.18,68.5 1 0
github.com/al-Zamakhshari/maknoon/cmd/maknoon/commands/receive.go:68.10,70.5 1 0
github.com/al-Zamakhshari/maknoon/cmd/maknoon/commands/receive.go:73.4,74.18 2 0
github.com/al-Zamakhshari/maknoon/cmd/maknoon/commands/receive.go:74.18,76.5 1 0
github.com/al-Zamakhshari/maknoon/cmd/maknoon/commands/receive.go:77.4,78.17 2 0
github.com/al-Zamakhshari/maknoon/cmd/maknoon/commands/receive.go:78.17,81.5 2 0
github.com/al-Zamakhshari/maknoon/cmd/maknoon/commands/receive.go:83.4,84.18 2 0
github.com/al-Zamakhshari/maknoon/cmd/maknoon/commands/receive.go:84.18,87.5 2 0
github.com/al-Zamakhshari/maknoon/cmd/maknoon/commands/receive.go:89.4,89.59 1 0
github.com/al-Zamakhshari/maknoon/cmd/maknoon/commands/receive.go:89.59,90.19 1 0
github.com/al-Zamakhshari/maknoon/cmd/maknoon/commands/receive.go:90.19,93.6 2 0
github.com/al-Zamakhshari/maknoon/cmd/maknoon/commands/receive.go:94.5,94.50 1 0
github.com/al-Zamakhshari/maknoon/cmd/maknoon/commands/receive.go:98.4,98.48 1 0
github.com/al-Zamakhshari/maknoon/cmd/maknoon/commands/receive.go:98.48,100.5 1 0
github.com/al-Zamakhshari/maknoon/cmd/maknoon/commands/receive.go:101.4,102.18 2 0
github.com/al-Zamakhshari/maknoon/cmd/maknoon/commands/receive.go:102.18,104.5 1 0
github.com/al-Zamakhshari/maknoon/cmd/maknoon/commands/receive.go:107.4,111.39 4 0
github.com/al-Zamakhshari/maknoon/cmd/maknoon/commands/receive.go:111.39,113.19 2 0
github.com/al-Zamakhshari/maknoon/cmd/maknoon/commands/receive.go:113.19,115.6 1 0
github.com/al-Zamakhshari/maknoon/cmd/maknoon/commands/receive.go:117.5,119.27 3 0
github.com/al-Zamakhshari/maknoon/cmd/maknoon/commands/receive.go:119.27,121.6 1 0
github.com/al-Zamakhshari/maknoon/cmd/maknoon/commands/receive.go:123.5,124.19 2 0
github.com/al-Zamakhshari/maknoon/cmd/maknoon/commands/receive.go:124.19,126.6 1 0
github.com/al-Zamakhshari/maknoon/cmd/maknoon/commands/receive.go:127.5,127.41 1 0
github.com/al-Zamakhshari/maknoon/cmd/maknoon/commands/receive.go:128.10,129.29 1 0
github.com/al-Zamakhshari/maknoon/cmd/maknoon/commands/receive.go:129.29,130.20 1 0
github.com/al-Zamakhshari/maknoon/cmd/maknoon/commands/receive.go:130.20,132.7 1 0
github.com/al-Zamakhshari/maknoon/cmd/maknoon/commands/receive.go:133.6,134.33 2 0
github.com/al-Zamakhshari/maknoon/cmd/maknoon/commands/receive.go:136.5,137.38 2 0
github.com/al-Zamakhshari/maknoon/cmd/maknoon/commands/receive.go:141.4,141.48 1 0
github.com/al-Zamakhshari/maknoon/cmd/maknoon/commands/receive.go:141.48,143.5 1 0
github.com/al-Zamakhshari/maknoon/cmd/maknoon/commands/receive.go:145.4,145.18 1 0
github.com/al-Zamakhshari/maknoon/cmd/maknoon/commands/receive.go:145.18,147.5 1 0
github.com/al-Zamakhshari/maknoon/cmd/maknoon/commands/receive.go:150.4,151.22 2 0
github.com/al-Zamakhshari/maknoon/cmd/maknoon/commands/receive.go:151.22,155.5 2 0
github.com/al-Zamakhshari/maknoon/cmd/maknoon/commands/receive.go:157.4,157.49 1 0
github.com/al-Zamakhshari/maknoon/cmd/maknoon/commands/receive.go:157.49,159.5 1 0
github.com/al-Zamakhshari/maknoon/cmd/maknoon/commands/receive.go:161.4,161.23 1 0
github.com/al-Zamakhshari/maknoon/cmd/maknoon/commands/receive.go:161.23,164.18 3 0
github.com/al-Zamakhshari/maknoon/cmd/maknoon/commands/receive.go:164.18,164.58 1 0
github.com/al-Zamakhshari/maknoon/cmd/maknoon/commands/receive.go:168.4,170.14 3 0
github.com/al-Zamakhshari/maknoon/cmd/maknoon/commands/receive.go:170.14,172.21 2 0
github.com/al-Zamakhshari/maknoon/cmd/maknoon/commands/receive.go:172.21,174.6 1 0
github.com/al-Zamakhshari/maknoon/cmd/maknoon/commands/receive.go:174.11,176.6 1 0
github.com/al-Zamakhshari/maknoon/cmd/maknoon/commands/receive.go:177.5,177.20 1 0
github.com/al-Zamakhshari/maknoon/cmd/maknoon/commands/receive.go:177.20,179.6 1 0
github.com/al-Zamakhshari/maknoon/cmd/maknoon/commands/receive.go:182.4,182.122 1 0
github.com/al-Zamakhshari/maknoon/cmd/maknoon/commands/receive.go:182.122,183.19 1 0
github.com/al-Zamakhshari/maknoon/cmd/maknoon/commands/receive.go:183.19,186.6 2 0
github.com/al-Zamakhshari/maknoon/cmd/maknoon/commands/receive.go:187.5,187.53 1 0
github.com/al-Zamakhshari/maknoon/cmd/maknoon/commands/receive.go:190.4,190.18 1 0
github.com/al-Zamakhshari/maknoon/cmd/maknoon/commands/receive.go:190.18,195.5 1 0
github.com/al-Zamakhshari/maknoon/cmd/maknoon/commands/receive.go:195.10,197.5 1 0
github.com/al-Zamakhshari/maknoon/cmd/maknoon/commands/receive.go:198.4,198.14 1 0
github.com/al-Zamakhshari/maknoon/cmd/maknoon/commands/receive.go:203.2,211.12 8 0
github.com/al-Zamakhshari/maknoon/cmd/maknoon/commands/send.go:29.31,35.55 1 0
github.com/al-Zamakhshari/maknoon/cmd/maknoon/commands/send.go:35.55,41.22 5 0
github.com/al-Zamakhshari/maknoon/cmd/maknoon/commands/send.go:41.22,44.5 2 0
github.com/al-Zamakhshari/maknoon/cmd/maknoon/commands/send.go:44.10,44.28 1 0
github.com/al-Zamakhshari/maknoon/cmd/maknoon/commands/send.go:44.28,46.20 2 0
github.com/al-Zamakhshari/maknoon/cmd/maknoon/commands/send.go:46.20,49.6 2 0
github.com/al-Zamakhshari/maknoon/cmd/maknoon/commands/send.go:49.11,50.47 1 0
github.com/al-Zamakhshari/maknoon/cmd/maknoon/commands/send.go:50.47,52.7 1 0
github.com/al-Zamakhshari/maknoon/cmd/maknoon/commands/send.go:53.6,54.20 2 0
github.com/al-Zamakhshari/maknoon/cmd/maknoon/commands/send.go:54.20,56.7 1 0
github.com/al-Zamakhshari/maknoon/cmd/maknoon/commands/send.go:57.6,58.37 2 0
github.com/al-Zamakhshari/maknoon/cmd/maknoon/commands/send.go:60.10,62.5 1 0
github.com/al-Zamakhshari/maknoon/cmd/maknoon/commands/send.go:64.4,64.18 1 0
github.com/al-Zamakhshari/maknoon/cmd/maknoon/commands/send.go:64.18,66.5 1 0
github.com/al-Zamakhshari/maknoon/cmd/maknoon/commands/send.go:68.4,68.18 1 0
github.com/al-Zamakhshari/maknoon/cmd/maknoon/commands/send.go:68.18,70.5 1 0
github.com/al-Zamakhshari/maknoon/cmd/maknoon/commands/send.go:73.4,84.27 5 0
github.com/al-Zamakhshari/maknoon/cmd/maknoon/commands/send.go:84.27,86.17 2 0
github.com/al-Zamakhshari/maknoon/cmd/maknoon/commands/send.go:86.17,88.6 1 0
github.com/al-Zamakhshari/maknoon/cmd/maknoon/commands/send.go:89.5,90.19 2 0
github.com/al-Zamakhshari/maknoon/cmd/maknoon/commands/send.go:90.19,92.6 1 0
github.com/al-Zamakhshari/maknoon/cmd/maknoon/commands/send.go:93.5,94.26 2 0
github.com/al-Zamakhshari/maknoon/cmd/maknoon/commands/send.go:95.10,95.40 1 0
github.com/al-Zamakhshari/maknoon/cmd/maknoon/commands/send.go:95.40,98.5 2 0
github.com/al-Zamakhshari/maknoon/cmd/maknoon/commands/send.go:100.4,100.18 1 0
github.com/al-Zamakhshari/maknoon/cmd/maknoon/commands/send.go:100.18,102.5 1 0
github.com/al-Zamakhshari/maknoon/cmd/maknoon/commands/send.go:105.4,105.22 1 0
github.com/al-Zamakhshari/maknoon/cmd/maknoon/commands/send.go:105.22,107.84 2 0
github.com/al-Zamakhshari/maknoon/cmd/maknoon/commands/send.go:107.84,109.6 1 0
github.com/al-Zamakhshari/maknoon/cmd/maknoon/commands/send.go:110.5,111.48 2 0
github.com/al-Zamakhshari/maknoon/cmd/maknoon/commands/send.go:112.10,114.19 2 0
github.com/al-Zamakhshari/maknoon/cmd/maknoon/commands/send.go:114.19,116.6 1 0
github.com/al-Zamakhshari/maknoon/cmd/maknoon/commands/send.go:117.5,118.18 2 0
github.com/al-Zamakhshari/maknoon/cmd/maknoon/commands/send.go:118.18,121.6 2 0
github.com/al-Zamakhshari/maknoon/cmd/maknoon/commands/send.go:123.5,123.79 1 0
github.com/al-Zamakhshari/maknoon/cmd/maknoon/commands/send.go:123.79,125.6 1 0
github.com/al-Zamakhshari/maknoon/cmd/maknoon/commands/send.go:126.5,128.49 3 0
github.com/al-Zamakhshari/maknoon/cmd/maknoon/commands/send.go:128.49,130.6 1 0
github.com/al-Zamakhshari/maknoon/cmd/maknoon/commands/send.go:131.5,131.24 1 0
github.com/al-Zamakhshari/maknoon/cmd/maknoon/commands/send.go:135.4,138.26 2 0
github.com/al-Zamakhshari/maknoon/cmd/maknoon/commands/send.go:138.26,140.5 1 0
github.com/al-Zamakhshari/maknoon/cmd/maknoon/commands/send.go:141.4,143.18 2 0
github.com/al-Zamakhshari/maknoon/cmd/maknoon/commands/send.go:143.18,145.5 1 0
github.com/al-Zamakhshari/maknoon/cmd/maknoon/commands/send.go:147.4,148.54 2 0
github.com/al-Zamakhshari/maknoon/cmd/maknoon/commands/send.go:148.54,150.5 1 0
github.com/al-Zamakhshari/maknoon/cmd/maknoon/commands/send.go:152.4,153.18 2 0
github.com/al-Zamakhshari/maknoon/cmd/maknoon/commands/send.go:153.18,156.5 2 0
github.com/al-Zamakhshari/maknoon/cmd/maknoon/commands/send.go:158.4,162.18 2 0
github.com/al-Zamakhshari/maknoon/cmd/maknoon/commands/send.go:162.18,164.5 1 0
github.com/al-Zamakhshari/maknoon/cmd/maknoon/commands/send.go:166.4,166.18 1 0
github.com/al-Zamakhshari/maknoon/cmd/maknoon/commands/send.go:166.18,171.33 2 0
github.com/al-Zamakhshari/maknoon/cmd/maknoon/commands/send.go:171.33,173.6 1 0
github.com/al-Zamakhshari/maknoon/cmd/maknoon/commands/send.go:173.11,175.6 1 0
github.com/al-Zamakhshari/maknoon/cmd/maknoon/commands/send.go:176.5,176.19 1 0
github.com/al-Zamakhshari/maknoon/cmd/maknoon/commands/send.go:177.10,180.33 3 0
github.com/al-Zamakhshari/maknoon/cmd/maknoon/commands/send.go:180.33,183.6 2 0
github.com/al-Zamakhshari/maknoon/cmd/maknoon/commands/send.go:183.11,186.6 2 0
github.com/al-Zamakhshari/maknoon/cmd/maknoon/commands/send.go:189.4,190.22 2 0
github.com/al-Zamakhshari/maknoon/cmd/maknoon/commands/send.go:190.22,191.19 1 0
github.com/al-Zamakhshari/maknoon/cmd/maknoon/commands/send.go:191.19,194.6 2 0
github.com/al-Zamakhshari/maknoon/cmd/maknoon/commands/send.go:195.5,195.54 1 0
github.com/al-Zamakhshari/maknoon/cmd/maknoon/commands/send.go:198.4,198.12 1 0
github.com/al-Zamakhshari/maknoon/cmd/maknoon/commands/send.go:198.12,199.19 1 0
github.com/al-Zamakhshari/maknoon/cmd/maknoon/commands/send.go:199.19,201.6 1 0
github.com/al-Zamakhshari/maknoon/cmd/maknoon/commands/send.go:201.11,203.6 1 0
github.com/al-Zamakhshari/maknoon/cmd/maknoon/commands/send.go:206.4,206.14 1 0
github.com/al-Zamakhshari/maknoon/cmd/maknoon/commands/send.go:210.2,218.12 8 0
github.com/al-Zamakhshari/maknoon/cmd/maknoon/commands/sign.go:12.31,20.53 3 0
github.com/al-Zamakhshari/maknoon/cmd/maknoon/commands/sign.go:20.53,22.49 2 0
github.com/al-Zamakhshari/maknoon/cmd/maknoon/commands/sign.go:22.49,23.19 1 0
github.com/al-Zamakhshari/maknoon/cmd/maknoon/commands/sign.go:23.19,26.6 2 0
github.com/al-Zamakhshari/maknoon/cmd/maknoon/commands/sign.go:27.5,27.15 1 0
github.com/al-Zamakhshari/maknoon/cmd/maknoon/commands/sign.go:29.4,30.18 2 0
github.com/al-Zamakhshari/maknoon/cmd/maknoon/commands/sign.go:30.18,32.5 1 0
github.com/al-Zamakhshari/maknoon/cmd/maknoon/commands/sign.go:34.4,36.26 3 0
github.com/al-Zamakhshari/maknoon/cmd/maknoon/commands/sign.go:36.26,38.19 2 0
github.com/al-Zamakhshari/maknoon/cmd/maknoon/commands/sign.go:38.19,41.6 2 0
github.com/al-Zamakhshari/maknoon/cmd/maknoon/commands/sign.go:42.5,42.15 1 0
github.com/al-Zamakhshari/maknoon/cmd/maknoon/commands/sign.go:45.4,46.18 2 0
github.com/al-Zamakhshari/maknoon/cmd/maknoon/commands/sign.go:46.18,47.19 1 0
github.com/al-Zamakhshari/maknoon/cmd/maknoon/commands/sign.go:47.19,50.6 2 0
github.com/al-Zamakhshari/maknoon/cmd/maknoon/commands/sign.go:51.5,51.15 1 0
github.com/al-Zamakhshari/maknoon/cmd/maknoon/commands/sign.go:53.4,56.18 3 0
github.com/al-Zamakhshari/maknoon/cmd/maknoon/commands/sign.go:56.18,57.19 1 0
github.com/al-Zamakhshari/maknoon/cmd/maknoon/commands/sign.go:57.19,60.6 2 0
github.com/al-Zamakhshari/maknoon/cmd/maknoon/commands/sign.go:61.5,61.15 1 0
github.com/al-Zamakhshari/maknoon/cmd/maknoon/commands/sign.go:64.4,65.48 2 0
github.com/al-Zamakhshari/maknoon/cmd/maknoon/commands/sign.go:65.48,67.5 1 0
github.com/al-Zamakhshari/maknoon/cmd/maknoon/commands/sign.go:68.4,68.59 1 0
github.com/al-Zamakhshari/maknoon/cmd/maknoon/commands/sign.go:68.59,69.19 1 0
github.com/al-Zamakhshari/maknoon/cmd/maknoon/commands/sign.go:69.19,72.6 2 0
github.com/al-Zamakhshari/maknoon/cmd/maknoon/commands/sign.go:73.5,73.15 1 0
github.com/al-Zamakhshari/maknoon/cmd/maknoon/commands/sign.go:76.4,76.18 1 0
github.com/al-Zamakhshari/maknoon/cmd/maknoon/commands/sign.go:76.18,81.5 1 0
github.com/al-Zamakhshari/maknoon/cmd/maknoon/commands/sign.go:81.10,83.5 1 0
github.com/al-Zamakhshari/maknoon/cmd/maknoon/commands/sign.go:84.4,84.14 1 0
github.com/al-Zamakhshari/maknoon/cmd/maknoon/commands/sign.go:88.2,90.12 3 0
github.com/al-Zamakhshari/maknoon/cmd/maknoon/commands/test_utils.go:10.37,22.34 9 0
github.com/al-Zamakhshari/maknoon/cmd/maknoon/commands/test_utils.go:22.34,23.13 1 0
github.com/al-Zamakhshari/maknoon/cmd/maknoon/commands/test_utils.go:25.2,30.44 5 0
github.com/al-Zamakhshari/maknoon/cmd/maknoon/commands/test_utils.go:30.44,31.13 1 0
github.com/al-Zamakhshari/maknoon/cmd/maknoon/commands/test_utils.go:33.2,33.21 1 0
github.com/al-Zamakhshari/maknoon/cmd/maknoon/commands/vault.go:31.32,51.2 13 0
github.com/al-Zamakhshari/maknoon/cmd/maknoon/commands/vault.go:53.37,58.52 2 0
github.com/al-Zamakhshari/maknoon/cmd/maknoon/commands/vault.go:58.52,62.18 3 0
github.com/al-Zamakhshari/maknoon/cmd/maknoon/commands/vault.go:62.18,64.5 1 0
github.com/al-Zamakhshari/maknoon/cmd/maknoon/commands/vault.go:65.4,71.18 4 0
github.com/al-Zamakhshari/maknoon/cmd/maknoon/commands/vault.go:71.18,73.5 1 0
github.com/al-Zamakhshari/maknoon/cmd/maknoon/commands/vault.go:75.4,75.18 1 0
github.com/al-Zamakhshari/maknoon/cmd/maknoon/commands/vault.go:75.18,77.30 2 0
github.com/al-Zamakhshari/maknoon/cmd/maknoon/commands/vault.go:77.30,79.6 1 0
github.com/al-Zamakhshari/maknoon/cmd/maknoon/commands/vault.go:80.5,80.104 1 0
github.com/al-Zamakhshari/maknoon/cmd/maknoon/commands/vault.go:81.10,84.30 3 0
github.com/al-Zamakhshari/maknoon/cmd/maknoon/commands/vault.go:84.30,86.6 1 0
github.com/al-Zamakhshari/maknoon/cmd/maknoon/commands/vault.go:88.4,88.14 1 0
github.com/al-Zamakhshari/maknoon/cmd/maknoon/commands/vault.go:91.2,93.12 3 0
github.com/al-Zamakhshari/maknoon/cmd/maknoon/commands/vault.go:96.39,101.55 2 0
github.com/al-Zamakhshari/maknoon/cmd/maknoon/commands/vault.go:101.55,103.22 2 0
github.com/al-Zamakhshari/maknoon/cmd/maknoon/commands/vault.go:103.22,105.5 1 0
github.com/al-Zamakhshari/maknoon/cmd/maknoon/commands/vault.go:107.4,108.27 2 0
github.com/al-Zamakhshari/maknoon/cmd/maknoon/commands/vault.go:108.27,110.19 2 0
github.com/al-Zamakhshari/maknoon/cmd/maknoon/commands/vault.go:110.19,112.6 1 0
github.com/al-Zamakhshari/maknoon/cmd/maknoon/commands/vault.go:113.5,113.32 1 0
github.com/al-Zamakhshari/maknoon/cmd/maknoon/commands/vault.go:116.4,117.18 2 0
github.com/al-Zamakhshari/maknoon/cmd/maknoon/commands/vault.go:117.18,119.5 1 0
github.com/al-Zamakhshari/maknoon/cmd/maknoon/commands/vault.go:120.4,123.18 3 0
github.com/al-Zamakhshari/maknoon/cmd/maknoon/commands/vault.go:123.18,125.5 1 0
github.com/al-Zamakhshari/maknoon/cmd/maknoon/commands/vault.go:126.4,127.18 2 0
github.com/al-Zamakhshari/maknoon/cmd/maknoon/commands/vault.go:127.18,129.5 1 0
github.com/al-Zamakhshari/maknoon/cmd/maknoon/commands/vault.go:130.4,133.43 3 0
github.com/al-Zamakhshari/maknoon/cmd/maknoon/commands/vault.go:133.43,135.17 2 0
github.com/al-Zamakhshari/maknoon/cmd/maknoon/commands/vault.go:135.17,137.6 1 0
github.com/al-Zamakhshari/maknoon/cmd/maknoon/commands/vault.go:138.5,138.53 1 0
github.com/al-Zamakhshari/maknoon/cmd/maknoon/commands/vault.go:138.53,140.20 2 0
github.com/al-Zamakhshari/maknoon/cmd/maknoon/commands/vault.go:140.20,142.7 1 0
github.com/al-Zamakhshari/maknoon/cmd/maknoon/commands/vault.go:143.6,143.16 1 0
github.com/al-Zamakhshari/maknoon/cmd/maknoon/commands/vault.go:147.4,147.18 1 0
github.com/al-Zamakhshari/maknoon/cmd/maknoon/commands/vault.go:147.18,149.5 1 0
github.com/al-Zamakhshari/maknoon/cmd/maknoon/commands/vault.go:151.4,151.25 1 0
github.com/al-Zamakhshari/maknoon/cmd/maknoon/commands/vault.go:151.25,153.5 1 0
github.com/al-Zamakhshari/maknoon/cmd/maknoon/commands/vault.go:155.4,155.24 1 0
github.com/al-Zamakhshari/maknoon/cmd/maknoon/commands/vault.go:155.24,158.58 2 0
github.com/al-Zamakhshari/maknoon/cmd/maknoon/commands/vault.go:158.58,160.6 1 0
github.com/al-Zamakhshari/maknoon/cmd/maknoon/commands/vault.go:160.11,160.26 1 0
github.com/al-Zamakhshari/maknoon/cmd/maknoon/commands/vault.go:160.26,164.6 3 0
github.com/al-Zamakhshari/maknoon/cmd/maknoon/commands/vault.go:164.11,168.20 4 0
github.com/al-Zamakhshari/maknoon/cmd/maknoon/commands/vault.go:168.20,170.7 1 0
github.com/al-Zamakhshari/maknoon/cmd/maknoon/commands/vault.go:171.6,171.12 1 0
github.com/al-Zamakhshari/maknoon/cmd/maknoon/commands/vault.go:173.5,176.19 3 0
github.com/al-Zamakhshari/maknoon/cmd/maknoon/commands/vault.go:176.19,177.20 1 0
github.com/al-Zamakhshari/maknoon/cmd/maknoon/commands/vault.go:177.20,180.7 2 0
github.com/al-Zamakhshari/maknoon/cmd/maknoon/commands/vault.go:181.6,181.16 1 0
github.com/al-Zamakhshari/maknoon/cmd/maknoon/commands/vault.go:183.5,184.19 2 0
github.com/al-Zamakhshari/maknoon/cmd/maknoon/commands/vault.go:184.19,185.20 1 0
github.com/al-Zamakhshari/maknoon/cmd/maknoon/commands/vault.go:185.20,188.7 2 0
github.com/al-Zamakhshari/maknoon/cmd/maknoon/commands/vault.go:189.6,189.16 1 0
github.com/al-Zamakhshari/maknoon/cmd/maknoon/commands/vault.go:191.5,198.49 6 0
github.com/al-Zamakhshari/maknoon/cmd/maknoon/commands/vault.go:198.49,202.32 4 0
github.com/al-Zamakhshari/maknoon/cmd/maknoon/commands/vault.go:202.32,206.7 3 0
github.com/al-Zamakhshari/maknoon/cmd/maknoon/commands/vault.go:207.6,207.16 1 0
github.com/al-Zamakhshari/maknoon/cmd/maknoon/commands/vault.go:209.5,209.19 1 0
github.com/al-Zamakhshari/maknoon/cmd/maknoon/commands/vault.go:209.19,210.20 1 0
github.com/al-Zamakhshari/maknoon/cmd/maknoon/commands/vault.go:210.20,213.7 2 0
github.com/al-Zamakhshari/maknoon/cmd/maknoon/commands/vault.go:214.6,214.16 1 0
github.com/al-Zamakhshari/maknoon/cmd/maknoon/commands/vault.go:217.5,217.19 1 0
github.com/al-Zamakhshari/maknoon/cmd/maknoon/commands/vault.go:217.19,219.6 1 0
github.com/al-Zamakhshari/maknoon/cmd/maknoon/commands/vault.go:219.11,221.6 1 0
github.com/al-Zamakhshari/maknoon/cmd/maknoon/commands/vault.go:222.10,223.19 1 0
github.com/al-Zamakhshari/maknoon/cmd/maknoon/commands/vault.go:223.19,230.32 3 0
github.com/al-Zamakhshari/maknoon/cmd/maknoon/commands/vault.go:230.32,237.7 2 0
github.com/al-Zamakhshari/maknoon/cmd/maknoon/commands/vault.go:238.6,238.21 1 0
github.com/al-Zamakhshari/maknoon/cmd/maknoon/commands/vault.go:239.11,241.32 2 0
github.com/al-Zamakhshari/maknoon/cmd/maknoon/commands/vault.go:241.32,244.7 2 0
github.com/al-Zamakhshari/maknoon/cmd/maknoon/commands/vault.go:248.4,248.14 1 0
github.com/al-Zamakhshari/maknoon/cmd/maknoon/commands/vault.go:251.2,252.12 2 0
github.com/al-Zamakhshari/maknoon/cmd/maknoon/commands/vault.go:255.40,256.52 1 0
github.com/al-Zamakhshari/maknoon/cmd/maknoon/commands/vault.go:256.52,258.17 2 0
github.com/al-Zamakhshari/maknoon/cmd/maknoon/commands/vault.go:258.17,261.4 2 0
github.com/al-Zamakhshari/maknoon/cmd/maknoon/commands/vault.go:265.52,267.16 2 0
github.com/al-Zamakhshari/maknoon/cmd/maknoon/commands/vault.go:267.16,269.3 1 0
github.com/al-Zamakhshari/maknoon/cmd/maknoon/commands/vault.go:270.2,272.54 2 0
github.com/al-Zamakhshari/maknoon/cmd/maknoon/commands/vault.go:272.54,273.44 1 0
github.com/al-Zamakhshari/maknoon/cmd/maknoon/commands/vault.go:273.44,275.4 1 0
github.com/al-Zamakhshari/maknoon/cmd/maknoon/commands/vault.go:276.3,276.19 1 0
github.com/al-Zamakhshari/maknoon/cmd/maknoon/commands/vault.go:278.2,278.51 1 0
github.com/al-Zamakhshari/maknoon/cmd/maknoon/commands/vault.go:281.45,283.51 2 0
github.com/al-Zamakhshari/maknoon/cmd/maknoon/commands/vault.go:283.51,285.3 1 0
github.com/al-Zamakhshari/maknoon/cmd/maknoon/commands/vault.go:287.2,288.16 2 0
github.com/al-Zamakhshari/maknoon/cmd/maknoon/commands/vault.go:288.16,290.3 1 0
github.com/al-Zamakhshari/maknoon/cmd/maknoon/commands/vault.go:292.2,293.16 2 0
github.com/al-Zamakhshari/maknoon/cmd/maknoon/commands/vault.go:293.16,295.3 1 0
github.com/al-Zamakhshari/maknoon/cmd/maknoon/commands/vault.go:297.2,301.43 4 0
github.com/al-Zamakhshari/maknoon/cmd/maknoon/commands/vault.go:301.43,303.17 2 0
github.com/al-Zamakhshari/maknoon/cmd/maknoon/commands/vault.go:303.17,305.4 1 0
github.com/al-Zamakhshari/maknoon/cmd/maknoon/commands/vault.go:306.3,306.76 1 0
github.com/al-Zamakhshari/maknoon/cmd/maknoon/commands/vault.go:306.76,308.4 1 0
github.com/al-Zamakhshari/maknoon/cmd/maknoon/commands/vault.go:309.3,310.18 2 0
github.com/al-Zamakhshari/maknoon/cmd/maknoon/commands/vault.go:310.18,312.45 2 0
github.com/al-Zamakhshari/maknoon/cmd/maknoon/commands/vault.go:312.45,314.5 1 0
github.com/al-Zamakhshari/maknoon/cmd/maknoon/commands/vault.go:315.4,315.55 1 0
github.com/al-Zamakhshari/maknoon/cmd/maknoon/commands/vault.go:315.55,317.5 1 0
github.com/al-Zamakhshari/maknoon/cmd/maknoon/commands/vault.go:319.3,321.34 2 0
github.com/al-Zamakhshari/maknoon/cmd/maknoon/commands/vault.go:321.34,323.18 2 0
github.com/al-Zamakhshari/maknoon/cmd/maknoon/commands/vault.go:323.18,325.5 1 0
github.com/al-Zamakhshari/maknoon/cmd/maknoon/commands/vault.go:326.4,327.18 2 0
github.com/al-Zamakhshari/maknoon/cmd/maknoon/commands/vault.go:327.18,329.5 1 0
github.com/al-Zamakhshari/maknoon/cmd/maknoon/commands/vault.go:330.4,330.55 1 0
github.com/al-Zamakhshari/maknoon/cmd/maknoon/commands/vault.go:330.55,332.5 1 0
github.com/al-Zamakhshari/maknoon/cmd/maknoon/commands/vault.go:333.4,334.24 2 0
github.com/al-Zamakhshari/maknoon/cmd/maknoon/commands/vault.go:336.3,336.13 1 0
github.com/al-Zamakhshari/maknoon/cmd/maknoon/commands/vault.go:338.2,338.16 1 0
github.com/al-Zamakhshari/maknoon/cmd/maknoon/commands/vault.go:338.16,341.3 2 0
github.com/al-Zamakhshari/maknoon/cmd/maknoon/commands/vault.go:343.2,344.26 2 0
github.com/al-Zamakhshari/maknoon/cmd/maknoon/commands/vault.go:344.26,346.3 1 0
github.com/al-Zamakhshari/maknoon/cmd/maknoon/commands/vault.go:346.8,346.28 1 0
github.com/al-Zamakhshari/maknoon/cmd/maknoon/commands/vault.go:346.28,348.57 2 0
github.com/al-Zamakhshari/maknoon/cmd/maknoon/commands/vault.go:348.57,351.4 2 0
github.com/al-Zamakhshari/maknoon/cmd/maknoon/commands/vault.go:352.3,353.17 2 0
github.com/al-Zamakhshari/maknoon/cmd/maknoon/commands/vault.go:353.17,356.4 2 0
github.com/al-Zamakhshari/maknoon/cmd/maknoon/commands/vault.go:357.3,357.22 1 0
github.com/al-Zamakhshari/maknoon/cmd/maknoon/commands/vault.go:358.8,358.34 1 0
github.com/al-Zamakhshari/maknoon/cmd/maknoon/commands/vault.go:358.34,360.3 1 0
github.com/al-Zamakhshari/maknoon/cmd/maknoon/commands/vault.go:360.8,360.62 1 0
github.com/al-Zamakhshari/maknoon/cmd/maknoon/commands/vault.go:360.62,362.3 1 0
github.com/al-Zamakhshari/maknoon/cmd/maknoon/commands/vault.go:362.8,362.23 1 0
github.com/al-Zamakhshari/maknoon/cmd/maknoon/commands/vault.go:362.23,365.3 2 0
github.com/al-Zamakhshari/maknoon/cmd/maknoon/commands/vault.go:365.8,369.17 4 0
github.com/al-Zamakhshari/maknoon/cmd/maknoon/commands/vault.go:369.17,372.4 2 0
github.com/al-Zamakhshari/maknoon/cmd/maknoon/commands/vault.go:373.3,373.17 1 0
github.com/al-Zamakhshari/maknoon/cmd/maknoon/commands/vault.go:376.2,379.27 3 0
github.com/al-Zamakhshari/maknoon/cmd/maknoon/commands/vault.go:382.35,388.55 2 0
github.com/al-Zamakhshari/maknoon/cmd/maknoon/commands/vault.go:388.55,394.55 5 0
github.com/al-Zamakhshari/maknoon/cmd/maknoon/commands/vault.go:394.55,396.5 1 0
github.com/al-Zamakhshari/maknoon/cmd/maknoon/commands/vault.go:396.10,396.25 1 0
github.com/al-Zamakhshari/maknoon/cmd/maknoon/commands/vault.go:396.25,400.5 3 0
github.com/al-Zamakhshari/maknoon/cmd/maknoon/commands/vault.go:400.10,404.19 4 0
github.com/al-Zamakhshari/maknoon/cmd/maknoon/commands/vault.go:404.19,406.6 1 0
github.com/al-Zamakhshari/maknoon/cmd/maknoon/commands/vault.go:408.4,411.18 3 0
github.com/al-Zamakhshari/maknoon/cmd/maknoon/commands/vault.go:411.18,412.19 1 0
github.com/al-Zamakhshari/maknoon/cmd/maknoon/commands/vault.go:412.19,415.6 2 0
github.com/al-Zamakhshari/maknoon/cmd/maknoon/commands/vault.go:416.5,416.15 1 0
github.com/al-Zamakhshari/maknoon/cmd/maknoon/commands/vault.go:418.4,418.17 1 0
github.com/al-Zamakhshari/maknoon/cmd/maknoon/commands/vault.go:418.17,418.35 1 0
github.com/al-Zamakhshari/maknoon/cmd/maknoon/commands/vault.go:419.4,423.18 4 0
github.com/al-Zamakhshari/maknoon/cmd/maknoon/commands/vault.go:423.18,424.19 1 0
github.com/al-Zamakhshari/maknoon/cmd/maknoon/commands/vault.go:424.19,427.6 2 0
github.com/al-Zamakhshari/maknoon/cmd/maknoon/commands/vault.go:428.5,428.15 1 0
github.com/al-Zamakhshari/maknoon/cmd/maknoon/commands/vault.go:431.4,432.45 2 0
github.com/al-Zamakhshari/maknoon/cmd/maknoon/commands/vault.go:432.45,434.5 1 0
github.com/al-Zamakhshari/maknoon/cmd/maknoon/commands/vault.go:435.4,435.18 1 0
github.com/al-Zamakhshari/maknoon/cmd/maknoon/commands/vault.go:435.18,436.19 1 0
github.com/al-Zamakhshari/maknoon/cmd/maknoon/commands/vault.go:436.19,439.6 2 0
github.com/al-Zamakhshari/maknoon/cmd/maknoon/commands/vault.go:440.5,440.15 1 0
github.com/al-Zamakhshari/maknoon/cmd/maknoon/commands/vault.go:443.4,443.18 1 0
github.com/al-Zamakhshari/maknoon/cmd/maknoon/commands/vault.go:443.18,445.5 1 0
github.com/al-Zamakhshari/maknoon/cmd/maknoon/commands/vault.go:446.4,446.14 1 0
github.com/al-Zamakhshari/maknoon/cmd/maknoon/commands/vault.go:449.2,451.12 3 0
github.com/al-Zamakhshari/maknoon/cmd/maknoon/commands/vault.go:454.35,459.55 1 0
github.com/al-Zamakhshari/maknoon/cmd/maknoon/commands/vault.go:459.55,463.18 4 0
github.com/al-Zamakhshari/maknoon/cmd/maknoon/commands/vault.go:463.18,464.19 1 0
github.com/al-Zamakhshari/maknoon/cmd/maknoon/commands/vault.go:464.19,467.6 2 0
github.com/al-Zamakhshari/maknoon/cmd/maknoon/commands/vault.go:468.5,468.15 1 0
github.com/al-Zamakhshari/maknoon/cmd/maknoon/commands/vault.go:470.4,470.17 1 0
github.com/al-Zamakhshari/maknoon/cmd/maknoon/commands/vault.go:470.17,470.35 1 0
github.com/al-Zamakhshari/maknoon/cmd/maknoon/commands/vault.go:471.4,475.43 4 0
github.com/al-Zamakhshari/maknoon/cmd/maknoon/commands/vault.go:475.43,477.17 2 0
github.com/al-Zamakhshari/maknoon/cmd/maknoon/commands/vault.go:477.17,479.6 1 0
github.com/al-Zamakhshari/maknoon/cmd/maknoon/commands/vault.go:480.5,481.15 2 0
github.com/al-Zamakhshari/maknoon/cmd/maknoon/commands/vault.go:483.4,483.18 1 0
github.com/al-Zamakhshari/maknoon/cmd/maknoon/commands/vault.go:483.18,484.19 1 0
[...]
github.com/al-Zamakhshari/maknoon/pkg/crypto/profile.go:122.34,123.19 1 0
github.com/al-Zamakhshari/maknoon/pkg/crypto/profile.go:123.19,125.3 1 0
github.com/al-Zamakhshari/maknoon/pkg/crypto/profile_dynamic.go:40.36,40.57 1 0
github.com/al-Zamakhshari/maknoon/pkg/crypto/profile_dynamic.go:43.41,43.64 1 0
github.com/al-Zamakhshari/maknoon/pkg/crypto/profile_dynamic.go:46.42,46.65 1 0
github.com/al-Zamakhshari/maknoon/pkg/crypto/profile_dynamic.go:49.68,50.19 1 0
github.com/al-Zamakhshari/maknoon/pkg/crypto/profile_dynamic.go:51.19,52.82 1 0
github.com/al-Zamakhshari/maknoon/pkg/crypto/profile_dynamic.go:53.10,54.13 1 0
github.com/al-Zamakhshari/maknoon/pkg/crypto/profile_dynamic.go:59.67,60.22 1 0
github.com/al-Zamakhshari/maknoon/pkg/crypto/profile_dynamic.go:61.29,62.36 1 0
github.com/al-Zamakhshari/maknoon/pkg/crypto/profile_dynamic.go:63.21,65.17 2 0
github.com/al-Zamakhshari/maknoon/pkg/crypto/profile_dynamic.go:65.17,67.4 1 0
github.com/al-Zamakhshari/maknoon/pkg/crypto/profile_dynamic.go:68.3,68.30 1 0
github.com/al-Zamakhshari/maknoon/pkg/crypto/profile_dynamic.go:69.24,70.25 1 0
github.com/al-Zamakhshari/maknoon/pkg/crypto/profile_dynamic.go:71.10,72.125 1 0
github.com/al-Zamakhshari/maknoon/pkg/crypto/profile_dynamic.go:77.43,78.22 1 1
github.com/al-Zamakhshari/maknoon/pkg/crypto/profile_dynamic.go:78.22,80.3 1 0
github.com/al-Zamakhshari/maknoon/pkg/crypto/profile_dynamic.go:81.2,81.30 1 1
github.com/al-Zamakhshari/maknoon/pkg/crypto/profile_dynamic.go:81.30,83.3 1 0
github.com/al-Zamakhshari/maknoon/pkg/crypto/profile_dynamic.go:84.2,84.21 1 1
github.com/al-Zamakhshari/maknoon/pkg/crypto/profile_dynamic.go:84.21,86.3 1 1
github.com/al-Zamakhshari/maknoon/pkg/crypto/profile_dynamic.go:87.2,87.23 1 1
github.com/al-Zamakhshari/maknoon/pkg/crypto/profile_dynamic.go:87.23,89.3 1 0
github.com/al-Zamakhshari/maknoon/pkg/crypto/profile_dynamic.go:90.2,90.22 1 1
github.com/al-Zamakhshari/maknoon/pkg/crypto/profile_dynamic.go:90.22,92.3 1 0
github.com/al-Zamakhshari/maknoon/pkg/crypto/profile_dynamic.go:94.2,94.95 1 1
github.com/al-Zamakhshari/maknoon/pkg/crypto/profile_dynamic.go:94.95,96.3 1 0
github.com/al-Zamakhshari/maknoon/pkg/crypto/profile_dynamic.go:97.2,97.65 1 1
github.com/al-Zamakhshari/maknoon/pkg/crypto/profile_dynamic.go:97.65,99.3 1 0
github.com/al-Zamakhshari/maknoon/pkg/crypto/profile_dynamic.go:100.2,100.12 1 1
github.com/al-Zamakhshari/maknoon/pkg/crypto/profile_dynamic.go:104.40,114.2 9 0
github.com/al-Zamakhshari/maknoon/pkg/crypto/profile_dynamic.go:117.71,118.16 1 1
github.com/al-Zamakhshari/maknoon/pkg/crypto/profile_dynamic.go:118.16,120.3 1 0
github.com/al-Zamakhshari/maknoon/pkg/crypto/profile_dynamic.go:121.2,130.8 1 1
github.com/al-Zamakhshari/maknoon/pkg/crypto/profile_dynamic.go:134.53,141.67 4 0
github.com/al-Zamakhshari/maknoon/pkg/crypto/profile_dynamic.go:141.67,143.3 1 0
github.com/al-Zamakhshari/maknoon/pkg/crypto/profile_dynamic.go:146.2,168.3 9 0
github.com/al-Zamakhshari/maknoon/pkg/crypto/profile_v1.go:16.13,22.2 1 1
github.com/al-Zamakhshari/maknoon/pkg/crypto/profile_v1.go:32.31,32.43 1 1
github.com/al-Zamakhshari/maknoon/pkg/crypto/profile_v1.go:35.36,35.49 1 1
github.com/al-Zamakhshari/maknoon/pkg/crypto/profile_v1.go:38.37,38.50 1 1
github.com/al-Zamakhshari/maknoon/pkg/crypto/profile_v1.go:41.63,43.2 1 1
github.com/al-Zamakhshari/maknoon/pkg/crypto/profile_v1.go:46.62,48.2 1 1
github.com/al-Zamakhshari/maknoon/pkg/crypto/profile_v1.go:51.38,51.75 1 0
github.com/al-Zamakhshari/maknoon/pkg/crypto/profile_v1.go:54.86,56.2 1 1
github.com/al-Zamakhshari/maknoon/pkg/crypto/profile_v1.go:59.116,61.2 1 1
github.com/al-Zamakhshari/maknoon/pkg/crypto/profile_v1.go:64.120,66.2 1 1
github.com/al-Zamakhshari/maknoon/pkg/crypto/profile_v1.go:69.38,69.60 1 0
github.com/al-Zamakhshari/maknoon/pkg/crypto/profile_v1.go:72.35,72.67 1 1
github.com/al-Zamakhshari/maknoon/pkg/crypto/profile_v1.go:75.72,77.16 2 1
github.com/al-Zamakhshari/maknoon/pkg/crypto/profile_v1.go:77.16,79.3 1 0
github.com/al-Zamakhshari/maknoon/pkg/crypto/profile_v1.go:80.2,82.23 3 1
github.com/al-Zamakhshari/maknoon/pkg/crypto/profile_v1.go:86.69,88.57 2 1
github.com/al-Zamakhshari/maknoon/pkg/crypto/profile_v1.go:88.57,90.3 1 0
github.com/al-Zamakhshari/maknoon/pkg/crypto/profile_v1.go:92.2,93.65 2 1
github.com/al-Zamakhshari/maknoon/pkg/crypto/profile_v1.go:93.65,95.3 1 0
github.com/al-Zamakhshari/maknoon/pkg/crypto/profile_v1.go:96.2,96.17 1 1
github.com/al-Zamakhshari/maknoon/pkg/crypto/profile_v1.go:100.64,102.56 2 1
github.com/al-Zamakhshari/maknoon/pkg/crypto/profile_v1.go:102.56,104.3 1 0
github.com/al-Zamakhshari/maknoon/pkg/crypto/profile_v1.go:105.2,105.43 1 1
github.com/al-Zamakhshari/maknoon/pkg/crypto/profile_v2.go:10.13,18.2 1 1
github.com/al-Zamakhshari/maknoon/pkg/crypto/profile_v2.go:27.31,27.43 1 1
github.com/al-Zamakhshari/maknoon/pkg/crypto/profile_v2.go:30.36,30.49 1 1
github.com/al-Zamakhshari/maknoon/pkg/crypto/profile_v2.go:33.37,33.50 1 0
github.com/al-Zamakhshari/maknoon/pkg/crypto/profile_v2.go:36.63,38.2 1 1
github.com/al-Zamakhshari/maknoon/pkg/crypto/profile_v2.go:41.62,43.16 2 1
github.com/al-Zamakhshari/maknoon/pkg/crypto/profile_v2.go:43.16,45.3 1 0
github.com/al-Zamakhshari/maknoon/pkg/crypto/profile_v2.go:46.2,46.29 1 1
github.com/al-Zamakhshari/maknoon/pkg/crypto/registry.go:28.53,32.16 3 1
github.com/al-Zamakhshari/maknoon/pkg/crypto/registry.go:32.16,34.3 1 0
github.com/al-Zamakhshari/maknoon/pkg/crypto/registry.go:35.2,36.16 2 1
github.com/al-Zamakhshari/maknoon/pkg/crypto/registry.go:36.16,38.3 1 0
github.com/al-Zamakhshari/maknoon/pkg/crypto/registry.go:39.2,40.12 2 1
github.com/al-Zamakhshari/maknoon/pkg/crypto/registry.go:44.40,45.27 1 1
github.com/al-Zamakhshari/maknoon/pkg/crypto/registry.go:45.27,47.3 1 0
github.com/al-Zamakhshari/maknoon/pkg/crypto/registry.go:48.2,50.15 3 1
github.com/al-Zamakhshari/maknoon/pkg/crypto/registry.go:50.15,50.36 1 1
github.com/al-Zamakhshari/maknoon/pkg/crypto/registry.go:52.2,53.48 2 1
github.com/al-Zamakhshari/maknoon/pkg/crypto/registry.go:74.38,76.2 1 1
github.com/al-Zamakhshari/maknoon/pkg/crypto/registry.go:78.91,82.9 4 1
github.com/al-Zamakhshari/maknoon/pkg/crypto/registry.go:82.9,84.3 1 0
github.com/al-Zamakhshari/maknoon/pkg/crypto/registry.go:85.2,85.20 1 1
github.com/al-Zamakhshari/maknoon/pkg/crypto/registry.go:88.81,93.2 4 1
github.com/al-Zamakhshari/maknoon/pkg/crypto/registry.go:95.81,100.2 4 0
github.com/al-Zamakhshari/maknoon/pkg/crypto/registry.go:110.47,115.62 3 1
github.com/al-Zamakhshari/maknoon/pkg/crypto/registry.go:115.62,117.3 1 0
github.com/al-Zamakhshari/maknoon/pkg/crypto/registry.go:119.2,120.16 2 1
github.com/al-Zamakhshari/maknoon/pkg/crypto/registry.go:120.16,122.3 1 0
github.com/al-Zamakhshari/maknoon/pkg/crypto/registry.go:124.2,124.43 1 1
github.com/al-Zamakhshari/maknoon/pkg/crypto/registry.go:124.43,127.3 2 1
github.com/al-Zamakhshari/maknoon/pkg/crypto/registry.go:128.2,128.16 1 1
github.com/al-Zamakhshari/maknoon/pkg/crypto/registry.go:128.16,131.3 2 0
github.com/al-Zamakhshari/maknoon/pkg/crypto/registry.go:133.2,133.47 1 1
github.com/al-Zamakhshari/maknoon/pkg/crypto/registry.go:136.38,138.2 1 1
github.com/al-Zamakhshari/maknoon/pkg/crypto/registry.go:140.91,142.44 2 1
github.com/al-Zamakhshari/maknoon/pkg/crypto/registry.go:142.44,145.15 3 1
github.com/al-Zamakhshari/maknoon/pkg/crypto/registry.go:145.15,147.4 1 0
github.com/al-Zamakhshari/maknoon/pkg/crypto/registry.go:148.3,148.36 1 1
github.com/al-Zamakhshari/maknoon/pkg/crypto/registry.go:150.2,150.16 1 1
github.com/al-Zamakhshari/maknoon/pkg/crypto/registry.go:150.16,152.3 1 0
github.com/al-Zamakhshari/maknoon/pkg/crypto/registry.go:153.2,153.20 1 1
github.com/al-Zamakhshari/maknoon/pkg/crypto/registry.go:153.20,155.3 1 1
github.com/al-Zamakhshari/maknoon/pkg/crypto/registry.go:158.2,158.22 1 1
github.com/al-Zamakhshari/maknoon/pkg/crypto/registry.go:158.22,160.3 1 0
github.com/al-Zamakhshari/maknoon/pkg/crypto/registry.go:162.2,162.21 1 1
github.com/al-Zamakhshari/maknoon/pkg/crypto/registry.go:165.81,166.22 1 1
github.com/al-Zamakhshari/maknoon/pkg/crypto/registry.go:166.22,168.3 1 0
github.com/al-Zamakhshari/maknoon/pkg/crypto/registry.go:170.2,170.46 1 1
github.com/al-Zamakhshari/maknoon/pkg/crypto/registry.go:170.46,174.3 3 1
github.com/al-Zamakhshari/maknoon/pkg/crypto/registry.go:177.85,178.46 1 1
github.com/al-Zamakhshari/maknoon/pkg/crypto/registry.go:178.46,181.15 3 1
github.com/al-Zamakhshari/maknoon/pkg/crypto/registry.go:181.15,183.4 1 0
github.com/al-Zamakhshari/maknoon/pkg/crypto/registry.go:184.3,185.52 2 1
github.com/al-Zamakhshari/maknoon/pkg/crypto/registry.go:185.52,187.4 1 0
github.com/al-Zamakhshari/maknoon/pkg/crypto/registry.go:191.3,192.79 2 1
github.com/al-Zamakhshari/maknoon/pkg/crypto/registry.go:192.79,194.4 1 0
github.com/al-Zamakhshari/maknoon/pkg/crypto/registry.go:196.3,198.54 3 1
github.com/al-Zamakhshari/maknoon/pkg/crypto/registry.go:205.13,208.16 2 1
github.com/al-Zamakhshari/maknoon/pkg/crypto/registry.go:208.16,211.3 2 1
github.com/al-Zamakhshari/maknoon/pkg/crypto/registry.go:214.2,214.36 1 0
github.com/al-Zamakhshari/maknoon/pkg/crypto/sequencer.go:14.133,17.6 3 1
github.com/al-Zamakhshari/maknoon/pkg/crypto/sequencer.go:17.6,18.10 1 1
github.com/al-Zamakhshari/maknoon/pkg/crypto/sequencer.go:19.25,20.14 1 1
github.com/al-Zamakhshari/maknoon/pkg/crypto/sequencer.go:21.29,22.11 1 1
github.com/al-Zamakhshari/maknoon/pkg/crypto/sequencer.go:22.11,23.25 1 1
github.com/al-Zamakhshari/maknoon/pkg/crypto/sequencer.go:23.25,25.6 1 0
github.com/al-Zamakhshari/maknoon/pkg/crypto/sequencer.go:26.5,26.15 1 1
github.com/al-Zamakhshari/maknoon/pkg/crypto/sequencer.go:28.4,28.22 1 1
github.com/al-Zamakhshari/maknoon/pkg/crypto/sequencer.go:28.22,30.5 1 1
github.com/al-Zamakhshari/maknoon/pkg/crypto/sequencer.go:32.4,34.8 2 1
github.com/al-Zamakhshari/maknoon/pkg/crypto/sequencer.go:34.8,36.16 2 1
github.com/al-Zamakhshari/maknoon/pkg/crypto/sequencer.go:36.16,37.11 1 1
github.com/al-Zamakhshari/maknoon/pkg/crypto/sequencer.go:40.5,40.46 1 1
github.com/al-Zamakhshari/maknoon/pkg/crypto/sequencer.go:40.46,42.6 1 0
github.com/al-Zamakhshari/maknoon/pkg/crypto/sequencer.go:44.5,45.16 2 1
github.com/al-Zamakhshari/maknoon/pkg/crypto/shares.go:32.13,34.27 2 1
github.com/al-Zamakhshari/maknoon/pkg/crypto/shares.go:34.27,39.3 4 1
github.com/al-Zamakhshari/maknoon/pkg/crypto/shares.go:42.32,44.25 2 1
github.com/al-Zamakhshari/maknoon/pkg/crypto/shares.go:44.25,45.15 1 1
github.com/al-Zamakhshari/maknoon/pkg/crypto/shares.go:45.15,47.4 1 1
github.com/al-Zamakhshari/maknoon/pkg/crypto/shares.go:48.3,50.15 3 1
github.com/al-Zamakhshari/maknoon/pkg/crypto/shares.go:50.15,52.4 1 1
github.com/al-Zamakhshari/maknoon/pkg/crypto/shares.go:53.3,53.10 1 1
github.com/al-Zamakhshari/maknoon/pkg/crypto/shares.go:55.2,55.10 1 1
github.com/al-Zamakhshari/maknoon/pkg/crypto/shares.go:58.28,60.2 1 1
github.com/al-Zamakhshari/maknoon/pkg/crypto/shares.go:62.28,63.22 1 1
github.com/al-Zamakhshari/maknoon/pkg/crypto/shares.go:63.22,65.3 1 1
github.com/al-Zamakhshari/maknoon/pkg/crypto/shares.go:66.2,66.49 1 1
github.com/al-Zamakhshari/maknoon/pkg/crypto/shares.go:69.28,70.12 1 1
github.com/al-Zamakhshari/maknoon/pkg/crypto/shares.go:70.12,71.28 1 0
github.com/al-Zamakhshari/maknoon/pkg/crypto/shares.go:73.2,73.12 1 1
github.com/al-Zamakhshari/maknoon/pkg/crypto/shares.go:73.12,75.3 1 0
github.com/al-Zamakhshari/maknoon/pkg/crypto/shares.go:76.2,76.53 1 1
github.com/al-Zamakhshari/maknoon/pkg/crypto/shares.go:80.60,81.31 1 1
github.com/al-Zamakhshari/maknoon/pkg/crypto/shares.go:81.31,83.3 1 0
github.com/al-Zamakhshari/maknoon/pkg/crypto/shares.go:85.2,86.24 2 1
github.com/al-Zamakhshari/maknoon/pkg/crypto/shares.go:86.24,93.3 1 1
github.com/al-Zamakhshari/maknoon/pkg/crypto/shares.go:96.2,96.27 1 1
github.com/al-Zamakhshari/maknoon/pkg/crypto/shares.go:96.27,99.26 3 1
github.com/al-Zamakhshari/maknoon/pkg/crypto/shares.go:99.26,102.4 2 1
github.com/al-Zamakhshari/maknoon/pkg/crypto/shares.go:105.3,105.27 1 1
github.com/al-Zamakhshari/maknoon/pkg/crypto/shares.go:105.27,109.27 4 1
github.com/al-Zamakhshari/maknoon/pkg/crypto/shares.go:109.27,112.5 2 1
github.com/al-Zamakhshari/maknoon/pkg/crypto/shares.go:113.4,113.29 1 1
github.com/al-Zamakhshari/maknoon/pkg/crypto/shares.go:118.2,118.24 1 1
github.com/al-Zamakhshari/maknoon/pkg/crypto/shares.go:118.24,124.3 5 1
github.com/al-Zamakhshari/maknoon/pkg/crypto/shares.go:126.2,126.20 1 1
github.com/al-Zamakhshari/maknoon/pkg/crypto/shares.go:130.52,131.22 1 1
github.com/al-Zamakhshari/maknoon/pkg/crypto/shares.go:131.22,133.3 1 0
github.com/al-Zamakhshari/maknoon/pkg/crypto/shares.go:135.2,136.21 2 1
github.com/al-Zamakhshari/maknoon/pkg/crypto/shares.go:136.21,138.3 1 1
github.com/al-Zamakhshari/maknoon/pkg/crypto/shares.go:141.2,142.27 2 1
github.com/al-Zamakhshari/maknoon/pkg/crypto/shares.go:142.27,143.32 1 1
github.com/al-Zamakhshari/maknoon/pkg/crypto/shares.go:143.32,145.4 1 0
github.com/al-Zamakhshari/maknoon/pkg/crypto/shares.go:146.3,146.28 1 1
github.com/al-Zamakhshari/maknoon/pkg/crypto/shares.go:146.28,148.4 1 0
github.com/al-Zamakhshari/maknoon/pkg/crypto/shares.go:149.3,149.31 1 1
github.com/al-Zamakhshari/maknoon/pkg/crypto/shares.go:149.31,151.4 1 0
github.com/al-Zamakhshari/maknoon/pkg/crypto/shares.go:152.3,156.50 5 1
github.com/al-Zamakhshari/maknoon/pkg/crypto/shares.go:156.50,158.4 1 0
github.com/al-Zamakhshari/maknoon/pkg/crypto/shares.go:161.2,162.33 2 1
github.com/al-Zamakhshari/maknoon/pkg/crypto/shares.go:162.33,165.36 2 1
github.com/al-Zamakhshari/maknoon/pkg/crypto/shares.go:165.36,168.37 2 1
github.com/al-Zamakhshari/maknoon/pkg/crypto/shares.go:168.37,169.15 1 1
github.com/al-Zamakhshari/maknoon/pkg/crypto/shares.go:169.15,170.14 1 1
github.com/al-Zamakhshari/maknoon/pkg/crypto/shares.go:174.5,176.42 3 1
github.com/al-Zamakhshari/maknoon/pkg/crypto/shares.go:178.4,178.53 1 1
github.com/al-Zamakhshari/maknoon/pkg/crypto/shares.go:180.3,180.18 1 1
github.com/al-Zamakhshari/maknoon/pkg/crypto/shares.go:183.2,183.20 1 1
github.com/al-Zamakhshari/maknoon/pkg/crypto/shares.go:186.35,187.22 1 1
github.com/al-Zamakhshari/maknoon/pkg/crypto/shares.go:187.22,189.3 1 0
github.com/al-Zamakhshari/maknoon/pkg/crypto/shares.go:190.2,190.19 1 1
github.com/al-Zamakhshari/maknoon/pkg/crypto/shares.go:190.19,191.19 1 1
github.com/al-Zamakhshari/maknoon/pkg/crypto/shares.go:191.19,193.4 1 0
github.com/al-Zamakhshari/maknoon/pkg/crypto/shares.go:195.2,195.13 1 1
github.com/al-Zamakhshari/maknoon/pkg/crypto/shares.go:199.33,205.2 5 1
github.com/al-Zamakhshari/maknoon/pkg/crypto/shares.go:208.47,209.32 1 1
github.com/al-Zamakhshari/maknoon/pkg/crypto/shares.go:209.32,211.3 1 0
github.com/al-Zamakhshari/maknoon/pkg/crypto/shares.go:212.2,222.15 7 1
github.com/al-Zamakhshari/maknoon/pkg/crypto/shares.go:226.37,229.28 3 1
github.com/al-Zamakhshari/maknoon/pkg/crypto/shares.go:229.28,231.3 1 1
github.com/al-Zamakhshari/maknoon/pkg/crypto/shares.go:232.2,232.33 1 1
github.com/al-Zamakhshari/maknoon/pkg/crypto/shares.go:236.52,238.33 2 1
github.com/al-Zamakhshari/maknoon/pkg/crypto/shares.go:238.33,240.3 1 0
github.com/al-Zamakhshari/maknoon/pkg/crypto/shares.go:242.2,243.29 2 1
github.com/al-Zamakhshari/maknoon/pkg/crypto/shares.go:243.29,245.3 1 1
github.com/al-Zamakhshari/maknoon/pkg/crypto/shares.go:247.2,248.26 2 1
github.com/al-Zamakhshari/maknoon/pkg/crypto/shares.go:248.26,250.10 2 1
github.com/al-Zamakhshari/maknoon/pkg/crypto/shares.go:250.10,252.4 1 0
github.com/al-Zamakhshari/maknoon/pkg/crypto/shares.go:253.3,253.14 1 1
github.com/al-Zamakhshari/maknoon/pkg/crypto/shares.go:256.2,256.26 1 1
github.com/al-Zamakhshari/maknoon/pkg/crypto/vault.go:10.51,12.2 1 1
github.com/al-Zamakhshari/maknoon/pkg/crypto/vault.go:23.69,25.16 2 1
github.com/al-Zamakhshari/maknoon/pkg/crypto/vault.go:25.16,27.3 1 0
github.com/al-Zamakhshari/maknoon/pkg/crypto/vault.go:29.2,31.16 3 1
github.com/al-Zamakhshari/maknoon/pkg/crypto/vault.go:31.16,33.3 1 0
github.com/al-Zamakhshari/maknoon/pkg/crypto/vault.go:35.2,41.44 5 1
github.com/al-Zamakhshari/maknoon/pkg/crypto/vault.go:41.44,43.3 1 0
github.com/al-Zamakhshari/maknoon/pkg/crypto/vault.go:45.2,48.20 3 1
github.com/al-Zamakhshari/maknoon/pkg/crypto/vault.go:52.68,53.19 1 1
github.com/al-Zamakhshari/maknoon/pkg/crypto/vault.go:53.19,55.3 1 0
github.com/al-Zamakhshari/maknoon/pkg/crypto/vault.go:57.2,58.16 2 1
github.com/al-Zamakhshari/maknoon/pkg/crypto/vault.go:58.16,60.3 1 0
github.com/al-Zamakhshari/maknoon/pkg/crypto/vault.go:62.2,63.16 2 1
github.com/al-Zamakhshari/maknoon/pkg/crypto/vault.go:63.16,65.3 1 0
github.com/al-Zamakhshari/maknoon/pkg/crypto/vault.go:67.2,68.29 2 1
github.com/al-Zamakhshari/maknoon/pkg/crypto/vault.go:68.29,70.3 1 0
github.com/al-Zamakhshari/maknoon/pkg/crypto/vault.go:72.2,76.16 4 1
github.com/al-Zamakhshari/maknoon/pkg/crypto/vault.go:76.16,78.3 1 1
github.com/al-Zamakhshari/maknoon/pkg/crypto/vault.go:80.2,81.58 2 1
github.com/al-Zamakhshari/maknoon/pkg/crypto/vault.go:81.58,83.3 1 0
github.com/al-Zamakhshari/maknoon/pkg/crypto/vault.go:86.2,86.15 1 1
github.com/al-Zamakhshari/maknoon/pkg/crypto/vault.go:86.15,87.28 1 1
github.com/al-Zamakhshari/maknoon/pkg/crypto/vault.go:87.28,89.4 1 1
github.com/al-Zamakhshari/maknoon/pkg/crypto/vault.go:92.2,92.20 1 1
github.com/al-Zamakhshari/maknoon/pkg/crypto/words.go:17.70,18.16 1 0
github.com/al-Zamakhshari/maknoon/pkg/crypto/words.go:18.16,20.3 1 0
github.com/al-Zamakhshari/maknoon/pkg/crypto/words.go:21.2,22.29 2 0
github.com/al-Zamakhshari/maknoon/pkg/crypto/words.go:22.29,24.17 2 0
github.com/al-Zamakhshari/maknoon/pkg/crypto/words.go:24.17,26.4 1 0
github.com/al-Zamakhshari/maknoon/pkg/crypto/words.go:27.3,27.57 1 0
github.com/al-Zamakhshari/maknoon/pkg/crypto/words.go:30.2,33.28 2 0
github.com/al-Zamakhshari/maknoon/pkg/crypto/words.go:33.28,35.3 1 0
github.com/al-Zamakhshari/maknoon/pkg/crypto/words.go:36.2,36.20 1 0
github.com/al-Zamakhshari/maknoon/pkg/maknooncrypto/maknooncrypto.go:24.26,26.2 1 1
github.com/al-Zamakhshari/maknoon/pkg/maknooncrypto/maknooncrypto.go:29.62,33.16 3 1
github.com/al-Zamakhshari/maknoon/pkg/maknooncrypto/maknooncrypto.go:33.16,35.3 1 0
github.com/al-Zamakhshari/maknoon/pkg/maknooncrypto/maknooncrypto.go:37.2,37.36 1 1
github.com/al-Zamakhshari/maknoon/pkg/maknooncrypto/maknooncrypto.go:41.141,43.16 2 1
github.com/al-Zamakhshari/maknoon/pkg/maknooncrypto/maknooncrypto.go:43.16,45.3 1 0
github.com/al-Zamakhshari/maknoon/pkg/maknooncrypto/maknooncrypto.go:46.2,48.30 2 1
github.com/al-Zamakhshari/maknoon/pkg/maknooncrypto/maknooncrypto.go:48.30,50.3 1 0
github.com/al-Zamakhshari/maknoon/pkg/maknooncrypto/maknooncrypto.go:52.2,56.16 3 1
github.com/al-Zamakhshari/maknoon/pkg/maknooncrypto/maknooncrypto.go:56.16,58.3 1 0
github.com/al-Zamakhshari/maknoon/pkg/maknooncrypto/maknooncrypto.go:61.2,62.16 2 1
github.com/al-Zamakhshari/maknoon/pkg/maknooncrypto/maknooncrypto.go:62.16,64.3 1 0
github.com/al-Zamakhshari/maknoon/pkg/maknooncrypto/maknooncrypto.go:66.2,74.31 7 1
github.com/al-Zamakhshari/maknoon/pkg/maknooncrypto/maknooncrypto.go:74.31,76.3 1 1
github.com/al-Zamakhshari/maknoon/pkg/maknooncrypto/maknooncrypto.go:79.2,83.20 4 1
github.com/al-Zamakhshari/maknoon/pkg/maknooncrypto/maknooncrypto.go:87.136,91.39 2 1
github.com/al-Zamakhshari/maknoon/pkg/maknooncrypto/maknooncrypto.go:91.39,93.3 1 0
github.com/al-Zamakhshari/maknoon/pkg/maknooncrypto/maknooncrypto.go:95.2,101.16 5 1
github.com/al-Zamakhshari/maknoon/pkg/maknooncrypto/maknooncrypto.go:101.16,103.3 1 0
github.com/al-Zamakhshari/maknoon/pkg/maknooncrypto/maknooncrypto.go:105.2,106.16 2 1
github.com/al-Zamakhshari/maknoon/pkg/maknooncrypto/maknooncrypto.go:106.16,108.3 1 0
github.com/al-Zamakhshari/maknoon/pkg/maknooncrypto/maknooncrypto.go:110.2,120.31 8 1
github.com/al-Zamakhshari/maknoon/pkg/maknooncrypto/maknooncrypto.go:120.31,122.3 1 1
github.com/al-Zamakhshari/maknoon/pkg/maknooncrypto/maknooncrypto.go:124.2,124.27 1 1
